-------------------------------------------------------------------------------
Test set: edu.coursera.parallel.ReciprocalArraySumTest
-------------------------------------------------------------------------------
Tests run: 4, Failures: 0, Errors: 4, Skipped: 0, Time elapsed: 5.418 sec <<< FAILURE! - in edu.coursera.parallel.ReciprocalArraySumTest
testParSimpleOneMillion(edu.coursera.parallel.ReciprocalArraySumTest)  Time elapsed: 0.147 sec  <<< ERROR!
java.lang.NoClassDefFoundError: Could not initialize class java.util.concurrent.locks.AbstractQueuedSynchronizer$Node
	at java.util.concurrent.locks.AbstractQueuedSynchronizer.acquire(AbstractQueuedSynchronizer.java:1198)
	at java.util.concurrent.locks.ReentrantLock$NonfairSync.lock(ReentrantLock.java:209)
	at java.util.concurrent.locks.ReentrantLock.lock(ReentrantLock.java:285)
	at java.util.concurrent.ForkJoinTask.recordExceptionalCompletion(ForkJoinTask.java:464)
	at java.util.concurrent.ForkJoinTask.setExceptionalCompletion(ForkJoinTask.java:491)
	at java.util.concurrent.ForkJoinTask.doExec(ForkJoinTask.java:291)
	at java.util.concurrent.ForkJoinTask.externalAwaitDone(ForkJoinTask.java:326)
	at java.util.concurrent.ForkJoinTask.doJoin(ForkJoinTask.java:391)
	at java.util.concurrent.ForkJoinTask.invokeAll(ForkJoinTask.java:761)
	at edu.coursera.parallel.ReciprocalArraySum$ReciprocalArraySumTask.compute(ReciprocalArraySum.java:141)
	at java.util.concurrent.RecursiveAction.exec(RecursiveAction.java:189)
	at java.util.concurrent.ForkJoinTask.doExec(ForkJoinTask.java:289)
	at java.util.concurrent.ForkJoinTask.externalAwaitDone(ForkJoinTask.java:326)
	at java.util.concurrent.ForkJoinTask.doJoin(ForkJoinTask.java:391)
	at java.util.concurrent.ForkJoinTask.invokeAll(ForkJoinTask.java:761)
	at edu.coursera.parallel.ReciprocalArraySum$ReciprocalArraySumTask.compute(ReciprocalArraySum.java:141)
	at java.util.concurrent.RecursiveAction.exec(RecursiveAction.java:189)
	at java.util.concurrent.ForkJoinTask.doExec(ForkJoinTask.java:289)
	at java.util.concurrent.ForkJoinTask.externalAwaitDone(ForkJoinTask.java:326)
	at java.util.concurrent.ForkJoinTask.doJoin(ForkJoinTask.java:391)
	at java.util.concurrent.ForkJoinTask.invokeAll(ForkJoinTask.java:761)
	at edu.coursera.parallel.ReciprocalArraySum$ReciprocalArraySumTask.compute(ReciprocalArraySum.java:141)
	at java.util.concurrent.RecursiveAction.exec(RecursiveAction.java:189)
	at java.util.concurrent.ForkJoinTask.doExec(ForkJoinTask.java:289)
	at java.util.concurrent.ForkJoinTask.externalAwaitDone(ForkJoinTask.java:326)
	at java.util.concurrent.ForkJoinTask.doJoin(ForkJoinTask.java:391)
	at java.util.concurrent.ForkJoinTask.invokeAll(ForkJoinTask.java:761)
	at edu.coursera.parallel.ReciprocalArraySum$ReciprocalArraySumTask.compute(ReciprocalArraySum.java:141)
	at java.util.concurrent.RecursiveAction.exec(RecursiveAction.java:189)
	at java.util.concurrent.ForkJoinTask.doExec(ForkJoinTask.java:289)
	at java.util.concurrent.ForkJoinTask.externalAwaitDone(ForkJoinTask.java:326)
	at java.util.concurrent.ForkJoinTask.doJoin(ForkJoinTask.java:391)
	at java.util.concurrent.ForkJoinTask.invokeAll(ForkJoinTask.java:761)
	at edu.coursera.parallel.ReciprocalArraySum$ReciprocalArraySumTask.compute(ReciprocalArraySum.java:141)
	at java.util.concurrent.RecursiveAction.exec(RecursiveAction.java:189)
	at java.util.concurrent.ForkJoinTask.doExec(ForkJoinTask.java:289)
	at java.util.concurrent.ForkJoinTask.externalAwaitDone(ForkJoinTask.java:326)
	at java.util.concurrent.ForkJoinTask.doJoin(ForkJoinTask.java:391)
	at java.util.concurrent.ForkJoinTask.invokeAll(ForkJoinTask.java:761)
	at edu.coursera.parallel.ReciprocalArraySum$ReciprocalArraySumTask.compute(ReciprocalArraySum.java:141)
	at java.util.concurrent.RecursiveAction.exec(RecursiveAction.java:189)
	at java.util.concurrent.ForkJoinTask.doExec(ForkJoinTask.java:289)
	at java.util.concurrent.ForkJoinTask.externalAwaitDone(ForkJoinTask.java:326)
	at java.util.concurrent.ForkJoinTask.doJoin(ForkJoinTask.java:391)
	at java.util.concurrent.ForkJoinTask.invokeAll(ForkJoinTask.java:761)
	at edu.coursera.parallel.ReciprocalArraySum$ReciprocalArraySumTask.compute(ReciprocalArraySum.java:141)
	at java.util.concurrent.RecursiveAction.exec(RecursiveAction.java:189)
	at java.util.concurrent.ForkJoinTask.doExec(ForkJoinTask.java:289)
	at java.util.concurrent.ForkJoinTask.externalAwaitDone(ForkJoinTask.java:326)
	at java.util.concurrent.ForkJoinTask.doJoin(ForkJoinTask.java:391)
	at java.util.concurrent.ForkJoinTask.invokeAll(ForkJoinTask.java:761)
	at edu.coursera.parallel.ReciprocalArraySum$ReciprocalArraySumTask.compute(ReciprocalArraySum.java:141)
	at java.util.concurrent.RecursiveAction.exec(RecursiveAction.java:189)
	at java.util.concurrent.ForkJoinTask.doExec(ForkJoinTask.java:289)
	at java.util.concurrent.ForkJoinTask.externalAwaitDone(ForkJoinTask.java:326)
	at java.util.concurrent.ForkJoinTask.doJoin(ForkJoinTask.java:391)
	at java.util.concurrent.ForkJoinTask.invokeAll(ForkJoinTask.java:761)
	at edu.coursera.parallel.ReciprocalArraySum$ReciprocalArraySumTask.compute(ReciprocalArraySum.java:141)
	at java.util.concurrent.RecursiveAction.exec(RecursiveAction.java:189)
	at java.util.concurrent.ForkJoinTask.doExec(ForkJoinTask.java:289)
	at java.util.concurrent.ForkJoinTask.doInvoke(ForkJoinTask.java:401)
	at java.util.concurrent.ForkJoinTask.invokeAll(ForkJoinTask.java:759)
	at edu.coursera.parallel.ReciprocalArraySum$ReciprocalArraySumTask.compute(ReciprocalArraySum.java:141)
	at java.util.concurrent.RecursiveAction.exec(RecursiveAction.java:189)
	at java.util.concurrent.ForkJoinTask.doExec(ForkJoinTask.java:289)
	at java.util.concurrent.ForkJoinTask.doInvoke(ForkJoinTask.java:401)
	at java.util.concurrent.ForkJoinTask.invokeAll(ForkJoinTask.java:759)
	at edu.coursera.parallel.ReciprocalArraySum$ReciprocalArraySumTask.compute(ReciprocalArraySum.java:141)
	at java.util.concurrent.RecursiveAction.exec(RecursiveAction.java:189)
	at java.util.concurrent.ForkJoinTask.doExec(ForkJoinTask.java:289)
	at java.util.concurrent.ForkJoinTask.doInvoke(ForkJoinTask.java:401)
	at java.util.concurrent.ForkJoinTask.invokeAll(ForkJoinTask.java:759)
	at edu.coursera.parallel.ReciprocalArraySum$ReciprocalArraySumTask.compute(ReciprocalArraySum.java:141)
	at java.util.concurrent.RecursiveAction.exec(RecursiveAction.java:189)
	at java.util.concurrent.ForkJoinTask.doExec(ForkJoinTask.java:289)
	at java.util.concurrent.ForkJoinTask.doInvoke(ForkJoinTask.java:401)
	at java.util.concurrent.ForkJoinTask.invokeAll(ForkJoinTask.java:759)
	at edu.coursera.parallel.ReciprocalArraySum$ReciprocalArraySumTask.compute(ReciprocalArraySum.java:141)
	at java.util.concurrent.RecursiveAction.exec(RecursiveAction.java:189)
	at java.util.concurrent.ForkJoinTask.doExec(ForkJoinTask.java:289)
	at java.util.concurrent.ForkJoinTask.doInvoke(ForkJoinTask.java:401)
	at java.util.concurrent.ForkJoinTask.invokeAll(ForkJoinTask.java:759)
	at edu.coursera.parallel.ReciprocalArraySum$ReciprocalArraySumTask.compute(ReciprocalArraySum.java:141)
	at java.util.concurrent.RecursiveAction.exec(RecursiveAction.java:189)
	at java.util.concurrent.ForkJoinTask.doExec(ForkJoinTask.java:289)
	at java.util.concurrent.ForkJoinTask.externalAwaitDone(ForkJoinTask.java:326)
	at java.util.concurrent.ForkJoinTask.doJoin(ForkJoinTask.java:391)
	at java.util.concurrent.ForkJoinTask.join(ForkJoinTask.java:719)
	at java.util.concurrent.ForkJoinPool.invoke(ForkJoinPool.java:2616)
	at edu.coursera.parallel.ReciprocalArraySum.parArraySum(ReciprocalArraySum.java:173)
	at edu.coursera.parallel.ReciprocalArraySumTest.parTestHelper(ReciprocalArraySumTest.java:77)
	at edu.coursera.parallel.ReciprocalArraySumTest.testParSimpleOneMillion(ReciprocalArraySumTest.java:117)

testParSimpleOneHundredMillion(edu.coursera.parallel.ReciprocalArraySumTest)  Time elapsed: 2.331 sec  <<< ERROR!
java.lang.NoClassDefFoundError: Could not initialize class java.util.concurrent.locks.AbstractQueuedSynchronizer$Node
	at java.util.concurrent.locks.AbstractQueuedSynchronizer.acquire(AbstractQueuedSynchronizer.java:1198)
	at java.util.concurrent.locks.ReentrantLock$NonfairSync.lock(ReentrantLock.java:209)
	at java.util.concurrent.locks.ReentrantLock.lock(ReentrantLock.java:285)
	at java.util.concurrent.ForkJoinTask.recordExceptionalCompletion(ForkJoinTask.java:464)
	at java.util.concurrent.ForkJoinTask.setExceptionalCompletion(ForkJoinTask.java:491)
	at java.util.concurrent.ForkJoinTask.doExec(ForkJoinTask.java:291)
	at java.util.concurrent.ForkJoinTask.externalAwaitDone(ForkJoinTask.java:326)
	at java.util.concurrent.ForkJoinTask.doJoin(ForkJoinTask.java:391)
	at java.util.concurrent.ForkJoinTask.invokeAll(ForkJoinTask.java:761)
	at edu.coursera.parallel.ReciprocalArraySum$ReciprocalArraySumTask.compute(ReciprocalArraySum.java:141)
	at java.util.concurrent.RecursiveAction.exec(RecursiveAction.java:189)
	at java.util.concurrent.ForkJoinTask.doExec(ForkJoinTask.java:289)
	at java.util.concurrent.ForkJoinTask.externalAwaitDone(ForkJoinTask.java:326)
	at java.util.concurrent.ForkJoinTask.doJoin(ForkJoinTask.java:391)
	at java.util.concurrent.ForkJoinTask.invokeAll(ForkJoinTask.java:761)
	at edu.coursera.parallel.ReciprocalArraySum$ReciprocalArraySumTask.compute(ReciprocalArraySum.java:141)
	at java.util.concurrent.RecursiveAction.exec(RecursiveAction.java:189)
	at java.util.concurrent.ForkJoinTask.doExec(ForkJoinTask.java:289)
	at java.util.concurrent.ForkJoinTask.externalAwaitDone(ForkJoinTask.java:326)
	at java.util.concurrent.ForkJoinTask.doJoin(ForkJoinTask.java:391)
	at java.util.concurrent.ForkJoinTask.invokeAll(ForkJoinTask.java:761)
	at edu.coursera.parallel.ReciprocalArraySum$ReciprocalArraySumTask.compute(ReciprocalArraySum.java:141)
	at java.util.concurrent.RecursiveAction.exec(RecursiveAction.java:189)
	at java.util.concurrent.ForkJoinTask.doExec(ForkJoinTask.java:289)
	at java.util.concurrent.ForkJoinTask.externalAwaitDone(ForkJoinTask.java:326)
	at java.util.concurrent.ForkJoinTask.doJoin(ForkJoinTask.java:391)
	at java.util.concurrent.ForkJoinTask.invokeAll(ForkJoinTask.java:761)
	at edu.coursera.parallel.ReciprocalArraySum$ReciprocalArraySumTask.compute(ReciprocalArraySum.java:141)
	at java.util.concurrent.RecursiveAction.exec(RecursiveAction.java:189)
	at java.util.concurrent.ForkJoinTask.doExec(ForkJoinTask.java:289)
	at java.util.concurrent.ForkJoinTask.externalAwaitDone(ForkJoinTask.java:326)
	at java.util.concurrent.ForkJoinTask.doJoin(ForkJoinTask.java:391)
	at java.util.concurrent.ForkJoinTask.invokeAll(ForkJoinTask.java:761)
	at edu.coursera.parallel.ReciprocalArraySum$ReciprocalArraySumTask.compute(ReciprocalArraySum.java:141)
	at java.util.concurrent.RecursiveAction.exec(RecursiveAction.java:189)
	at java.util.concurrent.ForkJoinTask.doExec(ForkJoinTask.java:289)
	at java.util.concurrent.ForkJoinTask.externalAwaitDone(ForkJoinTask.java:326)
	at java.util.concurrent.ForkJoinTask.doJoin(ForkJoinTask.java:391)
	at java.util.concurrent.ForkJoinTask.invokeAll(ForkJoinTask.java:761)
	at edu.coursera.parallel.ReciprocalArraySum$ReciprocalArraySumTask.compute(ReciprocalArraySum.java:141)
	at java.util.concurrent.RecursiveAction.exec(RecursiveAction.java:189)
	at java.util.concurrent.ForkJoinTask.doExec(ForkJoinTask.java:289)
	at java.util.concurrent.ForkJoinTask.externalAwaitDone(ForkJoinTask.java:326)
	at java.util.concurrent.ForkJoinTask.doJoin(ForkJoinTask.java:391)
	at java.util.concurrent.ForkJoinTask.invokeAll(ForkJoinTask.java:761)
	at edu.coursera.parallel.ReciprocalArraySum$ReciprocalArraySumTask.compute(ReciprocalArraySum.java:141)
	at java.util.concurrent.RecursiveAction.exec(RecursiveAction.java:189)
	at java.util.concurrent.ForkJoinTask.doExec(ForkJoinTask.java:289)
	at java.util.concurrent.ForkJoinTask.externalAwaitDone(ForkJoinTask.java:326)
	at java.util.concurrent.ForkJoinTask.doJoin(ForkJoinTask.java:391)
	at java.util.concurrent.ForkJoinTask.invokeAll(ForkJoinTask.java:761)
	at edu.coursera.parallel.ReciprocalArraySum$ReciprocalArraySumTask.compute(ReciprocalArraySum.java:141)
	at java.util.concurrent.RecursiveAction.exec(RecursiveAction.java:189)
	at java.util.concurrent.ForkJoinTask.doExec(ForkJoinTask.java:289)
	at java.util.concurrent.ForkJoinTask.externalAwaitDone(ForkJoinTask.java:326)
	at java.util.concurrent.ForkJoinTask.doJoin(ForkJoinTask.java:391)
	at java.util.concurrent.ForkJoinTask.invokeAll(ForkJoinTask.java:761)
	at edu.coursera.parallel.ReciprocalArraySum$ReciprocalArraySumTask.compute(ReciprocalArraySum.java:141)
	at java.util.concurrent.RecursiveAction.exec(RecursiveAction.java:189)
	at java.util.concurrent.ForkJoinTask.doExec(ForkJoinTask.java:289)
	at java.util.concurrent.ForkJoinTask.externalAwaitDone(ForkJoinTask.java:326)
	at java.util.concurrent.ForkJoinTask.doJoin(ForkJoinTask.java:391)
	at java.util.concurrent.ForkJoinTask.invokeAll(ForkJoinTask.java:761)
	at edu.coursera.parallel.ReciprocalArraySum$ReciprocalArraySumTask.compute(ReciprocalArraySum.java:141)
	at java.util.concurrent.RecursiveAction.exec(RecursiveAction.java:189)
	at java.util.concurrent.ForkJoinTask.doExec(ForkJoinTask.java:289)
	at java.util.concurrent.ForkJoinTask.externalAwaitDone(ForkJoinTask.java:326)
	at java.util.concurrent.ForkJoinTask.doJoin(ForkJoinTask.java:391)
	at java.util.concurrent.ForkJoinTask.invokeAll(ForkJoinTask.java:761)
	at edu.coursera.parallel.ReciprocalArraySum$ReciprocalArraySumTask.compute(ReciprocalArraySum.java:141)
	at java.util.concurrent.RecursiveAction.exec(RecursiveAction.java:189)
	at java.util.concurrent.ForkJoinTask.doExec(ForkJoinTask.java:289)
	at java.util.concurrent.ForkJoinTask.externalAwaitDone(ForkJoinTask.java:326)
	at java.util.concurrent.ForkJoinTask.doJoin(ForkJoinTask.java:391)
	at java.util.concurrent.ForkJoinTask.invokeAll(ForkJoinTask.java:761)
	at edu.coursera.parallel.ReciprocalArraySum$ReciprocalArraySumTask.compute(ReciprocalArraySum.java:141)
	at java.util.concurrent.RecursiveAction.exec(RecursiveAction.java:189)
	at java.util.concurrent.ForkJoinTask.doExec(ForkJoinTask.java:289)
	at java.util.concurrent.ForkJoinTask.externalAwaitDone(ForkJoinTask.java:326)
	at java.util.concurrent.ForkJoinTask.doJoin(ForkJoinTask.java:391)
	at java.util.concurrent.ForkJoinTask.invokeAll(ForkJoinTask.java:761)
	at edu.coursera.parallel.ReciprocalArraySum$ReciprocalArraySumTask.compute(ReciprocalArraySum.java:141)
	at java.util.concurrent.RecursiveAction.exec(RecursiveAction.java:189)
	at java.util.concurrent.ForkJoinTask.doExec(ForkJoinTask.java:289)
	at java.util.concurrent.ForkJoinTask.externalAwaitDone(ForkJoinTask.java:326)
	at java.util.concurrent.ForkJoinTask.doJoin(ForkJoinTask.java:391)
	at java.util.concurrent.ForkJoinTask.invokeAll(ForkJoinTask.java:761)
	at edu.coursera.parallel.ReciprocalArraySum$ReciprocalArraySumTask.compute(ReciprocalArraySum.java:141)
	at java.util.concurrent.RecursiveAction.exec(RecursiveAction.java:189)
	at java.util.concurrent.ForkJoinTask.doExec(ForkJoinTask.java:289)
	at java.util.concurrent.ForkJoinTask.externalAwaitDone(ForkJoinTask.java:326)
	at java.util.concurrent.ForkJoinTask.doJoin(ForkJoinTask.java:391)
	at java.util.concurrent.ForkJoinTask.invokeAll(ForkJoinTask.java:761)
	at edu.coursera.parallel.ReciprocalArraySum$ReciprocalArraySumTask.compute(ReciprocalArraySum.java:141)
	at java.util.concurrent.RecursiveAction.exec(RecursiveAction.java:189)
	at java.util.concurrent.ForkJoinTask.doExec(ForkJoinTask.java:289)
	at java.util.concurrent.ForkJoinTask.externalAwaitDone(ForkJoinTask.java:326)
	at java.util.concurrent.ForkJoinTask.doJoin(ForkJoinTask.java:391)
	at java.util.concurrent.ForkJoinTask.invokeAll(ForkJoinTask.java:761)
	at edu.coursera.parallel.ReciprocalArraySum$ReciprocalArraySumTask.compute(ReciprocalArraySum.java:141)
	at java.util.concurrent.RecursiveAction.exec(RecursiveAction.java:189)
	at java.util.concurrent.ForkJoinTask.doExec(ForkJoinTask.java:289)
	at java.util.concurrent.ForkJoinTask.externalAwaitDone(ForkJoinTask.java:326)
	at java.util.concurrent.ForkJoinTask.doJoin(ForkJoinTask.java:391)
	at java.util.concurrent.ForkJoinTask.invokeAll(ForkJoinTask.java:761)
	at edu.coursera.parallel.ReciprocalArraySum$ReciprocalArraySumTask.compute(ReciprocalArraySum.java:141)
	at java.util.concurrent.RecursiveAction.exec(RecursiveAction.java:189)
	at java.util.concurrent.ForkJoinTask.doExec(ForkJoinTask.java:289)
	at java.util.concurrent.ForkJoinTask.externalAwaitDone(ForkJoinTask.java:326)
	at java.util.concurrent.ForkJoinTask.doJoin(ForkJoinTask.java:391)
	at java.util.concurrent.ForkJoinTask.invokeAll(ForkJoinTask.java:761)
	at edu.coursera.parallel.ReciprocalArraySum$ReciprocalArraySumTask.compute(ReciprocalArraySum.java:141)
	at java.util.concurrent.RecursiveAction.exec(RecursiveAction.java:189)
	at java.util.concurrent.ForkJoinTask.doExec(ForkJoinTask.java:289)
	at java.util.concurrent.ForkJoinTask.externalAwaitDone(ForkJoinTask.java:326)
	at java.util.concurrent.ForkJoinTask.doJoin(ForkJoinTask.java:391)
	at java.util.concurrent.ForkJoinTask.invokeAll(ForkJoinTask.java:761)
	at edu.coursera.parallel.ReciprocalArraySum$ReciprocalArraySumTask.compute(ReciprocalArraySum.java:141)
	at java.util.concurrent.RecursiveAction.exec(RecursiveAction.java:189)
	at java.util.concurrent.ForkJoinTask.doExec(ForkJoinTask.java:289)
	at java.util.concurrent.ForkJoinTask.externalAwaitDone(ForkJoinTask.java:326)
	at java.util.concurrent.ForkJoinTask.doJoin(ForkJoinTask.java:391)
	at java.util.concurrent.ForkJoinTask.invokeAll(ForkJoinTask.java:761)
	at edu.coursera.parallel.ReciprocalArraySum$ReciprocalArraySumTask.compute(ReciprocalArraySum.java:141)
	at java.util.concurrent.RecursiveAction.exec(RecursiveAction.java:189)
	at java.util.concurrent.ForkJoinTask.doExec(ForkJoinTask.java:289)
	at java.util.concurrent.ForkJoinTask.externalAwaitDone(ForkJoinTask.java:326)
	at java.util.concurrent.ForkJoinTask.doJoin(ForkJoinTask.java:391)
	at java.util.concurrent.ForkJoinTask.invokeAll(ForkJoinTask.java:761)
	at edu.coursera.parallel.ReciprocalArraySum$ReciprocalArraySumTask.compute(ReciprocalArraySum.java:141)
	at java.util.concurrent.RecursiveAction.exec(RecursiveAction.java:189)
	at java.util.concurrent.ForkJoinTask.doExec(ForkJoinTask.java:289)
	at java.util.concurrent.ForkJoinTask.externalAwaitDone(ForkJoinTask.java:326)
	at java.util.concurrent.ForkJoinTask.doJoin(ForkJoinTask.java:391)
	at java.util.concurrent.ForkJoinTask.invokeAll(ForkJoinTask.java:761)
	at edu.coursera.parallel.ReciprocalArraySum$ReciprocalArraySumTask.compute(ReciprocalArraySum.java:141)
	at java.util.concurrent.RecursiveAction.exec(RecursiveAction.java:189)
	at java.util.concurrent.ForkJoinTask.doExec(ForkJoinTask.java:289)
	at java.util.concurrent.ForkJoinTask.externalAwaitDone(ForkJoinTask.java:326)
	at java.util.concurrent.ForkJoinTask.doJoin(ForkJoinTask.java:391)
	at java.util.concurrent.ForkJoinTask.invokeAll(ForkJoinTask.java:761)
	at edu.coursera.parallel.ReciprocalArraySum$ReciprocalArraySumTask.compute(ReciprocalArraySum.java:141)
	at java.util.concurrent.RecursiveAction.exec(RecursiveAction.java:189)
	at java.util.concurrent.ForkJoinTask.doExec(ForkJoinTask.java:289)
	at java.util.concurrent.ForkJoinTask.externalAwaitDone(ForkJoinTask.java:326)
	at java.util.concurrent.ForkJoinTask.doJoin(ForkJoinTask.java:391)
	at java.util.concurrent.ForkJoinTask.invokeAll(ForkJoinTask.java:761)
	at edu.coursera.parallel.ReciprocalArraySum$ReciprocalArraySumTask.compute(ReciprocalArraySum.java:141)
	at java.util.concurrent.RecursiveAction.exec(RecursiveAction.java:189)
	at java.util.concurrent.ForkJoinTask.doExec(ForkJoinTask.java:289)
	at java.util.concurrent.ForkJoinTask.externalAwaitDone(ForkJoinTask.java:326)
	at java.util.concurrent.ForkJoinTask.doJoin(ForkJoinTask.java:391)
	at java.util.concurrent.ForkJoinTask.invokeAll(ForkJoinTask.java:761)
	at edu.coursera.parallel.ReciprocalArraySum$ReciprocalArraySumTask.compute(ReciprocalArraySum.java:141)
	at java.util.concurrent.RecursiveAction.exec(RecursiveAction.java:189)
	at java.util.concurrent.ForkJoinTask.doExec(ForkJoinTask.java:289)
	at java.util.concurrent.ForkJoinTask.externalAwaitDone(ForkJoinTask.java:326)
	at java.util.concurrent.ForkJoinTask.doJoin(ForkJoinTask.java:391)
	at java.util.concurrent.ForkJoinTask.invokeAll(ForkJoinTask.java:761)
	at edu.coursera.parallel.ReciprocalArraySum$ReciprocalArraySumTask.compute(ReciprocalArraySum.java:141)
	at java.util.concurrent.RecursiveAction.exec(RecursiveAction.java:189)
	at java.util.concurrent.ForkJoinTask.doExec(ForkJoinTask.java:289)
	at java.util.concurrent.ForkJoinTask.externalAwaitDone(ForkJoinTask.java:326)
	at java.util.concurrent.ForkJoinTask.doJoin(ForkJoinTask.java:391)
	at java.util.concurrent.ForkJoinTask.invokeAll(ForkJoinTask.java:761)
	at edu.coursera.parallel.ReciprocalArraySum$ReciprocalArraySumTask.compute(ReciprocalArraySum.java:141)
	at java.util.concurrent.RecursiveAction.exec(RecursiveAction.java:189)
	at java.util.concurrent.ForkJoinTask.doExec(ForkJoinTask.java:289)
	at java.util.concurrent.ForkJoinTask.externalAwaitDone(ForkJoinTask.java:326)
	at java.util.concurrent.ForkJoinTask.doJoin(ForkJoinTask.java:391)
	at java.util.concurrent.ForkJoinTask.invokeAll(ForkJoinTask.java:761)
	at edu.coursera.parallel.ReciprocalArraySum$ReciprocalArraySumTask.compute(ReciprocalArraySum.java:141)
	at java.util.concurrent.RecursiveAction.exec(RecursiveAction.java:189)
	at java.util.concurrent.ForkJoinTask.doExec(ForkJoinTask.java:289)
	at java.util.concurrent.ForkJoinTask.externalAwaitDone(ForkJoinTask.java:326)
	at java.util.concurrent.ForkJoinTask.doJoin(ForkJoinTask.java:391)
	at java.util.concurrent.ForkJoinTask.invokeAll(ForkJoinTask.java:761)
	at edu.coursera.parallel.ReciprocalArraySum$ReciprocalArraySumTask.compute(ReciprocalArraySum.java:141)
	at java.util.concurrent.RecursiveAction.exec(RecursiveAction.java:189)
	at java.util.concurrent.ForkJoinTask.doExec(ForkJoinTask.java:289)
	at java.util.concurrent.ForkJoinTask.externalAwaitDone(ForkJoinTask.java:326)
	at java.util.concurrent.ForkJoinTask.doJoin(ForkJoinTask.java:391)
	at java.util.concurrent.ForkJoinTask.invokeAll(ForkJoinTask.java:761)
	at edu.coursera.parallel.ReciprocalArraySum$ReciprocalArraySumTask.compute(ReciprocalArraySum.java:141)
	at java.util.concurrent.RecursiveAction.exec(RecursiveAction.java:189)
	at java.util.concurrent.ForkJoinTask.doExec(ForkJoinTask.java:289)
	at java.util.concurrent.ForkJoinTask.externalAwaitDone(ForkJoinTask.java:326)
	at java.util.concurrent.ForkJoinTask.doJoin(ForkJoinTask.java:391)
	at java.util.concurrent.ForkJoinTask.invokeAll(ForkJoinTask.java:761)
	at edu.coursera.parallel.ReciprocalArraySum$ReciprocalArraySumTask.compute(ReciprocalArraySum.java:141)
	at java.util.concurrent.RecursiveAction.exec(RecursiveAction.java:189)
	at java.util.concurrent.ForkJoinTask.doExec(ForkJoinTask.java:289)
	at java.util.concurrent.ForkJoinTask.externalAwaitDone(ForkJoinTask.java:326)
	at java.util.concurrent.ForkJoinTask.doJoin(ForkJoinTask.java:391)
	at java.util.concurrent.ForkJoinTask.invokeAll(ForkJoinTask.java:761)
	at edu.coursera.parallel.ReciprocalArraySum$ReciprocalArraySumTask.compute(ReciprocalArraySum.java:141)
	at java.util.concurrent.RecursiveAction.exec(RecursiveAction.java:189)
	at java.util.concurrent.ForkJoinTask.doExec(ForkJoinTask.java:289)
	at java.util.concurrent.ForkJoinTask.externalAwaitDone(ForkJoinTask.java:326)
	at java.util.concurrent.ForkJoinTask.doJoin(ForkJoinTask.java:391)
	at java.util.concurrent.ForkJoinTask.invokeAll(ForkJoinTask.java:761)
	at edu.coursera.parallel.ReciprocalArraySum$ReciprocalArraySumTask.compute(ReciprocalArraySum.java:141)
	at java.util.concurrent.RecursiveAction.exec(RecursiveAction.java:189)
	at java.util.concurrent.ForkJoinTask.doExec(ForkJoinTask.java:289)
	at java.util.concurrent.ForkJoinTask.externalAwaitDone(ForkJoinTask.java:326)
	at java.util.concurrent.ForkJoinTask.doJoin(ForkJoinTask.java:391)
	at java.util.concurrent.ForkJoinTask.invokeAll(ForkJoinTask.java:761)
	at edu.coursera.parallel.ReciprocalArraySum$ReciprocalArraySumTask.compute(ReciprocalArraySum.java:141)
	at java.util.concurrent.RecursiveAction.exec(RecursiveAction.java:189)
	at java.util.concurrent.ForkJoinTask.doExec(ForkJoinTask.java:289)
	at java.util.concurrent.ForkJoinTask.externalAwaitDone(ForkJoinTask.java:326)
	at java.util.concurrent.ForkJoinTask.doJoin(ForkJoinTask.java:391)
	at java.util.concurrent.ForkJoinTask.invokeAll(ForkJoinTask.java:761)
	at edu.coursera.parallel.ReciprocalArraySum$ReciprocalArraySumTask.compute(ReciprocalArraySum.java:141)
	at java.util.concurrent.RecursiveAction.exec(RecursiveAction.java:189)
	at java.util.concurrent.ForkJoinTask.doExec(ForkJoinTask.java:289)
	at java.util.concurrent.ForkJoinTask.externalAwaitDone(ForkJoinTask.java:326)
	at java.util.concurrent.ForkJoinTask.doJoin(ForkJoinTask.java:391)
	at java.util.concurrent.ForkJoinTask.invokeAll(ForkJoinTask.java:761)
	at edu.coursera.parallel.ReciprocalArraySum$ReciprocalArraySumTask.compute(ReciprocalArraySum.java:141)
	at java.util.concurrent.RecursiveAction.exec(RecursiveAction.java:189)
	at java.util.concurrent.ForkJoinTask.doExec(ForkJoinTask.java:289)
	at java.util.concurrent.ForkJoinTask.externalAwaitDone(ForkJoinTask.java:326)
	at java.util.concurrent.ForkJoinTask.doJoin(ForkJoinTask.java:391)
	at java.util.concurrent.ForkJoinTask.invokeAll(ForkJoinTask.java:761)
	at edu.coursera.parallel.ReciprocalArraySum$ReciprocalArraySumTask.compute(ReciprocalArraySum.java:141)
	at java.util.concurrent.RecursiveAction.exec(RecursiveAction.java:189)
	at java.util.concurrent.ForkJoinTask.doExec(ForkJoinTask.java:289)
	at java.util.concurrent.ForkJoinTask.externalAwaitDone(ForkJoinTask.java:326)
	at java.util.concurrent.ForkJoinTask.doJoin(ForkJoinTask.java:391)
	at java.util.concurrent.ForkJoinTask.invokeAll(ForkJoinTask.java:761)
	at edu.coursera.parallel.ReciprocalArraySum$ReciprocalArraySumTask.compute(ReciprocalArraySum.java:141)
	at java.util.concurrent.RecursiveAction.exec(RecursiveAction.java:189)
	at java.util.concurrent.ForkJoinTask.doExec(ForkJoinTask.java:289)
	at java.util.concurrent.ForkJoinTask.externalAwaitDone(ForkJoinTask.java:326)
	at java.util.concurrent.ForkJoinTask.doJoin(ForkJoinTask.java:391)
	at java.util.concurrent.ForkJoinTask.invokeAll(ForkJoinTask.java:761)
	at edu.coursera.parallel.ReciprocalArraySum$ReciprocalArraySumTask.compute(ReciprocalArraySum.java:141)
	at java.util.concurrent.RecursiveAction.exec(RecursiveAction.java:189)
	at java.util.concurrent.ForkJoinTask.doExec(ForkJoinTask.java:289)
	at java.util.concurrent.ForkJoinTask.externalAwaitDone(ForkJoinTask.java:326)
	at java.util.concurrent.ForkJoinTask.doJoin(ForkJoinTask.java:391)
	at java.util.concurrent.ForkJoinTask.invokeAll(ForkJoinTask.java:761)
	at edu.coursera.parallel.ReciprocalArraySum$ReciprocalArraySumTask.compute(ReciprocalArraySum.java:141)
	at java.util.concurrent.RecursiveAction.exec(RecursiveAction.java:189)
	at java.util.concurrent.ForkJoinTask.doExec(ForkJoinTask.java:289)
	at java.util.concurrent.ForkJoinTask.externalAwaitDone(ForkJoinTask.java:326)
	at java.util.concurrent.ForkJoinTask.doJoin(ForkJoinTask.java:391)
	at java.util.concurrent.ForkJoinTask.invokeAll(ForkJoinTask.java:761)
	at edu.coursera.parallel.ReciprocalArraySum$ReciprocalArraySumTask.compute(ReciprocalArraySum.java:141)
	at java.util.concurrent.RecursiveAction.exec(RecursiveAction.java:189)
	at java.util.concurrent.ForkJoinTask.doExec(ForkJoinTask.java:289)
	at java.util.concurrent.ForkJoinTask.externalAwaitDone(ForkJoinTask.java:326)
	at java.util.concurrent.ForkJoinTask.doJoin(ForkJoinTask.java:391)
	at java.util.concurrent.ForkJoinTask.invokeAll(ForkJoinTask.java:761)
	at edu.coursera.parallel.ReciprocalArraySum$ReciprocalArraySumTask.compute(ReciprocalArraySum.java:141)
	at java.util.concurrent.RecursiveAction.exec(RecursiveAction.java:189)
	at java.util.concurrent.ForkJoinTask.doExec(ForkJoinTask.java:289)
	at java.util.concurrent.ForkJoinTask.externalAwaitDone(ForkJoinTask.java:326)
	at java.util.concurrent.ForkJoinTask.doJoin(ForkJoinTask.java:391)
	at java.util.concurrent.ForkJoinTask.invokeAll(ForkJoinTask.java:761)
	at edu.coursera.parallel.ReciprocalArraySum$ReciprocalArraySumTask.compute(ReciprocalArraySum.java:141)
	at java.util.concurrent.RecursiveAction.exec(RecursiveAction.java:189)
	at java.util.concurrent.ForkJoinTask.doExec(ForkJoinTask.java:289)
	at java.util.concurrent.ForkJoinTask.externalAwaitDone(ForkJoinTask.java:326)
	at java.util.concurrent.ForkJoinTask.doJoin(ForkJoinTask.java:391)
	at java.util.concurrent.ForkJoinTask.invokeAll(ForkJoinTask.java:761)
	at edu.coursera.parallel.ReciprocalArraySum$ReciprocalArraySumTask.compute(ReciprocalArraySum.java:141)
	at java.util.concurrent.RecursiveAction.exec(RecursiveAction.java:189)
	at java.util.concurrent.ForkJoinTask.doExec(ForkJoinTask.java:289)
	at java.util.concurrent.ForkJoinTask.externalAwaitDone(ForkJoinTask.java:326)
	at java.util.concurrent.ForkJoinTask.doJoin(ForkJoinTask.java:391)
	at java.util.concurrent.ForkJoinTask.invokeAll(ForkJoinTask.java:761)
	at edu.coursera.parallel.ReciprocalArraySum$ReciprocalArraySumTask.compute(ReciprocalArraySum.java:141)
	at java.util.concurrent.RecursiveAction.exec(RecursiveAction.java:189)
	at java.util.concurrent.ForkJoinTask.doExec(ForkJoinTask.java:289)
	at java.util.concurrent.ForkJoinTask.externalAwaitDone(ForkJoinTask.java:326)
	at java.util.concurrent.ForkJoinTask.doJoin(ForkJoinTask.java:391)
	at java.util.concurrent.ForkJoinTask.invokeAll(ForkJoinTask.java:761)
	at edu.coursera.parallel.ReciprocalArraySum$ReciprocalArraySumTask.compute(ReciprocalArraySum.java:141)
	at java.util.concurrent.RecursiveAction.exec(RecursiveAction.java:189)
	at java.util.concurrent.ForkJoinTask.doExec(ForkJoinTask.java:289)
	at java.util.concurrent.ForkJoinTask.externalAwaitDone(ForkJoinTask.java:326)
	at java.util.concurrent.ForkJoinTask.doJoin(ForkJoinTask.java:391)
	at java.util.concurrent.ForkJoinTask.invokeAll(ForkJoinTask.java:761)
	at edu.coursera.parallel.ReciprocalArraySum$ReciprocalArraySumTask.compute(ReciprocalArraySum.java:141)
	at java.util.concurrent.RecursiveAction.exec(RecursiveAction.java:189)
	at java.util.concurrent.ForkJoinTask.doExec(ForkJoinTask.java:289)
	at java.util.concurrent.ForkJoinTask.externalAwaitDone(ForkJoinTask.java:326)
	at java.util.concurrent.ForkJoinTask.doJoin(ForkJoinTask.java:391)
	at java.util.concurrent.ForkJoinTask.invokeAll(ForkJoinTask.java:761)
	at edu.coursera.parallel.ReciprocalArraySum$ReciprocalArraySumTask.compute(ReciprocalArraySum.java:141)
	at java.util.concurrent.RecursiveAction.exec(RecursiveAction.java:189)
	at java.util.concurrent.ForkJoinTask.doExec(ForkJoinTask.java:289)
	at java.util.concurrent.ForkJoinTask.externalAwaitDone(ForkJoinTask.java:326)
	at java.util.concurrent.ForkJoinTask.doJoin(ForkJoinTask.java:391)
	at java.util.concurrent.ForkJoinTask.invokeAll(ForkJoinTask.java:761)
	at edu.coursera.parallel.ReciprocalArraySum$ReciprocalArraySumTask.compute(ReciprocalArraySum.java:141)
	at java.util.concurrent.RecursiveAction.exec(RecursiveAction.java:189)
	at java.util.concurrent.ForkJoinTask.doExec(ForkJoinTask.java:289)
	at java.util.concurrent.ForkJoinTask.externalAwaitDone(ForkJoinTask.java:326)
	at java.util.concurrent.ForkJoinTask.doJoin(ForkJoinTask.java:391)
	at java.util.concurrent.ForkJoinTask.invokeAll(ForkJoinTask.java:761)
	at edu.coursera.parallel.ReciprocalArraySum$ReciprocalArraySumTask.compute(ReciprocalArraySum.java:141)
	at java.util.concurrent.RecursiveAction.exec(RecursiveAction.java:189)
	at java.util.concurrent.ForkJoinTask.doExec(ForkJoinTask.java:289)
	at java.util.concurrent.ForkJoinTask.externalAwaitDone(ForkJoinTask.java:326)
	at java.util.concurrent.ForkJoinTask.doJoin(ForkJoinTask.java:391)
	at java.util.concurrent.ForkJoinTask.invokeAll(ForkJoinTask.java:761)
	at edu.coursera.parallel.ReciprocalArraySum$ReciprocalArraySumTask.compute(ReciprocalArraySum.java:141)
	at java.util.concurrent.RecursiveAction.exec(RecursiveAction.java:189)
	at java.util.concurrent.ForkJoinTask.doExec(ForkJoinTask.java:289)
	at java.util.concurrent.ForkJoinTask.externalAwaitDone(ForkJoinTask.java:326)
	at java.util.concurrent.ForkJoinTask.doJoin(ForkJoinTask.java:391)
	at java.util.concurrent.ForkJoinTask.invokeAll(ForkJoinTask.java:761)
	at edu.coursera.parallel.ReciprocalArraySum$ReciprocalArraySumTask.compute(ReciprocalArraySum.java:141)
	at java.util.concurrent.RecursiveAction.exec(RecursiveAction.java:189)
	at java.util.concurrent.ForkJoinTask.doExec(ForkJoinTask.java:289)
	at java.util.concurrent.ForkJoinTask.externalAwaitDone(ForkJoinTask.java:326)
	at java.util.concurrent.ForkJoinTask.doJoin(ForkJoinTask.java:391)
	at java.util.concurrent.ForkJoinTask.invokeAll(ForkJoinTask.java:761)
	at edu.coursera.parallel.ReciprocalArraySum$ReciprocalArraySumTask.compute(ReciprocalArraySum.java:141)
	at java.util.concurrent.RecursiveAction.exec(RecursiveAction.java:189)
	at java.util.concurrent.ForkJoinTask.doExec(ForkJoinTask.java:289)
	at java.util.concurrent.ForkJoinTask.externalAwaitDone(ForkJoinTask.java:326)
	at java.util.concurrent.ForkJoinTask.doJoin(ForkJoinTask.java:391)
	at java.util.concurrent.ForkJoinTask.invokeAll(ForkJoinTask.java:761)
	at edu.coursera.parallel.ReciprocalArraySum$ReciprocalArraySumTask.compute(ReciprocalArraySum.java:141)
	at java.util.concurrent.RecursiveAction.exec(RecursiveAction.java:189)
	at java.util.concurrent.ForkJoinTask.doExec(ForkJoinTask.java:289)
	at java.util.concurrent.ForkJoinTask.externalAwaitDone(ForkJoinTask.java:326)
	at java.util.concurrent.ForkJoinTask.doJoin(ForkJoinTask.java:391)
	at java.util.concurrent.ForkJoinTask.invokeAll(ForkJoinTask.java:761)
	at edu.coursera.parallel.ReciprocalArraySum$ReciprocalArraySumTask.compute(ReciprocalArraySum.java:141)
	at java.util.concurrent.RecursiveAction.exec(RecursiveAction.java:189)
	at java.util.concurrent.ForkJoinTask.doExec(ForkJoinTask.java:289)
	at java.util.concurrent.ForkJoinTask.externalAwaitDone(ForkJoinTask.java:326)
	at java.util.concurrent.ForkJoinTask.doJoin(ForkJoinTask.java:391)
	at java.util.concurrent.ForkJoinTask.invokeAll(ForkJoinTask.java:761)
	at edu.coursera.parallel.ReciprocalArraySum$ReciprocalArraySumTask.compute(ReciprocalArraySum.java:141)
	at java.util.concurrent.RecursiveAction.exec(RecursiveAction.java:189)
	at java.util.concurrent.ForkJoinTask.doExec(ForkJoinTask.java:289)
	at java.util.concurrent.ForkJoinTask.externalAwaitDone(ForkJoinTask.java:326)
	at java.util.concurrent.ForkJoinTask.doJoin(ForkJoinTask.java:391)
	at java.util.concurrent.ForkJoinTask.invokeAll(ForkJoinTask.java:761)
	at edu.coursera.parallel.ReciprocalArraySum$ReciprocalArraySumTask.compute(ReciprocalArraySum.java:141)
	at java.util.concurrent.RecursiveAction.exec(RecursiveAction.java:189)
	at java.util.concurrent.ForkJoinTask.doExec(ForkJoinTask.java:289)
	at java.util.concurrent.ForkJoinTask.externalAwaitDone(ForkJoinTask.java:326)
	at java.util.concurrent.ForkJoinTask.doJoin(ForkJoinTask.java:391)
	at java.util.concurrent.ForkJoinTask.invokeAll(ForkJoinTask.java:761)
	at edu.coursera.parallel.ReciprocalArraySum$ReciprocalArraySumTask.compute(ReciprocalArraySum.java:141)
	at java.util.concurrent.RecursiveAction.exec(RecursiveAction.java:189)
	at java.util.concurrent.ForkJoinTask.doExec(ForkJoinTask.java:289)
	at java.util.concurrent.ForkJoinTask.externalAwaitDone(ForkJoinTask.java:326)
	at java.util.concurrent.ForkJoinTask.doJoin(ForkJoinTask.java:391)
	at java.util.concurrent.ForkJoinTask.invokeAll(ForkJoinTask.java:761)
	at edu.coursera.parallel.ReciprocalArraySum$ReciprocalArraySumTask.compute(ReciprocalArraySum.java:141)
	at java.util.concurrent.RecursiveAction.exec(RecursiveAction.java:189)
	at java.util.concurrent.ForkJoinTask.doExec(ForkJoinTask.java:289)
	at java.util.concurrent.ForkJoinTask.externalAwaitDone(ForkJoinTask.java:326)
	at java.util.concurrent.ForkJoinTask.doJoin(ForkJoinTask.java:391)
	at java.util.concurrent.ForkJoinTask.invokeAll(ForkJoinTask.java:761)
	at edu.coursera.parallel.ReciprocalArraySum$ReciprocalArraySumTask.compute(ReciprocalArraySum.java:141)
	at java.util.concurrent.RecursiveAction.exec(RecursiveAction.java:189)
	at java.util.concurrent.ForkJoinTask.doExec(ForkJoinTask.java:289)
	at java.util.concurrent.ForkJoinTask.externalAwaitDone(ForkJoinTask.java:326)
	at java.util.concurrent.ForkJoinTask.doJoin(ForkJoinTask.java:391)
	at java.util.concurrent.ForkJoinTask.invokeAll(ForkJoinTask.java:761)
	at edu.coursera.parallel.ReciprocalArraySum$ReciprocalArraySumTask.compute(ReciprocalArraySum.java:141)
	at java.util.concurrent.RecursiveAction.exec(RecursiveAction.java:189)
	at java.util.concurrent.ForkJoinTask.doExec(ForkJoinTask.java:289)
	at java.util.concurrent.ForkJoinTask.externalAwaitDone(ForkJoinTask.java:326)
	at java.util.concurrent.ForkJoinTask.doJoin(ForkJoinTask.java:391)
	at java.util.concurrent.ForkJoinTask.invokeAll(ForkJoinTask.java:761)
	at edu.coursera.parallel.ReciprocalArraySum$ReciprocalArraySumTask.compute(ReciprocalArraySum.java:141)
	at java.util.concurrent.RecursiveAction.exec(RecursiveAction.java:189)
	at java.util.concurrent.ForkJoinTask.doExec(ForkJoinTask.java:289)
	at java.util.concurrent.ForkJoinTask.externalAwaitDone(ForkJoinTask.java:326)
	at java.util.concurrent.ForkJoinTask.doJoin(ForkJoinTask.java:391)
	at java.util.concurrent.ForkJoinTask.invokeAll(ForkJoinTask.java:761)
	at edu.coursera.parallel.ReciprocalArraySum$ReciprocalArraySumTask.compute(ReciprocalArraySum.java:141)
	at java.util.concurrent.RecursiveAction.exec(RecursiveAction.java:189)
	at java.util.concurrent.ForkJoinTask.doExec(ForkJoinTask.java:289)
	at java.util.concurrent.ForkJoinTask.externalAwaitDone(ForkJoinTask.java:326)
	at java.util.concurrent.ForkJoinTask.doJoin(ForkJoinTask.java:391)
	at java.util.concurrent.ForkJoinTask.invokeAll(ForkJoinTask.java:761)
	at edu.coursera.parallel.ReciprocalArraySum$ReciprocalArraySumTask.compute(ReciprocalArraySum.java:141)
	at java.util.concurrent.RecursiveAction.exec(RecursiveAction.java:189)
	at java.util.concurrent.ForkJoinTask.doExec(ForkJoinTask.java:289)
	at java.util.concurrent.ForkJoinTask.externalAwaitDone(ForkJoinTask.java:326)
	at java.util.concurrent.ForkJoinTask.doJoin(ForkJoinTask.java:391)
	at java.util.concurrent.ForkJoinTask.invokeAll(ForkJoinTask.java:761)
	at edu.coursera.parallel.ReciprocalArraySum$ReciprocalArraySumTask.compute(ReciprocalArraySum.java:141)
	at java.util.concurrent.RecursiveAction.exec(RecursiveAction.java:189)
	at java.util.concurrent.ForkJoinTask.doExec(ForkJoinTask.java:289)
	at java.util.concurrent.ForkJoinTask.externalAwaitDone(ForkJoinTask.java:326)
	at java.util.concurrent.ForkJoinTask.doJoin(ForkJoinTask.java:391)
	at java.util.concurrent.ForkJoinTask.invokeAll(ForkJoinTask.java:761)
	at edu.coursera.parallel.ReciprocalArraySum$ReciprocalArraySumTask.compute(ReciprocalArraySum.java:141)
	at java.util.concurrent.RecursiveAction.exec(RecursiveAction.java:189)
	at java.util.concurrent.ForkJoinTask.doExec(ForkJoinTask.java:289)
	at java.util.concurrent.ForkJoinTask.externalAwaitDone(ForkJoinTask.java:326)
	at java.util.concurrent.ForkJoinTask.doJoin(ForkJoinTask.java:391)
	at java.util.concurrent.ForkJoinTask.invokeAll(ForkJoinTask.java:761)
	at edu.coursera.parallel.ReciprocalArraySum$ReciprocalArraySumTask.compute(ReciprocalArraySum.java:141)
	at java.util.concurrent.RecursiveAction.exec(RecursiveAction.java:189)
	at java.util.concurrent.ForkJoinTask.doExec(ForkJoinTask.java:289)
	at java.util.concurrent.ForkJoinTask.externalAwaitDone(ForkJoinTask.java:326)
	at java.util.concurrent.ForkJoinTask.doJoin(ForkJoinTask.java:391)
	at java.util.concurrent.ForkJoinTask.invokeAll(ForkJoinTask.java:761)
	at edu.coursera.parallel.ReciprocalArraySum$ReciprocalArraySumTask.compute(ReciprocalArraySum.java:141)
	at java.util.concurrent.RecursiveAction.exec(RecursiveAction.java:189)
	at java.util.concurrent.ForkJoinTask.doExec(ForkJoinTask.java:289)
	at java.util.concurrent.ForkJoinTask.externalAwaitDone(ForkJoinTask.java:326)
	at java.util.concurrent.ForkJoinTask.doJoin(ForkJoinTask.java:391)
	at java.util.concurrent.ForkJoinTask.invokeAll(ForkJoinTask.java:761)
	at edu.coursera.parallel.ReciprocalArraySum$ReciprocalArraySumTask.compute(ReciprocalArraySum.java:141)
	at java.util.concurrent.RecursiveAction.exec(RecursiveAction.java:189)
	at java.util.concurrent.ForkJoinTask.doExec(ForkJoinTask.java:289)
	at java.util.concurrent.ForkJoinTask.externalAwaitDone(ForkJoinTask.java:326)
	at java.util.concurrent.ForkJoinTask.doJoin(ForkJoinTask.java:391)
	at java.util.concurrent.ForkJoinTask.invokeAll(ForkJoinTask.java:761)
	at edu.coursera.parallel.ReciprocalArraySum$ReciprocalArraySumTask.compute(ReciprocalArraySum.java:141)
	at java.util.concurrent.RecursiveAction.exec(RecursiveAction.java:189)
	at java.util.concurrent.ForkJoinTask.doExec(ForkJoinTask.java:289)
	at java.util.concurrent.ForkJoinTask.externalAwaitDone(ForkJoinTask.java:326)
	at java.util.concurrent.ForkJoinTask.doJoin(ForkJoinTask.java:391)
	at java.util.concurrent.ForkJoinTask.invokeAll(ForkJoinTask.java:761)
	at edu.coursera.parallel.ReciprocalArraySum$ReciprocalArraySumTask.compute(ReciprocalArraySum.java:141)
	at java.util.concurrent.RecursiveAction.exec(RecursiveAction.java:189)
	at java.util.concurrent.ForkJoinTask.doExec(ForkJoinTask.java:289)
	at java.util.concurrent.ForkJoinTask.externalAwaitDone(ForkJoinTask.java:326)
	at java.util.concurrent.ForkJoinTask.doJoin(ForkJoinTask.java:391)
	at java.util.concurrent.ForkJoinTask.invokeAll(ForkJoinTask.java:761)
	at edu.coursera.parallel.ReciprocalArraySum$ReciprocalArraySumTask.compute(ReciprocalArraySum.java:141)
	at java.util.concurrent.RecursiveAction.exec(RecursiveAction.java:189)
	at java.util.concurrent.ForkJoinTask.doExec(ForkJoinTask.java:289)
	at java.util.concurrent.ForkJoinTask.externalAwaitDone(ForkJoinTask.java:326)
	at java.util.concurrent.ForkJoinTask.doJoin(ForkJoinTask.java:391)
	at java.util.concurrent.ForkJoinTask.invokeAll(ForkJoinTask.java:761)
	at edu.coursera.parallel.ReciprocalArraySum$ReciprocalArraySumTask.compute(ReciprocalArraySum.java:141)
	at java.util.concurrent.RecursiveAction.exec(RecursiveAction.java:189)
	at java.util.concurrent.ForkJoinTask.doExec(ForkJoinTask.java:289)
	at java.util.concurrent.ForkJoinTask.externalAwaitDone(ForkJoinTask.java:326)
	at java.util.concurrent.ForkJoinTask.doJoin(ForkJoinTask.java:391)
	at java.util.concurrent.ForkJoinTask.invokeAll(ForkJoinTask.java:761)
	at edu.coursera.parallel.ReciprocalArraySum$ReciprocalArraySumTask.compute(ReciprocalArraySum.java:141)
	at java.util.concurrent.RecursiveAction.exec(RecursiveAction.java:189)
	at java.util.concurrent.ForkJoinTask.doExec(ForkJoinTask.java:289)
	at java.util.concurrent.ForkJoinTask.externalAwaitDone(ForkJoinTask.java:326)
	at java.util.concurrent.ForkJoinTask.doJoin(ForkJoinTask.java:391)
	at java.util.concurrent.ForkJoinTask.invokeAll(ForkJoinTask.java:761)
	at edu.coursera.parallel.ReciprocalArraySum$ReciprocalArraySumTask.compute(ReciprocalArraySum.java:141)
	at java.util.concurrent.RecursiveAction.exec(RecursiveAction.java:189)
	at java.util.concurrent.ForkJoinTask.doExec(ForkJoinTask.java:289)
	at java.util.concurrent.ForkJoinTask.externalAwaitDone(ForkJoinTask.java:326)
	at java.util.concurrent.ForkJoinTask.doJoin(ForkJoinTask.java:391)
	at java.util.concurrent.ForkJoinTask.invokeAll(ForkJoinTask.java:761)
	at edu.coursera.parallel.ReciprocalArraySum$ReciprocalArraySumTask.compute(ReciprocalArraySum.java:141)
	at java.util.concurrent.RecursiveAction.exec(RecursiveAction.java:189)
	at java.util.concurrent.ForkJoinTask.doExec(ForkJoinTask.java:289)
	at java.util.concurrent.ForkJoinTask.externalAwaitDone(ForkJoinTask.java:326)
	at java.util.concurrent.ForkJoinTask.doJoin(ForkJoinTask.java:391)
	at java.util.concurrent.ForkJoinTask.invokeAll(ForkJoinTask.java:761)
	at edu.coursera.parallel.ReciprocalArraySum$ReciprocalArraySumTask.compute(ReciprocalArraySum.java:141)
	at java.util.concurrent.RecursiveAction.exec(RecursiveAction.java:189)
	at java.util.concurrent.ForkJoinTask.doExec(ForkJoinTask.java:289)
	at java.util.concurrent.ForkJoinTask.externalAwaitDone(ForkJoinTask.java:326)
	at java.util.concurrent.ForkJoinTask.doJoin(ForkJoinTask.java:391)
	at java.util.concurrent.ForkJoinTask.invokeAll(ForkJoinTask.java:761)
	at edu.coursera.parallel.ReciprocalArraySum$ReciprocalArraySumTask.compute(ReciprocalArraySum.java:141)
	at java.util.concurrent.RecursiveAction.exec(RecursiveAction.java:189)
	at java.util.concurrent.ForkJoinTask.doExec(ForkJoinTask.java:289)
	at java.util.concurrent.ForkJoinTask.externalAwaitDone(ForkJoinTask.java:326)
	at java.util.concurrent.ForkJoinTask.doJoin(ForkJoinTask.java:391)
	at java.util.concurrent.ForkJoinTask.invokeAll(ForkJoinTask.java:761)
	at edu.coursera.parallel.ReciprocalArraySum$ReciprocalArraySumTask.compute(ReciprocalArraySum.java:141)
	at java.util.concurrent.RecursiveAction.exec(RecursiveAction.java:189)
	at java.util.concurrent.ForkJoinTask.doExec(ForkJoinTask.java:289)
	at java.util.concurrent.ForkJoinTask.externalAwaitDone(ForkJoinTask.java:326)
	at java.util.concurrent.ForkJoinTask.doJoin(ForkJoinTask.java:391)
	at java.util.concurrent.ForkJoinTask.invokeAll(ForkJoinTask.java:761)
	at edu.coursera.parallel.ReciprocalArraySum$ReciprocalArraySumTask.compute(ReciprocalArraySum.java:141)
	at java.util.concurrent.RecursiveAction.exec(RecursiveAction.java:189)
	at java.util.concurrent.ForkJoinTask.doExec(ForkJoinTask.java:289)
	at java.util.concurrent.ForkJoinTask.externalAwaitDone(ForkJoinTask.java:326)
	at java.util.concurrent.ForkJoinTask.doJoin(ForkJoinTask.java:391)
	at java.util.concurrent.ForkJoinTask.invokeAll(ForkJoinTask.java:761)
	at edu.coursera.parallel.ReciprocalArraySum$ReciprocalArraySumTask.compute(ReciprocalArraySum.java:141)
	at java.util.concurrent.RecursiveAction.exec(RecursiveAction.java:189)
	at java.util.concurrent.ForkJoinTask.doExec(ForkJoinTask.java:289)
	at java.util.concurrent.ForkJoinTask.externalAwaitDone(ForkJoinTask.java:326)
	at java.util.concurrent.ForkJoinTask.doJoin(ForkJoinTask.java:391)
	at java.util.concurrent.ForkJoinTask.invokeAll(ForkJoinTask.java:761)
	at edu.coursera.parallel.ReciprocalArraySum$ReciprocalArraySumTask.compute(ReciprocalArraySum.java:141)
	at java.util.concurrent.RecursiveAction.exec(RecursiveAction.java:189)
	at java.util.concurrent.ForkJoinTask.doExec(ForkJoinTask.java:289)
	at java.util.concurrent.ForkJoinTask.externalAwaitDone(ForkJoinTask.java:326)
	at java.util.concurrent.ForkJoinTask.doJoin(ForkJoinTask.java:391)
	at java.util.concurrent.ForkJoinTask.invokeAll(ForkJoinTask.java:761)
	at edu.coursera.parallel.ReciprocalArraySum$ReciprocalArraySumTask.compute(ReciprocalArraySum.java:141)
	at java.util.concurrent.RecursiveAction.exec(RecursiveAction.java:189)
	at java.util.concurrent.ForkJoinTask.doExec(ForkJoinTask.java:289)
	at java.util.concurrent.ForkJoinTask.externalAwaitDone(ForkJoinTask.java:326)
	at java.util.concurrent.ForkJoinTask.doJoin(ForkJoinTask.java:391)
	at java.util.concurrent.ForkJoinTask.invokeAll(ForkJoinTask.java:761)
	at edu.coursera.parallel.ReciprocalArraySum$ReciprocalArraySumTask.compute(ReciprocalArraySum.java:141)
	at java.util.concurrent.RecursiveAction.exec(RecursiveAction.java:189)
	at java.util.concurrent.ForkJoinTask.doExec(ForkJoinTask.java:289)
	at java.util.concurrent.ForkJoinTask.externalAwaitDone(ForkJoinTask.java:326)
	at java.util.concurrent.ForkJoinTask.doJoin(ForkJoinTask.java:391)
	at java.util.concurrent.ForkJoinTask.invokeAll(ForkJoinTask.java:761)
	at edu.coursera.parallel.ReciprocalArraySum$ReciprocalArraySumTask.compute(ReciprocalArraySum.java:141)
	at java.util.concurrent.RecursiveAction.exec(RecursiveAction.java:189)
	at java.util.concurrent.ForkJoinTask.doExec(ForkJoinTask.java:289)
	at java.util.concurrent.ForkJoinTask.externalAwaitDone(ForkJoinTask.java:326)
	at java.util.concurrent.ForkJoinTask.doJoin(ForkJoinTask.java:391)
	at java.util.concurrent.ForkJoinTask.invokeAll(ForkJoinTask.java:761)
	at edu.coursera.parallel.ReciprocalArraySum$ReciprocalArraySumTask.compute(ReciprocalArraySum.java:141)
	at java.util.concurrent.RecursiveAction.exec(RecursiveAction.java:189)
	at java.util.concurrent.ForkJoinTask.doExec(ForkJoinTask.java:289)
	at java.util.concurrent.ForkJoinTask.externalAwaitDone(ForkJoinTask.java:326)
	at java.util.concurrent.ForkJoinTask.doJoin(ForkJoinTask.java:391)
	at java.util.concurrent.ForkJoinTask.invokeAll(ForkJoinTask.java:761)
	at edu.coursera.parallel.ReciprocalArraySum$ReciprocalArraySumTask.compute(ReciprocalArraySum.java:141)
	at java.util.concurrent.RecursiveAction.exec(RecursiveAction.java:189)
	at java.util.concurrent.ForkJoinTask.doExec(ForkJoinTask.java:289)
	at java.util.concurrent.ForkJoinTask.externalAwaitDone(ForkJoinTask.java:326)
	at java.util.concurrent.ForkJoinTask.doJoin(ForkJoinTask.java:391)
	at java.util.concurrent.ForkJoinTask.invokeAll(ForkJoinTask.java:761)
	at edu.coursera.parallel.ReciprocalArraySum$ReciprocalArraySumTask.compute(ReciprocalArraySum.java:141)
	at java.util.concurrent.RecursiveAction.exec(RecursiveAction.java:189)
	at java.util.concurrent.ForkJoinTask.doExec(ForkJoinTask.java:289)
	at java.util.concurrent.ForkJoinTask.externalAwaitDone(ForkJoinTask.java:326)
	at java.util.concurrent.ForkJoinTask.doJoin(ForkJoinTask.java:391)
	at java.util.concurrent.ForkJoinTask.invokeAll(ForkJoinTask.java:761)
	at edu.coursera.parallel.ReciprocalArraySum$ReciprocalArraySumTask.compute(ReciprocalArraySum.java:141)
	at java.util.concurrent.RecursiveAction.exec(RecursiveAction.java:189)
	at java.util.concurrent.ForkJoinTask.doExec(ForkJoinTask.java:289)
	at java.util.concurrent.ForkJoinTask.externalAwaitDone(ForkJoinTask.java:326)
	at java.util.concurrent.ForkJoinTask.doJoin(ForkJoinTask.java:391)
	at java.util.concurrent.ForkJoinTask.invokeAll(ForkJoinTask.java:761)
	at edu.coursera.parallel.ReciprocalArraySum$ReciprocalArraySumTask.compute(ReciprocalArraySum.java:141)
	at java.util.concurrent.RecursiveAction.exec(RecursiveAction.java:189)
	at java.util.concurrent.ForkJoinTask.doExec(ForkJoinTask.java:289)
	at java.util.concurrent.ForkJoinTask.externalAwaitDone(ForkJoinTask.java:326)
	at java.util.concurrent.ForkJoinTask.doJoin(ForkJoinTask.java:391)
	at java.util.concurrent.ForkJoinTask.invokeAll(ForkJoinTask.java:761)
	at edu.coursera.parallel.ReciprocalArraySum$ReciprocalArraySumTask.compute(ReciprocalArraySum.java:141)
	at java.util.concurrent.RecursiveAction.exec(RecursiveAction.java:189)
	at java.util.concurrent.ForkJoinTask.doExec(ForkJoinTask.java:289)
	at java.util.concurrent.ForkJoinTask.externalAwaitDone(ForkJoinTask.java:326)
	at java.util.concurrent.ForkJoinTask.doJoin(ForkJoinTask.java:391)
	at java.util.concurrent.ForkJoinTask.invokeAll(ForkJoinTask.java:761)
	at edu.coursera.parallel.ReciprocalArraySum$ReciprocalArraySumTask.compute(ReciprocalArraySum.java:141)
	at java.util.concurrent.RecursiveAction.exec(RecursiveAction.java:189)
	at java.util.concurrent.ForkJoinTask.doExec(ForkJoinTask.java:289)
	at java.util.concurrent.ForkJoinTask.externalAwaitDone(ForkJoinTask.java:326)
	at java.util.concurrent.ForkJoinTask.doJoin(ForkJoinTask.java:391)
	at java.util.concurrent.ForkJoinTask.invokeAll(ForkJoinTask.java:761)
	at edu.coursera.parallel.ReciprocalArraySum$ReciprocalArraySumTask.compute(ReciprocalArraySum.java:141)
	at java.util.concurrent.RecursiveAction.exec(RecursiveAction.java:189)
	at java.util.concurrent.ForkJoinTask.doExec(ForkJoinTask.java:289)
	at java.util.concurrent.ForkJoinTask.externalAwaitDone(ForkJoinTask.java:326)
	at java.util.concurrent.ForkJoinTask.doJoin(ForkJoinTask.java:391)
	at java.util.concurrent.ForkJoinTask.invokeAll(ForkJoinTask.java:761)
	at edu.coursera.parallel.ReciprocalArraySum$ReciprocalArraySumTask.compute(ReciprocalArraySum.java:141)
	at java.util.concurrent.RecursiveAction.exec(RecursiveAction.java:189)
	at java.util.concurrent.ForkJoinTask.doExec(ForkJoinTask.java:289)
	at java.util.concurrent.ForkJoinTask.externalAwaitDone(ForkJoinTask.java:326)
	at java.util.concurrent.ForkJoinTask.doJoin(ForkJoinTask.java:391)
	at java.util.concurrent.ForkJoinTask.invokeAll(ForkJoinTask.java:761)
	at edu.coursera.parallel.ReciprocalArraySum$ReciprocalArraySumTask.compute(ReciprocalArraySum.java:141)
	at java.util.concurrent.RecursiveAction.exec(RecursiveAction.java:189)
	at java.util.concurrent.ForkJoinTask.doExec(ForkJoinTask.java:289)
	at java.util.concurrent.ForkJoinTask.externalAwaitDone(ForkJoinTask.java:326)
	at java.util.concurrent.ForkJoinTask.doJoin(ForkJoinTask.java:391)
	at java.util.concurrent.ForkJoinTask.invokeAll(ForkJoinTask.java:761)
	at edu.coursera.parallel.ReciprocalArraySum$ReciprocalArraySumTask.compute(ReciprocalArraySum.java:141)
	at java.util.concurrent.RecursiveAction.exec(RecursiveAction.java:189)
	at java.util.concurrent.ForkJoinTask.doExec(ForkJoinTask.java:289)
	at java.util.concurrent.ForkJoinTask.externalAwaitDone(ForkJoinTask.java:326)
	at java.util.concurrent.ForkJoinTask.doJoin(ForkJoinTask.java:391)
	at java.util.concurrent.ForkJoinTask.invokeAll(ForkJoinTask.java:761)
	at edu.coursera.parallel.ReciprocalArraySum$ReciprocalArraySumTask.compute(ReciprocalArraySum.java:141)
	at java.util.concurrent.RecursiveAction.exec(RecursiveAction.java:189)
	at java.util.concurrent.ForkJoinTask.doExec(ForkJoinTask.java:289)
	at java.util.concurrent.ForkJoinTask.externalAwaitDone(ForkJoinTask.java:326)
	at java.util.concurrent.ForkJoinTask.doJoin(ForkJoinTask.java:391)
	at java.util.concurrent.ForkJoinTask.invokeAll(ForkJoinTask.java:761)
	at edu.coursera.parallel.ReciprocalArraySum$ReciprocalArraySumTask.compute(ReciprocalArraySum.java:141)
	at java.util.concurrent.RecursiveAction.exec(RecursiveAction.java:189)
	at java.util.concurrent.ForkJoinTask.doExec(ForkJoinTask.java:289)
	at java.util.concurrent.ForkJoinTask.externalAwaitDone(ForkJoinTask.java:326)
	at java.util.concurrent.ForkJoinTask.doJoin(ForkJoinTask.java:391)
	at java.util.concurrent.ForkJoinTask.invokeAll(ForkJoinTask.java:761)
	at edu.coursera.parallel.ReciprocalArraySum$ReciprocalArraySumTask.compute(ReciprocalArraySum.java:141)
	at java.util.concurrent.RecursiveAction.exec(RecursiveAction.java:189)
	at java.util.concurrent.ForkJoinTask.doExec(ForkJoinTask.java:289)
	at java.util.concurrent.ForkJoinTask.externalAwaitDone(ForkJoinTask.java:326)
	at java.util.concurrent.ForkJoinTask.doJoin(ForkJoinTask.java:391)
	at java.util.concurrent.ForkJoinTask.invokeAll(ForkJoinTask.java:761)
	at edu.coursera.parallel.ReciprocalArraySum$ReciprocalArraySumTask.compute(ReciprocalArraySum.java:141)
	at java.util.concurrent.RecursiveAction.exec(RecursiveAction.java:189)
	at java.util.concurrent.ForkJoinTask.doExec(ForkJoinTask.java:289)
	at java.util.concurrent.ForkJoinTask.externalAwaitDone(ForkJoinTask.java:326)
	at java.util.concurrent.ForkJoinTask.doJoin(ForkJoinTask.java:391)
	at java.util.concurrent.ForkJoinTask.invokeAll(ForkJoinTask.java:761)
	at edu.coursera.parallel.ReciprocalArraySum$ReciprocalArraySumTask.compute(ReciprocalArraySum.java:141)
	at java.util.concurrent.RecursiveAction.exec(RecursiveAction.java:189)
	at java.util.concurrent.ForkJoinTask.doExec(ForkJoinTask.java:289)
	at java.util.concurrent.ForkJoinTask.externalAwaitDone(ForkJoinTask.java:326)
	at java.util.concurrent.ForkJoinTask.doJoin(ForkJoinTask.java:391)
	at java.util.concurrent.ForkJoinTask.invokeAll(ForkJoinTask.java:761)
	at edu.coursera.parallel.ReciprocalArraySum$ReciprocalArraySumTask.compute(ReciprocalArraySum.java:141)
	at java.util.concurrent.RecursiveAction.exec(RecursiveAction.java:189)
	at java.util.concurrent.ForkJoinTask.doExec(ForkJoinTask.java:289)
	at java.util.concurrent.ForkJoinTask.externalAwaitDone(ForkJoinTask.java:326)
	at java.util.concurrent.ForkJoinTask.doJoin(ForkJoinTask.java:391)
	at java.util.concurrent.ForkJoinTask.invokeAll(ForkJoinTask.java:761)
	at edu.coursera.parallel.ReciprocalArraySum$ReciprocalArraySumTask.compute(ReciprocalArraySum.java:141)
	at java.util.concurrent.RecursiveAction.exec(RecursiveAction.java:189)
	at java.util.concurrent.ForkJoinTask.doExec(ForkJoinTask.java:289)
	at java.util.concurrent.ForkJoinTask.externalAwaitDone(ForkJoinTask.java:326)
	at java.util.concurrent.ForkJoinTask.doJoin(ForkJoinTask.java:391)
	at java.util.concurrent.ForkJoinTask.invokeAll(ForkJoinTask.java:761)
	at edu.coursera.parallel.ReciprocalArraySum$ReciprocalArraySumTask.compute(ReciprocalArraySum.java:141)
	at java.util.concurrent.RecursiveAction.exec(RecursiveAction.java:189)
	at java.util.concurrent.ForkJoinTask.doExec(ForkJoinTask.java:289)
	at java.util.concurrent.ForkJoinTask.externalAwaitDone(ForkJoinTask.java:326)
	at java.util.concurrent.ForkJoinTask.doJoin(ForkJoinTask.java:391)
	at java.util.concurrent.ForkJoinTask.invokeAll(ForkJoinTask.java:761)
	at edu.coursera.parallel.ReciprocalArraySum$ReciprocalArraySumTask.compute(ReciprocalArraySum.java:141)
	at java.util.concurrent.RecursiveAction.exec(RecursiveAction.java:189)
	at java.util.concurrent.ForkJoinTask.doExec(ForkJoinTask.java:289)
	at java.util.concurrent.ForkJoinTask.externalAwaitDone(ForkJoinTask.java:326)
	at java.util.concurrent.ForkJoinTask.doJoin(ForkJoinTask.java:391)
	at java.util.concurrent.ForkJoinTask.invokeAll(ForkJoinTask.java:761)
	at edu.coursera.parallel.ReciprocalArraySum$ReciprocalArraySumTask.compute(ReciprocalArraySum.java:141)
	at java.util.concurrent.RecursiveAction.exec(RecursiveAction.java:189)
	at java.util.concurrent.ForkJoinTask.doExec(ForkJoinTask.java:289)
	at java.util.concurrent.ForkJoinTask.externalAwaitDone(ForkJoinTask.java:326)
	at java.util.concurrent.ForkJoinTask.doJoin(ForkJoinTask.java:391)
	at java.util.concurrent.ForkJoinTask.invokeAll(ForkJoinTask.java:761)
	at edu.coursera.parallel.ReciprocalArraySum$ReciprocalArraySumTask.compute(ReciprocalArraySum.java:141)
	at java.util.concurrent.RecursiveAction.exec(RecursiveAction.java:189)
	at java.util.concurrent.ForkJoinTask.doExec(ForkJoinTask.java:289)
	at java.util.concurrent.ForkJoinTask.externalAwaitDone(ForkJoinTask.java:326)
	at java.util.concurrent.ForkJoinTask.doJoin(ForkJoinTask.java:391)
	at java.util.concurrent.ForkJoinTask.invokeAll(ForkJoinTask.java:761)
	at edu.coursera.parallel.ReciprocalArraySum$ReciprocalArraySumTask.compute(ReciprocalArraySum.java:141)
	at java.util.concurrent.RecursiveAction.exec(RecursiveAction.java:189)
	at java.util.concurrent.ForkJoinTask.doExec(ForkJoinTask.java:289)
	at java.util.concurrent.ForkJoinTask.externalAwaitDone(ForkJoinTask.java:326)
	at java.util.concurrent.ForkJoinTask.doJoin(ForkJoinTask.java:391)
	at java.util.concurrent.ForkJoinTask.invokeAll(ForkJoinTask.java:761)
	at edu.coursera.parallel.ReciprocalArraySum$ReciprocalArraySumTask.compute(ReciprocalArraySum.java:141)
	at java.util.concurrent.RecursiveAction.exec(RecursiveAction.java:189)
	at java.util.concurrent.ForkJoinTask.doExec(ForkJoinTask.java:289)
	at java.util.concurrent.ForkJoinTask.externalAwaitDone(ForkJoinTask.java:326)
	at java.util.concurrent.ForkJoinTask.doJoin(ForkJoinTask.java:391)
	at java.util.concurrent.ForkJoinTask.invokeAll(ForkJoinTask.java:761)
	at edu.coursera.parallel.ReciprocalArraySum$ReciprocalArraySumTask.compute(ReciprocalArraySum.java:141)
	at java.util.concurrent.RecursiveAction.exec(RecursiveAction.java:189)
	at java.util.concurrent.ForkJoinTask.doExec(ForkJoinTask.java:289)
	at java.util.concurrent.ForkJoinTask.externalAwaitDone(ForkJoinTask.java:326)
	at java.util.concurrent.ForkJoinTask.doJoin(ForkJoinTask.java:391)
	at java.util.concurrent.ForkJoinTask.invokeAll(ForkJoinTask.java:761)
	at edu.coursera.parallel.ReciprocalArraySum$ReciprocalArraySumTask.compute(ReciprocalArraySum.java:141)
	at java.util.concurrent.RecursiveAction.exec(RecursiveAction.java:189)
	at java.util.concurrent.ForkJoinTask.doExec(ForkJoinTask.java:289)
	at java.util.concurrent.ForkJoinTask.externalAwaitDone(ForkJoinTask.java:326)
	at java.util.concurrent.ForkJoinTask.doJoin(ForkJoinTask.java:391)
	at java.util.concurrent.ForkJoinTask.invokeAll(ForkJoinTask.java:761)
	at edu.coursera.parallel.ReciprocalArraySum$ReciprocalArraySumTask.compute(ReciprocalArraySum.java:141)
	at java.util.concurrent.RecursiveAction.exec(RecursiveAction.java:189)
	at java.util.concurrent.ForkJoinTask.doExec(ForkJoinTask.java:289)
	at java.util.concurrent.ForkJoinTask.externalAwaitDone(ForkJoinTask.java:326)
	at java.util.concurrent.ForkJoinTask.doJoin(ForkJoinTask.java:391)
	at java.util.concurrent.ForkJoinTask.invokeAll(ForkJoinTask.java:761)
	at edu.coursera.parallel.ReciprocalArraySum$ReciprocalArraySumTask.compute(ReciprocalArraySum.java:141)
	at java.util.concurrent.RecursiveAction.exec(RecursiveAction.java:189)
	at java.util.concurrent.ForkJoinTask.doExec(ForkJoinTask.java:289)
	at java.util.concurrent.ForkJoinTask.externalAwaitDone(ForkJoinTask.java:326)
	at java.util.concurrent.ForkJoinTask.doJoin(ForkJoinTask.java:391)
	at java.util.concurrent.ForkJoinTask.invokeAll(ForkJoinTask.java:761)
	at edu.coursera.parallel.ReciprocalArraySum$ReciprocalArraySumTask.compute(ReciprocalArraySum.java:141)
	at java.util.concurrent.RecursiveAction.exec(RecursiveAction.java:189)
	at java.util.concurrent.ForkJoinTask.doExec(ForkJoinTask.java:289)
	at java.util.concurrent.ForkJoinTask.externalAwaitDone(ForkJoinTask.java:326)
	at java.util.concurrent.ForkJoinTask.doJoin(ForkJoinTask.java:391)
	at java.util.concurrent.ForkJoinTask.invokeAll(ForkJoinTask.java:761)
	at edu.coursera.parallel.ReciprocalArraySum$ReciprocalArraySumTask.compute(ReciprocalArraySum.java:141)
	at java.util.concurrent.RecursiveAction.exec(RecursiveAction.java:189)
	at java.util.concurrent.ForkJoinTask.doExec(ForkJoinTask.java:289)
	at java.util.concurrent.ForkJoinTask.externalAwaitDone(ForkJoinTask.java:326)
	at java.util.concurrent.ForkJoinTask.doJoin(ForkJoinTask.java:391)
	at java.util.concurrent.ForkJoinTask.invokeAll(ForkJoinTask.java:761)
	at edu.coursera.parallel.ReciprocalArraySum$ReciprocalArraySumTask.compute(ReciprocalArraySum.java:141)
	at java.util.concurrent.RecursiveAction.exec(RecursiveAction.java:189)
	at java.util.concurrent.ForkJoinTask.doExec(ForkJoinTask.java:289)
	at java.util.concurrent.ForkJoinTask.externalAwaitDone(ForkJoinTask.java:326)
	at java.util.concurrent.ForkJoinTask.doJoin(ForkJoinTask.java:391)
	at java.util.concurrent.ForkJoinTask.invokeAll(ForkJoinTask.java:761)
	at edu.coursera.parallel.ReciprocalArraySum$ReciprocalArraySumTask.compute(ReciprocalArraySum.java:141)
	at java.util.concurrent.RecursiveAction.exec(RecursiveAction.java:189)
	at java.util.concurrent.ForkJoinTask.doExec(ForkJoinTask.java:289)
	at java.util.concurrent.ForkJoinTask.externalAwaitDone(ForkJoinTask.java:326)
	at java.util.concurrent.ForkJoinTask.doJoin(ForkJoinTask.java:391)
	at java.util.concurrent.ForkJoinTask.invokeAll(ForkJoinTask.java:761)
	at edu.coursera.parallel.ReciprocalArraySum$ReciprocalArraySumTask.compute(ReciprocalArraySum.java:141)
	at java.util.concurrent.RecursiveAction.exec(RecursiveAction.java:189)
	at java.util.concurrent.ForkJoinTask.doExec(ForkJoinTask.java:289)
	at java.util.concurrent.ForkJoinTask.externalAwaitDone(ForkJoinTask.java:326)
	at java.util.concurrent.ForkJoinTask.doJoin(ForkJoinTask.java:391)
	at java.util.concurrent.ForkJoinTask.invokeAll(ForkJoinTask.java:761)
	at edu.coursera.parallel.ReciprocalArraySum$ReciprocalArraySumTask.compute(ReciprocalArraySum.java:141)
	at java.util.concurrent.RecursiveAction.exec(RecursiveAction.java:189)
	at java.util.concurrent.ForkJoinTask.doExec(ForkJoinTask.java:289)
	at java.util.concurrent.ForkJoinTask.externalAwaitDone(ForkJoinTask.java:326)
	at java.util.concurrent.ForkJoinTask.doJoin(ForkJoinTask.java:391)
	at java.util.concurrent.ForkJoinTask.invokeAll(ForkJoinTask.java:761)
	at edu.coursera.parallel.ReciprocalArraySum$ReciprocalArraySumTask.compute(ReciprocalArraySum.java:141)
	at java.util.concurrent.RecursiveAction.exec(RecursiveAction.java:189)
	at java.util.concurrent.ForkJoinTask.doExec(ForkJoinTask.java:289)
	at java.util.concurrent.ForkJoinTask.externalAwaitDone(ForkJoinTask.java:326)
	at java.util.concurrent.ForkJoinTask.doJoin(ForkJoinTask.java:391)
	at java.util.concurrent.ForkJoinTask.invokeAll(ForkJoinTask.java:761)
	at edu.coursera.parallel.ReciprocalArraySum$ReciprocalArraySumTask.compute(ReciprocalArraySum.java:141)
	at java.util.concurrent.RecursiveAction.exec(RecursiveAction.java:189)
	at java.util.concurrent.ForkJoinTask.doExec(ForkJoinTask.java:289)
	at java.util.concurrent.ForkJoinTask.externalAwaitDone(ForkJoinTask.java:326)
	at java.util.concurrent.ForkJoinTask.doJoin(ForkJoinTask.java:391)
	at java.util.concurrent.ForkJoinTask.invokeAll(ForkJoinTask.java:761)
	at edu.coursera.parallel.ReciprocalArraySum$ReciprocalArraySumTask.compute(ReciprocalArraySum.java:141)
	at java.util.concurrent.RecursiveAction.exec(RecursiveAction.java:189)
	at java.util.concurrent.ForkJoinTask.doExec(ForkJoinTask.java:289)
	at java.util.concurrent.ForkJoinTask.externalAwaitDone(ForkJoinTask.java:326)
	at java.util.concurrent.ForkJoinTask.doJoin(ForkJoinTask.java:391)
	at java.util.concurrent.ForkJoinTask.invokeAll(ForkJoinTask.java:761)
	at edu.coursera.parallel.ReciprocalArraySum$ReciprocalArraySumTask.compute(ReciprocalArraySum.java:141)
	at java.util.concurrent.RecursiveAction.exec(RecursiveAction.java:189)
	at java.util.concurrent.ForkJoinTask.doExec(ForkJoinTask.java:289)
	at java.util.concurrent.ForkJoinTask.externalAwaitDone(ForkJoinTask.java:326)
	at java.util.concurrent.ForkJoinTask.doJoin(ForkJoinTask.java:391)
	at java.util.concurrent.ForkJoinTask.invokeAll(ForkJoinTask.java:761)
	at edu.coursera.parallel.ReciprocalArraySum$ReciprocalArraySumTask.compute(ReciprocalArraySum.java:141)
	at java.util.concurrent.RecursiveAction.exec(RecursiveAction.java:189)
	at java.util.concurrent.ForkJoinTask.doExec(ForkJoinTask.java:289)
	at java.util.concurrent.ForkJoinTask.externalAwaitDone(ForkJoinTask.java:326)
	at java.util.concurrent.ForkJoinTask.doJoin(ForkJoinTask.java:391)
	at java.util.concurrent.ForkJoinTask.invokeAll(ForkJoinTask.java:761)
	at edu.coursera.parallel.ReciprocalArraySum$ReciprocalArraySumTask.compute(ReciprocalArraySum.java:141)
	at java.util.concurrent.RecursiveAction.exec(RecursiveAction.java:189)
	at java.util.concurrent.ForkJoinTask.doExec(ForkJoinTask.java:289)
	at java.util.concurrent.ForkJoinTask.externalAwaitDone(ForkJoinTask.java:326)
	at java.util.concurrent.ForkJoinTask.doJoin(ForkJoinTask.java:391)
	at java.util.concurrent.ForkJoinTask.invokeAll(ForkJoinTask.java:761)
	at edu.coursera.parallel.ReciprocalArraySum$ReciprocalArraySumTask.compute(ReciprocalArraySum.java:141)
	at java.util.concurrent.RecursiveAction.exec(RecursiveAction.java:189)
	at java.util.concurrent.ForkJoinTask.doExec(ForkJoinTask.java:289)
	at java.util.concurrent.ForkJoinTask.externalAwaitDone(ForkJoinTask.java:326)
	at java.util.concurrent.ForkJoinTask.doJoin(ForkJoinTask.java:391)
	at java.util.concurrent.ForkJoinTask.invokeAll(ForkJoinTask.java:761)
	at edu.coursera.parallel.ReciprocalArraySum$ReciprocalArraySumTask.compute(ReciprocalArraySum.java:141)
	at java.util.concurrent.RecursiveAction.exec(RecursiveAction.java:189)
	at java.util.concurrent.ForkJoinTask.doExec(ForkJoinTask.java:289)
	at java.util.concurrent.ForkJoinTask.externalAwaitDone(ForkJoinTask.java:326)
	at java.util.concurrent.ForkJoinTask.doJoin(ForkJoinTask.java:391)
	at java.util.concurrent.ForkJoinTask.invokeAll(ForkJoinTask.java:761)
	at edu.coursera.parallel.ReciprocalArraySum$ReciprocalArraySumTask.compute(ReciprocalArraySum.java:141)
	at java.util.concurrent.RecursiveAction.exec(RecursiveAction.java:189)
	at java.util.concurrent.ForkJoinTask.doExec(ForkJoinTask.java:289)
	at java.util.concurrent.ForkJoinTask.externalAwaitDone(ForkJoinTask.java:326)
	at java.util.concurrent.ForkJoinTask.doJoin(ForkJoinTask.java:391)
	at java.util.concurrent.ForkJoinTask.invokeAll(ForkJoinTask.java:761)
	at edu.coursera.parallel.ReciprocalArraySum$ReciprocalArraySumTask.compute(ReciprocalArraySum.java:141)
	at java.util.concurrent.RecursiveAction.exec(RecursiveAction.java:189)
	at java.util.concurrent.ForkJoinTask.doExec(ForkJoinTask.java:289)
	at java.util.concurrent.ForkJoinTask.externalAwaitDone(ForkJoinTask.java:326)
	at java.util.concurrent.ForkJoinTask.doJoin(ForkJoinTask.java:391)
	at java.util.concurrent.ForkJoinTask.invokeAll(ForkJoinTask.java:761)
	at edu.coursera.parallel.ReciprocalArraySum$ReciprocalArraySumTask.compute(ReciprocalArraySum.java:141)
	at java.util.concurrent.RecursiveAction.exec(RecursiveAction.java:189)
	at java.util.concurrent.ForkJoinTask.doExec(ForkJoinTask.java:289)
	at java.util.concurrent.ForkJoinTask.externalAwaitDone(ForkJoinTask.java:326)
	at java.util.concurrent.ForkJoinTask.doJoin(ForkJoinTask.java:391)
	at java.util.concurrent.ForkJoinTask.invokeAll(ForkJoinTask.java:761)
	at edu.coursera.parallel.ReciprocalArraySum$ReciprocalArraySumTask.compute(ReciprocalArraySum.java:141)
	at java.util.concurrent.RecursiveAction.exec(RecursiveAction.java:189)
	at java.util.concurrent.ForkJoinTask.doExec(ForkJoinTask.java:289)
	at java.util.concurrent.ForkJoinTask.externalAwaitDone(ForkJoinTask.java:326)
	at java.util.concurrent.ForkJoinTask.doJoin(ForkJoinTask.java:391)
	at java.util.concurrent.ForkJoinTask.invokeAll(ForkJoinTask.java:761)
	at edu.coursera.parallel.ReciprocalArraySum$ReciprocalArraySumTask.compute(ReciprocalArraySum.java:141)
	at java.util.concurrent.RecursiveAction.exec(RecursiveAction.java:189)
	at java.util.concurrent.ForkJoinTask.doExec(ForkJoinTask.java:289)
	at java.util.concurrent.ForkJoinTask.externalAwaitDone(ForkJoinTask.java:326)
	at java.util.concurrent.ForkJoinTask.doJoin(ForkJoinTask.java:391)
	at java.util.concurrent.ForkJoinTask.invokeAll(ForkJoinTask.java:761)
	at edu.coursera.parallel.ReciprocalArraySum$ReciprocalArraySumTask.compute(ReciprocalArraySum.java:141)
	at java.util.concurrent.RecursiveAction.exec(RecursiveAction.java:189)
	at java.util.concurrent.ForkJoinTask.doExec(ForkJoinTask.java:289)
	at java.util.concurrent.ForkJoinTask.externalAwaitDone(ForkJoinTask.java:326)
	at java.util.concurrent.ForkJoinTask.doJoin(ForkJoinTask.java:391)
	at java.util.concurrent.ForkJoinTask.invokeAll(ForkJoinTask.java:761)
	at edu.coursera.parallel.ReciprocalArraySum$ReciprocalArraySumTask.compute(ReciprocalArraySum.java:141)
	at java.util.concurrent.RecursiveAction.exec(RecursiveAction.java:189)
	at java.util.concurrent.ForkJoinTask.doExec(ForkJoinTask.java:289)
	at java.util.concurrent.ForkJoinTask.externalAwaitDone(ForkJoinTask.java:326)
	at java.util.concurrent.ForkJoinTask.doJoin(ForkJoinTask.java:391)
	at java.util.concurrent.ForkJoinTask.invokeAll(ForkJoinTask.java:761)
	at edu.coursera.parallel.ReciprocalArraySum$ReciprocalArraySumTask.compute(ReciprocalArraySum.java:141)
	at java.util.concurrent.RecursiveAction.exec(RecursiveAction.java:189)
	at java.util.concurrent.ForkJoinTask.doExec(ForkJoinTask.java:289)
	at java.util.concurrent.ForkJoinTask.externalAwaitDone(ForkJoinTask.java:326)
	at java.util.concurrent.ForkJoinTask.doJoin(ForkJoinTask.java:391)
	at java.util.concurrent.ForkJoinTask.invokeAll(ForkJoinTask.java:761)
	at edu.coursera.parallel.ReciprocalArraySum$ReciprocalArraySumTask.compute(ReciprocalArraySum.java:141)
	at java.util.concurrent.RecursiveAction.exec(RecursiveAction.java:189)
	at java.util.concurrent.ForkJoinTask.doExec(ForkJoinTask.java:289)
	at java.util.concurrent.ForkJoinTask.externalAwaitDone(ForkJoinTask.java:326)
	at java.util.concurrent.ForkJoinTask.doJoin(ForkJoinTask.java:391)
	at java.util.concurrent.ForkJoinTask.invokeAll(ForkJoinTask.java:761)
	at edu.coursera.parallel.ReciprocalArraySum$ReciprocalArraySumTask.compute(ReciprocalArraySum.java:141)
	at java.util.concurrent.RecursiveAction.exec(RecursiveAction.java:189)
	at java.util.concurrent.ForkJoinTask.doExec(ForkJoinTask.java:289)
	at java.util.concurrent.ForkJoinTask.externalAwaitDone(ForkJoinTask.java:326)
	at java.util.concurrent.ForkJoinTask.doJoin(ForkJoinTask.java:391)
	at java.util.concurrent.ForkJoinTask.invokeAll(ForkJoinTask.java:761)
	at edu.coursera.parallel.ReciprocalArraySum$ReciprocalArraySumTask.compute(ReciprocalArraySum.java:141)
	at java.util.concurrent.RecursiveAction.exec(RecursiveAction.java:189)
	at java.util.concurrent.ForkJoinTask.doExec(ForkJoinTask.java:289)
	at java.util.concurrent.ForkJoinTask.externalAwaitDone(ForkJoinTask.java:326)
	at java.util.concurrent.ForkJoinTask.doJoin(ForkJoinTask.java:391)
	at java.util.concurrent.ForkJoinTask.invokeAll(ForkJoinTask.java:761)
	at edu.coursera.parallel.ReciprocalArraySum$ReciprocalArraySumTask.compute(ReciprocalArraySum.java:141)
	at java.util.concurrent.RecursiveAction.exec(RecursiveAction.java:189)
	at java.util.concurrent.ForkJoinTask.doExec(ForkJoinTask.java:289)
	at java.util.concurrent.ForkJoinTask.externalAwaitDone(ForkJoinTask.java:326)
	at java.util.concurrent.ForkJoinTask.doJoin(ForkJoinTask.java:391)
	at java.util.concurrent.ForkJoinTask.invokeAll(ForkJoinTask.java:761)
	at edu.coursera.parallel.ReciprocalArraySum$ReciprocalArraySumTask.compute(ReciprocalArraySum.java:141)
	at java.util.concurrent.RecursiveAction.exec(RecursiveAction.java:189)
	at java.util.concurrent.ForkJoinTask.doExec(ForkJoinTask.java:289)
	at java.util.concurrent.ForkJoinTask.externalAwaitDone(ForkJoinTask.java:326)
	at java.util.concurrent.ForkJoinTask.doJoin(ForkJoinTask.java:391)
	at java.util.concurrent.ForkJoinTask.invokeAll(ForkJoinTask.java:761)
	at edu.coursera.parallel.ReciprocalArraySum$ReciprocalArraySumTask.compute(ReciprocalArraySum.java:141)
	at java.util.concurrent.RecursiveAction.exec(RecursiveAction.java:189)
	at java.util.concurrent.ForkJoinTask.doExec(ForkJoinTask.java:289)
	at java.util.concurrent.ForkJoinTask.doInvoke(ForkJoinTask.java:401)
	at java.util.concurrent.ForkJoinTask.invokeAll(ForkJoinTask.java:759)
	at edu.coursera.parallel.ReciprocalArraySum$ReciprocalArraySumTask.compute(ReciprocalArraySum.java:141)
	at java.util.concurrent.RecursiveAction.exec(RecursiveAction.java:189)
	at java.util.concurrent.ForkJoinTask.doExec(ForkJoinTask.java:289)
	at java.util.concurrent.ForkJoinTask.doInvoke(ForkJoinTask.java:401)
	at java.util.concurrent.ForkJoinTask.invokeAll(ForkJoinTask.java:759)
	at edu.coursera.parallel.ReciprocalArraySum$ReciprocalArraySumTask.compute(ReciprocalArraySum.java:141)
	at java.util.concurrent.RecursiveAction.exec(RecursiveAction.java:189)
	at java.util.concurrent.ForkJoinTask.doExec(ForkJoinTask.java:289)
	at java.util.concurrent.ForkJoinTask.doInvoke(ForkJoinTask.java:401)
	at java.util.concurrent.ForkJoinTask.invokeAll(ForkJoinTask.java:759)
	at edu.coursera.parallel.ReciprocalArraySum$ReciprocalArraySumTask.compute(ReciprocalArraySum.java:141)
	at java.util.concurrent.RecursiveAction.exec(RecursiveAction.java:189)
	at java.util.concurrent.ForkJoinTask.doExec(ForkJoinTask.java:289)
	at java.util.concurrent.ForkJoinTask.doInvoke(ForkJoinTask.java:401)
	at java.util.concurrent.ForkJoinTask.invokeAll(ForkJoinTask.java:759)
	at edu.coursera.parallel.ReciprocalArraySum$ReciprocalArraySumTask.compute(ReciprocalArraySum.java:141)
	at java.util.concurrent.RecursiveAction.exec(RecursiveAction.java:189)
	at java.util.concurrent.ForkJoinTask.doExec(ForkJoinTask.java:289)
	at java.util.concurrent.ForkJoinTask.doInvoke(ForkJoinTask.java:401)
	at java.util.concurrent.ForkJoinTask.invokeAll(ForkJoinTask.java:759)
	at edu.coursera.parallel.ReciprocalArraySum$ReciprocalArraySumTask.compute(ReciprocalArraySum.java:141)
	at java.util.concurrent.RecursiveAction.exec(RecursiveAction.java:189)
	at java.util.concurrent.ForkJoinTask.doExec(ForkJoinTask.java:289)
	at java.util.concurrent.ForkJoinTask.doInvoke(ForkJoinTask.java:401)
	at java.util.concurrent.ForkJoinTask.invokeAll(ForkJoinTask.java:759)
	at edu.coursera.parallel.ReciprocalArraySum$ReciprocalArraySumTask.compute(ReciprocalArraySum.java:141)
	at java.util.concurrent.RecursiveAction.exec(RecursiveAction.java:189)
	at java.util.concurrent.ForkJoinTask.doExec(ForkJoinTask.java:289)
	at java.util.concurrent.ForkJoinTask.doInvoke(ForkJoinTask.java:401)
	at java.util.concurrent.ForkJoinTask.invokeAll(ForkJoinTask.java:759)
	at edu.coursera.parallel.ReciprocalArraySum$ReciprocalArraySumTask.compute(ReciprocalArraySum.java:141)
	at java.util.concurrent.RecursiveAction.exec(RecursiveAction.java:189)
	at java.util.concurrent.ForkJoinTask.doExec(ForkJoinTask.java:289)
	at java.util.concurrent.ForkJoinTask.doInvoke(ForkJoinTask.java:401)
	at java.util.concurrent.ForkJoinTask.invokeAll(ForkJoinTask.java:759)
	at edu.coursera.parallel.ReciprocalArraySum$ReciprocalArraySumTask.compute(ReciprocalArraySum.java:141)
	at java.util.concurrent.RecursiveAction.exec(RecursiveAction.java:189)
	at java.util.concurrent.ForkJoinTask.doExec(ForkJoinTask.java:289)
	at java.util.concurrent.ForkJoinTask.doInvoke(ForkJoinTask.java:401)
	at java.util.concurrent.ForkJoinTask.invokeAll(ForkJoinTask.java:759)
	at edu.coursera.parallel.ReciprocalArraySum$ReciprocalArraySumTask.compute(ReciprocalArraySum.java:141)
	at java.util.concurrent.RecursiveAction.exec(RecursiveAction.java:189)
	at java.util.concurrent.ForkJoinTask.doExec(ForkJoinTask.java:289)
	at java.util.concurrent.ForkJoinTask.doInvoke(ForkJoinTask.java:401)
	at java.util.concurrent.ForkJoinTask.invokeAll(ForkJoinTask.java:759)
	at edu.coursera.parallel.ReciprocalArraySum$ReciprocalArraySumTask.compute(ReciprocalArraySum.java:141)
	at java.util.concurrent.RecursiveAction.exec(RecursiveAction.java:189)
	at java.util.concurrent.ForkJoinTask.doExec(ForkJoinTask.java:289)
	at java.util.concurrent.ForkJoinTask.doInvoke(ForkJoinTask.java:401)
	at java.util.concurrent.ForkJoinTask.invokeAll(ForkJoinTask.java:759)
	at edu.coursera.parallel.ReciprocalArraySum$ReciprocalArraySumTask.compute(ReciprocalArraySum.java:141)
	at java.util.concurrent.RecursiveAction.exec(RecursiveAction.java:189)
	at java.util.concurrent.ForkJoinTask.doExec(ForkJoinTask.java:289)
	at java.util.concurrent.ForkJoinTask.doInvoke(ForkJoinTask.java:401)
	at java.util.concurrent.ForkJoinTask.invokeAll(ForkJoinTask.java:759)
	at edu.coursera.parallel.ReciprocalArraySum$ReciprocalArraySumTask.compute(ReciprocalArraySum.java:141)
	at java.util.concurrent.RecursiveAction.exec(RecursiveAction.java:189)
	at java.util.concurrent.ForkJoinTask.doExec(ForkJoinTask.java:289)
	at java.util.concurrent.ForkJoinTask.externalAwaitDone(ForkJoinTask.java:326)
	at java.util.concurrent.ForkJoinTask.doJoin(ForkJoinTask.java:391)
	at java.util.concurrent.ForkJoinTask.join(ForkJoinTask.java:719)
	at java.util.concurrent.ForkJoinPool.invoke(ForkJoinPool.java:2616)
	at edu.coursera.parallel.ReciprocalArraySum.parArraySum(ReciprocalArraySum.java:173)
	at edu.coursera.parallel.ReciprocalArraySumTest.parTestHelper(ReciprocalArraySumTest.java:77)
	at edu.coursera.parallel.ReciprocalArraySumTest.testParSimpleOneHundredMillion(ReciprocalArraySumTest.java:127)

testParManyTaskOneMillion(edu.coursera.parallel.ReciprocalArraySumTest)  Time elapsed: 0.052 sec  <<< ERROR!
java.lang.NoClassDefFoundError: Could not initialize class java.util.concurrent.locks.AbstractQueuedSynchronizer$Node
	at java.util.concurrent.locks.AbstractQueuedSynchronizer.acquire(AbstractQueuedSynchronizer.java:1198)
	at java.util.concurrent.locks.ReentrantLock$NonfairSync.lock(ReentrantLock.java:209)
	at java.util.concurrent.locks.ReentrantLock.lock(ReentrantLock.java:285)
	at java.util.concurrent.ForkJoinTask.recordExceptionalCompletion(ForkJoinTask.java:464)
	at java.util.concurrent.ForkJoinTask.setExceptionalCompletion(ForkJoinTask.java:491)
	at java.util.concurrent.ForkJoinTask.doExec(ForkJoinTask.java:291)
	at java.util.concurrent.ForkJoinTask.externalAwaitDone(ForkJoinTask.java:326)
	at java.util.concurrent.ForkJoinTask.doJoin(ForkJoinTask.java:391)
	at java.util.concurrent.ForkJoinTask.join(ForkJoinTask.java:719)
	at java.util.concurrent.ForkJoinPool.invoke(ForkJoinPool.java:2616)
	at edu.coursera.parallel.ReciprocalArraySum.parManyTaskArraySum(ReciprocalArraySum.java:203)
	at edu.coursera.parallel.ReciprocalArraySumTest.parTestHelper(ReciprocalArraySumTest.java:74)
	at edu.coursera.parallel.ReciprocalArraySumTest.testParManyTaskOneMillion(ReciprocalArraySumTest.java:140)

testParManyTaskOneHundredMillion(edu.coursera.parallel.ReciprocalArraySumTest)  Time elapsed: 2.863 sec  <<< ERROR!
java.lang.NoClassDefFoundError: Could not initialize class java.util.concurrent.locks.AbstractQueuedSynchronizer$Node
	at java.util.concurrent.locks.AbstractQueuedSynchronizer.acquire(AbstractQueuedSynchronizer.java:1198)
	at java.util.concurrent.locks.ReentrantLock$NonfairSync.lock(ReentrantLock.java:209)
	at java.util.concurrent.locks.ReentrantLock.lock(ReentrantLock.java:285)
	at java.util.concurrent.ForkJoinTask.recordExceptionalCompletion(ForkJoinTask.java:464)
	at java.util.concurrent.ForkJoinTask.setExceptionalCompletion(ForkJoinTask.java:491)
	at java.util.concurrent.ForkJoinTask.doExec(ForkJoinTask.java:291)
	at java.util.concurrent.ForkJoinTask.externalAwaitDone(ForkJoinTask.java:326)
	at java.util.concurrent.ForkJoinTask.doJoin(ForkJoinTask.java:391)
	at java.util.concurrent.ForkJoinTask.join(ForkJoinTask.java:719)
	at java.util.concurrent.ForkJoinPool.invoke(ForkJoinPool.java:2616)
	at edu.coursera.parallel.ReciprocalArraySum.parManyTaskArraySum(ReciprocalArraySum.java:203)
	at edu.coursera.parallel.ReciprocalArraySumTest.parTestHelper(ReciprocalArraySumTest.java:74)
	at edu.coursera.parallel.ReciprocalArraySumTest.testParManyTaskOneHundredMillion(ReciprocalArraySumTest.java:151)

