<?xml version="1.0" encoding="UTF-8"?>
<testsuite name="edu.coursera.parallel.ReciprocalArraySumTest" time="5.393" tests="4" errors="4" skipped="0" failures="0">
  <properties>
[...]
</properties>
  <testcase name="testParSimpleOneMillion" classname="edu.coursera.parallel.ReciprocalArraySumTest" time="0.147">
    <error message="Could not initialize class java.util.concurrent.locks.AbstractQueuedSynchronizer$Node" type="java.lang.NoClassDefFoundError">java.lang.NoClassDefFoundError: Could not initialize class java.util.concurrent.locks.AbstractQueuedSynchronizer$Node
	at java.util.concurrent.locks.AbstractQueuedSynchronizer.acquire(AbstractQueuedSynchronizer.java:1198)
	at java.util.concurrent.locks.ReentrantLock$NonfairSync.lock(ReentrantLock.java:209)
	at java.util.concurrent.locks.ReentrantLock.lock(ReentrantLock.java:285)
	at java.util.concurrent.ForkJoinTask.recordExceptionalCompletion(ForkJoinTask.java:464)
	at java.util.concurrent.ForkJoinTask.setExceptionalCompletion(ForkJoinTask.java:491)
	at java.util.concurrent.ForkJoinTask.doExec(ForkJoinTask.java:291)
	at java.util.concurrent.ForkJoinTask.externalAwaitDone(ForkJoinTask.java:326)
	at java.util.concurrent.ForkJoinTask.doJoin(ForkJoinTask.java:391)
	at java.util.concurrent.ForkJoinTask.invokeAll(ForkJoinTask.java:761)
	at edu.coursera.parallel.ReciprocalArraySum$ReciprocalArraySumTask.compute(ReciprocalArraySum.java:141)
	at java.util.concurrent.RecursiveAction.exec(RecursiveAction.java:189)
	at java.util.concurrent.ForkJoinTask.doExec(ForkJoinTask.java:289)
	at java.util.concurrent.ForkJoinTask.externalAwaitDone(ForkJoinTask.java:326)
	at java.util.concurrent.ForkJoinTask.doJoin(ForkJoinTask.java:391)
	at java.util.concurrent.ForkJoinTask.invokeAll(ForkJoinTask.java:761)
	at edu.coursera.parallel.ReciprocalArraySum$ReciprocalArraySumTask.compute(ReciprocalArraySum.java:141)
	at java.util.concurrent.RecursiveAction.exec(RecursiveAction.java:189)
	at java.util.concurrent.ForkJoinTask.doExec(ForkJoinTask.java:289)
	at java.util.concurrent.ForkJoinTask.externalAwaitDone(ForkJoinTask.java:326)
	at java.util.concurrent.ForkJoinTask.doJoin(ForkJoinTask.java:391)
	at java.util.concurrent.ForkJoinTask.invokeAll(ForkJoinTask.java:761)
	at edu.coursera.parallel.ReciprocalArraySum$ReciprocalArraySumTask.compute(ReciprocalArraySum.java:141)
	at java.util.concurrent.RecursiveAction.exec(RecursiveAction.java:189)
	at java.util.concurrent.ForkJoinTask.doExec(ForkJoinTask.java:289)
	at java.util.concurrent.ForkJoinTask.externalAwaitDone(ForkJoinTask.java:326)
	at java.util.concurrent.ForkJoinTask.doJoin(ForkJoinTask.java:391)
	at java.util.concurrent.ForkJoinTask.invokeAll(ForkJoinTask.java:761)
	at edu.coursera.parallel.ReciprocalArraySum$ReciprocalArraySumTask.compute(ReciprocalArraySum.java:141)
	at java.util.concurrent.RecursiveAction.exec(RecursiveAction.java:189)
	at java.util.concurrent.ForkJoinTask.doExec(ForkJoinTask.java:289)
	at java.util.concurrent.ForkJoinTask.externalAwaitDone(ForkJoinTask.java:326)
	at java.util.concurrent.ForkJoinTask.doJoin(ForkJoinTask.java:391)
	at java.util.concurrent.ForkJoinTask.invokeAll(ForkJoinTask.java:761)
	at edu.coursera.parallel.ReciprocalArraySum$ReciprocalArraySumTask.compute(ReciprocalArraySum.java:141)
	at java.util.concurrent.RecursiveAction.exec(RecursiveAction.java:189)
	at java.util.concurrent.ForkJoinTask.doExec(ForkJoinTask.java:289)
	at java.util.concurrent.ForkJoinTask.externalAwaitDone(ForkJoinTask.java:326)
	at java.util.concurrent.ForkJoinTask.doJoin(ForkJoinTask.java:391)
	at java.util.concurrent.ForkJoinTask.invokeAll(ForkJoinTask.java:761)
	at edu.coursera.parallel.ReciprocalArraySum$ReciprocalArraySumTask.compute(ReciprocalArraySum.java:141)
	at java.util.concurrent.RecursiveAction.exec(RecursiveAction.java:189)
	at java.util.concurrent.ForkJoinTask.doExec(ForkJoinTask.java:289)
	at java.util.concurrent.ForkJoinTask.externalAwaitDone(ForkJoinTask.java:326)
	at java.util.concurrent.ForkJoinTask.doJoin(ForkJoinTask.java:391)
	at java.util.concurrent.ForkJoinTask.invokeAll(ForkJoinTask.java:761)
	at edu.coursera.parallel.ReciprocalArraySum$ReciprocalArraySumTask.compute(ReciprocalArraySum.java:141)
	at java.util.concurrent.RecursiveAction.exec(RecursiveAction.java:189)
	at java.util.concurrent.ForkJoinTask.doExec(ForkJoinTask.java:289)
	at java.util.concurrent.ForkJoinTask.externalAwaitDone(ForkJoinTask.java:326)
	at java.util.concurrent.ForkJoinTask.doJoin(ForkJoinTask.java:391)
	at java.util.concurrent.ForkJoinTask.invokeAll(ForkJoinTask.java:761)
	at edu.coursera.parallel.ReciprocalArraySum$ReciprocalArraySumTask.compute(ReciprocalArraySum.java:141)
	at java.util.concurrent.RecursiveAction.exec(RecursiveAction.java:189)
	at java.util.concurrent.ForkJoinTask.doExec(ForkJoinTask.java:289)
	at java.util.concurrent.ForkJoinTask.externalAwaitDone(ForkJoinTask.java:326)
	at java.util.concurrent.ForkJoinTask.doJoin(ForkJoinTask.java:391)
	at java.util.concurrent.ForkJoinTask.invokeAll(ForkJoinTask.java:761)
	at edu.coursera.parallel.ReciprocalArraySum$ReciprocalArraySumTask.compute(ReciprocalArraySum.java:141)
	at java.util.concurrent.RecursiveAction.exec(RecursiveAction.java:189)
	at java.util.concurrent.ForkJoinTask.doExec(ForkJoinTask.java:289)
	at java.util.concurrent.ForkJoinTask.doInvoke(ForkJoinTask.java:401)
	at java.util.concurrent.ForkJoinTask.invokeAll(ForkJoinTask.java:759)
	at edu.coursera.parallel.ReciprocalArraySum$ReciprocalArraySumTask.compute(ReciprocalArraySum.java:141)
	at java.util.concurrent.RecursiveAction.exec(RecursiveAction.java:189)
	at java.util.concurrent.ForkJoinTask.doExec(ForkJoinTask.java:289)
	at java.util.concurrent.ForkJoinTask.doInvoke(ForkJoinTask.java:401)
	at java.util.concurrent.ForkJoinTask.invokeAll(ForkJoinTask.java:759)
	at edu.coursera.parallel.ReciprocalArraySum$ReciprocalArraySumTask.compute(ReciprocalArraySum.java:141)
	at java.util.concurrent.RecursiveAction.exec(RecursiveAction.java:189)
	at java.util.concurrent.ForkJoinTask.doExec(ForkJoinTask.java:289)
	at java.util.concurrent.ForkJoinTask.doInvoke(ForkJoinTask.java:401)
	at java.util.concurrent.ForkJoinTask.invokeAll(ForkJoinTask.java:759)
	at edu.coursera.parallel.ReciprocalArraySum$ReciprocalArraySumTask.compute(ReciprocalArraySum.java:141)
	at java.util.concurrent.RecursiveAction.exec(RecursiveAction.java:189)
	at java.util.concurrent.ForkJoinTask.doExec(ForkJoinTask.java:289)
	at java.util.concurrent.ForkJoinTask.doInvoke(ForkJoinTask.java:401)
	at java.util.concurrent.ForkJoinTask.invokeAll(ForkJoinTask.java:759)
	at edu.coursera.parallel.ReciprocalArraySum$ReciprocalArraySumTask.compute(ReciprocalArraySum.java:141)
	at java.util.concurrent.RecursiveAction.exec(RecursiveAction.java:189)
	at java.util.concurrent.ForkJoinTask.doExec(ForkJoinTask.java:289)
	at java.util.concurrent.ForkJoinTask.doInvoke(ForkJoinTask.java:401)
	at java.util.concurrent.ForkJoinTask.invokeAll(ForkJoinTask.java:759)
	at edu.coursera.parallel.ReciprocalArraySum$ReciprocalArraySumTask.compute(ReciprocalArraySum.java:141)
	at java.util.concurrent.RecursiveAction.exec(RecursiveAction.java:189)
	at java.util.concurrent.ForkJoinTask.doExec(ForkJoinTask.java:289)
	at java.util.concurrent.ForkJoinTask.externalAwaitDone(ForkJoinTask.java:326)
	at java.util.concurrent.ForkJoinTask.doJoin(ForkJoinTask.java:391)
	at java.util.concurrent.ForkJoinTask.join(ForkJoinTask.java:719)
	at java.util.concurrent.ForkJoinPool.invoke(ForkJoinPool.java:2616)
	at edu.coursera.parallel.ReciprocalArraySum.parArraySum(ReciprocalArraySum.java:173)
	at edu.coursera.parallel.ReciprocalArraySumTest.parTestHelper(ReciprocalArraySumTest.java:77)
	at edu.coursera.parallel.ReciprocalArraySumTest.testParSimpleOneMillion(ReciprocalArraySumTest.java:117)
</error>
    <system-err><![CDATA[Exception in thread "ForkJoinPool.commonPool-worker-2" java.lang.NoClassDefFoundError: Could not initialize class java.util.concurrent.locks.AbstractQueuedSynchronizer$Node
	at java.util.concurrent.locks.AbstractQueuedSynchronizer.acquire(AbstractQueuedSynchronizer.java:1198)
	at java.util.concurrent.locks.ReentrantLock$NonfairSync.lock(ReentrantLock.java:209)
	at java.util.concurrent.locks.ReentrantLock.lock(ReentrantLock.java:285)
	at java.util.concurrent.ForkJoinTask.recordExceptionalCompletion(ForkJoinTask.java:464)
	at java.util.concurrent.ForkJoinTask.setExceptionalCompletion(ForkJoinTask.java:491)
	at java.util.concurrent.ForkJoinTask.doExec(ForkJoinTask.java:291)
	at java.util.concurrent.ForkJoinPool$WorkQueue.execLocalTasks(ForkJoinPool.java:1040)
	at java.util.concurrent.ForkJoinPool$WorkQueue.runTask(ForkJoinPool.java:1058)
	at java.util.concurrent.ForkJoinPool.runWorker(ForkJoinPool.java:1692)
	at java.util.concurrent.ForkJoinWorkerThread.run(ForkJoinWorkerThread.java:157)
]]></system-err>
  </testcase>
  <testcase name="testParSimpleOneHundredMillion" classname="edu.coursera.parallel.ReciprocalArraySumTest" time="2.331">
    <error message="Could not initialize class java.util.concurrent.locks.AbstractQueuedSynchronizer$Node" type="java.lang.NoClassDefFoundError">java.lang.NoClassDefFoundError: Could not initialize class java.util.concurrent.locks.AbstractQueuedSynchronizer$Node
	at java.util.concurrent.locks.AbstractQueuedSynchronizer.acquire(AbstractQueuedSynchronizer.java:1198)
	at java.util.concurrent.locks.ReentrantLock$NonfairSync.lock(ReentrantLock.java:209)
	at java.util.concurrent.locks.ReentrantLock.lock(ReentrantLock.java:285)
	at java.util.concurrent.ForkJoinTask.recordExceptionalCompletion(ForkJoinTask.java:464)
	at java.util.concurrent.ForkJoinTask.setExceptionalCompletion(ForkJoinTask.java:491)
	at java.util.concurrent.ForkJoinTask.doExec(ForkJoinTask.java:291)
	at java.util.concurrent.ForkJoinTask.externalAwaitDone(ForkJoinTask.java:326)
	at java.util.concurrent.ForkJoinTask.doJoin(ForkJoinTask.java:391)
	at java.util.concurrent.ForkJoinTask.invokeAll(ForkJoinTask.java:761)
	at edu.coursera.parallel.ReciprocalArraySum$ReciprocalArraySumTask.compute(ReciprocalArraySum.java:141)
	at java.util.concurrent.RecursiveAction.exec(RecursiveAction.java:189)
	at java.util.concurrent.ForkJoinTask.doExec(ForkJoinTask.java:289)
	at java.util.concurrent.ForkJoinTask.externalAwaitDone(ForkJoinTask.java:326)
	at java.util.concurrent.ForkJoinTask.doJoin(ForkJoinTask.java:391)
	at java.util.concurrent.ForkJoinTask.invokeAll(ForkJoinTask.java:761)
	at edu.coursera.parallel.ReciprocalArraySum$ReciprocalArraySumTask.compute(ReciprocalArraySum.java:141)
	at java.util.concurrent.RecursiveAction.exec(RecursiveAction.java:189)
	at java.util.concurrent.ForkJoinTask.doExec(ForkJoinTask.java:289)
	at java.util.concurrent.ForkJoinTask.externalAwaitDone(ForkJoinTask.java:326)
	at java.util.concurrent.ForkJoinTask.doJoin(ForkJoinTask.java:391)
	at java.util.concurrent.ForkJoinTask.invokeAll(ForkJoinTask.java:761)
	at edu.coursera.parallel.ReciprocalArraySum$ReciprocalArraySumTask.compute(ReciprocalArraySum.java:141)
	at java.util.concurrent.RecursiveAction.exec(RecursiveAction.java:189)
	at java.util.concurrent.ForkJoinTask.doExec(ForkJoinTask.java:289)
	at java.util.concurrent.ForkJoinTask.externalAwaitDone(ForkJoinTask.java:326)
	at java.util.concurrent.ForkJoinTask.doJoin(ForkJoinTask.java:391)
	at java.util.concurrent.ForkJoinTask.invokeAll(ForkJoinTask.java:761)
	at edu.coursera.parallel.ReciprocalArraySum$ReciprocalArraySumTask.compute(ReciprocalArraySum.java:141)
	at java.util.concurrent.RecursiveAction.exec(RecursiveAction.java:189)
	at java.util.concurrent.ForkJoinTask.doExec(ForkJoinTask.java:289)
	at java.util.concurrent.ForkJoinTask.externalAwaitDone(ForkJoinTask.java:326)
	at java.util.concurrent.ForkJoinTask.doJoin(ForkJoinTask.java:391)
	at java.util.concurrent.ForkJoinTask.invokeAll(ForkJoinTask.java:761)
	at edu.coursera.parallel.ReciprocalArraySum$ReciprocalArraySumTask.compute(ReciprocalArraySum.java:141)
	at java.util.concurrent.RecursiveAction.exec(RecursiveAction.java:189)
	at java.util.concurrent.ForkJoinTask.doExec(ForkJoinTask.java:289)
	at java.util.concurrent.ForkJoinTask.externalAwaitDone(ForkJoinTask.java:326)
	at java.util.concurrent.ForkJoinTask.doJoin(ForkJoinTask.java:391)
	at java.util.concurrent.ForkJoinTask.invokeAll(ForkJoinTask.java:761)
	at edu.coursera.parallel.ReciprocalArraySum$ReciprocalArraySumTask.compute(ReciprocalArraySum.java:141)
	at java.util.concurrent.RecursiveAction.exec(RecursiveAction.java:189)
	at java.util.concurrent.ForkJoinTask.doExec(ForkJoinTask.java:289)
	at java.util.concurrent.ForkJoinTask.externalAwaitDone(ForkJoinTask.java:326)
	at java.util.concurrent.ForkJoinTask.doJoin(ForkJoinTask.java:391)
	at java.util.concurrent.ForkJoinTask.invokeAll(ForkJoinTask.java:761)
	at edu.coursera.parallel.ReciprocalArraySum$ReciprocalArraySumTask.compute(ReciprocalArraySum.java:141)
	at java.util.concurrent.RecursiveAction.exec(RecursiveAction.java:189)
	at java.util.concurrent.ForkJoinTask.doExec(ForkJoinTask.java:289)
	at java.util.concurrent.ForkJoinTask.externalAwaitDone(ForkJoinTask.java:326)
	at java.util.concurrent.ForkJoinTask.doJoin(ForkJoinTask.java:391)
	at java.util.concurrent.ForkJoinTask.invokeAll(ForkJoinTask.java:761)
	at edu.coursera.parallel.ReciprocalArraySum$ReciprocalArraySumTask.compute(ReciprocalArraySum.java:141)
	at java.util.concurrent.RecursiveAction.exec(RecursiveAction.java:189)
	at java.util.concurrent.ForkJoinTask.doExec(ForkJoinTask.java:289)
	at java.util.concurrent.ForkJoinTask.externalAwaitDone(ForkJoinTask.java:326)
	at java.util.concurrent.ForkJoinTask.doJoin(ForkJoinTask.java:391)
	at java.util.concurrent.ForkJoinTask.invokeAll(ForkJoinTask.java:761)
	at edu.coursera.parallel.ReciprocalArraySum$ReciprocalArraySumTask.compute(ReciprocalArraySum.java:141)
	at java.util.concurrent.RecursiveAction.exec(RecursiveAction.java:189)
	at java.util.concurrent.ForkJoinTask.doExec(ForkJoinTask.java:289)
	at java.util.concurrent.ForkJoinTask.externalAwaitDone(ForkJoinTask.java:326)
	at java.util.concurrent.ForkJoinTask.doJoin(ForkJoinTask.java:391)
	at java.util.concurrent.ForkJoinTask.invokeAll(ForkJoinTask.java:761)
	at edu.coursera.parallel.ReciprocalArraySum$ReciprocalArraySumTask.compute(ReciprocalArraySum.java:141)
	at java.util.concurrent.RecursiveAction.exec(RecursiveAction.java:189)
	at java.util.concurrent.ForkJoinTask.doExec(ForkJoinTask.java:289)
	at java.util.concurrent.ForkJoinTask.externalAwaitDone(ForkJoinTask.java:326)
	at java.util.concurrent.ForkJoinTask.doJoin(ForkJoinTask.java:391)
	at java.util.concurrent.ForkJoinTask.invokeAll(ForkJoinTask.java:761)
	at edu.coursera.parallel.ReciprocalArraySum$ReciprocalArraySumTask.compute(ReciprocalArraySum.java:141)
	at java.util.concurrent.RecursiveAction.exec(RecursiveAction.java:189)
	at java.util.concurrent.ForkJoinTask.doExec(ForkJoinTask.java:289)
	at java.util.concurrent.ForkJoinTask.externalAwaitDone(ForkJoinTask.java:326)
	at java.util.concurrent.ForkJoinTask.doJoin(ForkJoinTask.java:391)
	at java.util.concurrent.ForkJoinTask.invokeAll(ForkJoinTask.java:761)
	at edu.coursera.parallel.ReciprocalArraySum$ReciprocalArraySumTask.compute(ReciprocalArraySum.java:141)
	at java.util.concurrent.RecursiveAction.exec(RecursiveAction.java:189)
	at java.util.concurrent.ForkJoinTask.doExec(ForkJoinTask.java:289)
	at java.util.concurrent.ForkJoinTask.externalAwaitDone(ForkJoinTask.java:326)
	at java.util.concurrent.ForkJoinTask.doJoin(ForkJoinTask.java:391)
	at java.util.concurrent.ForkJoinTask.invokeAll(ForkJoinTask.java:761)
	at edu.coursera.parallel.ReciprocalArraySum$ReciprocalArraySumTask.compute(ReciprocalArraySum.java:141)
	at java.util.concurrent.RecursiveAction.exec(RecursiveAction.java:189)
	at java.util.concurrent.ForkJoinTask.doExec(ForkJoinTask.java:289)
	at java.util.concurrent.ForkJoinTask.externalAwaitDone(ForkJoinTask.java:326)
	at java.util.concurrent.ForkJoinTask.doJoin(ForkJoinTask.java:391)
	at java.util.concurrent.ForkJoinTask.invokeAll(ForkJoinTask.java:761)
	at edu.coursera.parallel.ReciprocalArraySum$ReciprocalArraySumTask.compute(ReciprocalArraySum.java:141)
	at java.util.concurrent.RecursiveAction.exec(RecursiveAction.java:189)
	at java.util.concurrent.ForkJoinTask.doExec(ForkJoinTask.java:289)
	at java.util.concurrent.ForkJoinTask.externalAwaitDone(ForkJoinTask.java:326)
	at java.util.concurrent.ForkJoinTask.doJoin(ForkJoinTask.java:391)
	at java.util.concurrent.ForkJoinTask.invokeAll(ForkJoinTask.java:761)
	at edu.coursera.parallel.ReciprocalArraySum$ReciprocalArraySumTask.compute(ReciprocalArraySum.java:141)
	at java.util.concurrent.RecursiveAction.exec(RecursiveAction.java:189)
	at java.util.concurrent.ForkJoinTask.doExec(ForkJoinTask.java:289)
	at java.util.concurrent.ForkJoinTask.externalAwaitDone(ForkJoinTask.java:326)
	at java.util.concurrent.ForkJoinTask.doJoin(ForkJoinTask.java:391)
	at java.util.concurrent.ForkJoinTask.invokeAll(ForkJoinTask.java:761)
	at edu.coursera.parallel.ReciprocalArraySum$ReciprocalArraySumTask.compute(ReciprocalArraySum.java:141)
	at java.util.concurrent.RecursiveAction.exec(RecursiveAction.java:189)
	at java.util.concurrent.ForkJoinTask.doExec(ForkJoinTask.java:289)
	at java.util.concurrent.ForkJoinTask.externalAwaitDone(ForkJoinTask.java:326)
	at java.util.concurrent.ForkJoinTask.doJoin(ForkJoinTask.java:391)
	at java.util.concurrent.ForkJoinTask.invokeAll(ForkJoinTask.java:761)
	at edu.coursera.parallel.ReciprocalArraySum$ReciprocalArraySumTask.compute(ReciprocalArraySum.java:141)
	at java.util.concurrent.RecursiveAction.exec(RecursiveAction.java:189)
	at java.util.concurrent.ForkJoinTask.doExec(ForkJoinTask.java:289)
	at java.util.concurrent.ForkJoinTask.externalAwaitDone(ForkJoinTask.java:326)
	at java.util.concurrent.ForkJoinTask.doJoin(ForkJoinTask.java:391)
	at java.util.concurrent.ForkJoinTask.invokeAll(ForkJoinTask.java:761)
	at edu.coursera.parallel.ReciprocalArraySum$ReciprocalArraySumTask.compute(ReciprocalArraySum.java:141)
	at java.util.concurrent.RecursiveAction.exec(RecursiveAction.java:189)
	at java.util.concurrent.ForkJoinTask.doExec(ForkJoinTask.java:289)
	at java.util.concurrent.ForkJoinTask.externalAwaitDone(ForkJoinTask.java:326)
	at java.util.concurrent.ForkJoinTask.doJoin(ForkJoinTask.java:391)
	at java.util.concurrent.ForkJoinTask.invokeAll(ForkJoinTask.java:761)
	at edu.coursera.parallel.ReciprocalArraySum$ReciprocalArraySumTask.compute(ReciprocalArraySum.java:141)
	at java.util.concurrent.RecursiveAction.exec(RecursiveAction.java:189)
	at java.util.concurrent.ForkJoinTask.doExec(ForkJoinTask.java:289)
	at java.util.concurrent.ForkJoinTask.externalAwaitDone(ForkJoinTask.java:326)
	at java.util.concurrent.ForkJoinTask.doJoin(ForkJoinTask.java:391)
	at java.util.concurrent.ForkJoinTask.invokeAll(ForkJoinTask.java:761)
	at edu.coursera.parallel.ReciprocalArraySum$ReciprocalArraySumTask.compute(ReciprocalArraySum.java:141)
	at java.util.concurrent.RecursiveAction.exec(RecursiveAction.java:189)
	at java.util.concurrent.ForkJoinTask.doExec(ForkJoinTask.java:289)
	at java.util.concurrent.ForkJoinTask.externalAwaitDone(ForkJoinTask.java:326)
	at java.util.concurrent.ForkJoinTask.doJoin(ForkJoinTask.java:391)
	at java.util.concurrent.ForkJoinTask.invokeAll(ForkJoinTask.java:761)
	at edu.coursera.parallel.ReciprocalArraySum$ReciprocalArraySumTask.compute(ReciprocalArraySum.java:141)
	at java.util.concurrent.RecursiveAction.exec(RecursiveAction.java:189)
	at java.util.concurrent.ForkJoinTask.doExec(ForkJoinTask.java:289)
	at java.util.concurrent.ForkJoinTask.externalAwaitDone(ForkJoinTask.java:326)
	at java.util.concurrent.ForkJoinTask.doJoin(ForkJoinTask.java:391)
	at java.util.concurrent.ForkJoinTask.invokeAll(ForkJoinTask.java:761)
	at edu.coursera.parallel.ReciprocalArraySum$ReciprocalArraySumTask.compute(ReciprocalArraySum.java:141)
	at java.util.concurrent.RecursiveAction.exec(RecursiveAction.java:189)
	at java.util.concurrent.ForkJoinTask.doExec(ForkJoinTask.java:289)
	at java.util.concurrent.ForkJoinTask.externalAwaitDone(ForkJoinTask.java:326)
	at java.util.concurrent.ForkJoinTask.doJoin(ForkJoinTask.java:391)
	at java.util.concurrent.ForkJoinTask.invokeAll(ForkJoinTask.java:761)
	at edu.coursera.parallel.ReciprocalArraySum$ReciprocalArraySumTask.compute(ReciprocalArraySum.java:141)
	at java.util.concurrent.RecursiveAction.exec(RecursiveAction.java:189)
	at java.util.concurrent.ForkJoinTask.doExec(ForkJoinTask.java:289)
	at java.util.concurrent.ForkJoinTask.externalAwaitDone(ForkJoinTask.java:326)
	at java.util.concurrent.ForkJoinTask.doJoin(ForkJoinTask.java:391)
	at java.util.concurrent.ForkJoinTask.invokeAll(ForkJoinTask.java:761)
	at edu.coursera.parallel.ReciprocalArraySum$ReciprocalArraySumTask.compute(ReciprocalArraySum.java:141)
	at java.util.concurrent.RecursiveAction.exec(RecursiveAction.java:189)
	at java.util.concurrent.ForkJoinTask.doExec(ForkJoinTask.java:289)
	at java.util.concurrent.ForkJoinTask.externalAwaitDone(ForkJoinTask.java:326)
	at java.util.concurrent.ForkJoinTask.doJoin(ForkJoinTask.java:391)
	at java.util.concurrent.ForkJoinTask.invokeAll(ForkJoinTask.java:761)
	at edu.coursera.parallel.ReciprocalArraySum$ReciprocalArraySumTask.compute(ReciprocalArraySum.java:141)
	at java.util.concurrent.RecursiveAction.exec(RecursiveAction.java:189)
	at java.util.concurrent.ForkJoinTask.doExec(ForkJoinTask.java:289)
	at java.util.concurrent.ForkJoinTask.externalAwaitDone(ForkJoinTask.java:326)
	at java.util.concurrent.ForkJoinTask.doJoin(ForkJoinTask.java:391)
	at java.util.concurrent.ForkJoinTask.invokeAll(ForkJoinTask.java:761)
	at edu.coursera.parallel.ReciprocalArraySum$ReciprocalArraySumTask.compute(ReciprocalArraySum.java:141)
	at java.util.concurrent.RecursiveAction.exec(RecursiveAction.java:189)
	at java.util.concurrent.ForkJoinTask.doExec(ForkJoinTask.java:289)
	at java.util.concurrent.ForkJoinTask.externalAwaitDone(ForkJoinTask.java:326)
	at java.util.concurrent.ForkJoinTask.doJoin(ForkJoinTask.java:391)
	at java.util.concurrent.ForkJoinTask.invokeAll(ForkJoinTask.java:761)
	at edu.coursera.parallel.ReciprocalArraySum$ReciprocalArraySumTask.compute(ReciprocalArraySum.java:141)
	at java.util.concurrent.RecursiveAction.exec(RecursiveAction.java:189)
	at java.util.concurrent.ForkJoinTask.doExec(ForkJoinTask.java:289)
	at java.util.concurrent.ForkJoinTask.externalAwaitDone(ForkJoinTask.java:326)
	at java.util.concurrent.ForkJoinTask.doJoin(ForkJoinTask.java:391)
	at java.util.concurrent.ForkJoinTask.invokeAll(ForkJoinTask.java:761)
	at edu.coursera.parallel.ReciprocalArraySum$ReciprocalArraySumTask.compute(ReciprocalArraySum.java:141)
	at java.util.concurrent.RecursiveAction.exec(RecursiveAction.java:189)
	at java.util.concurrent.ForkJoinTask.doExec(ForkJoinTask.java:289)
	at java.util.concurrent.ForkJoinTask.externalAwaitDone(ForkJoinTask.java:326)
	at java.util.concurrent.ForkJoinTask.doJoin(ForkJoinTask.java:391)
	at java.util.concurrent.ForkJoinTask.invokeAll(ForkJoinTask.java:761)
	at edu.coursera.parallel.ReciprocalArraySum$ReciprocalArraySumTask.compute(ReciprocalArraySum.java:141)
	at java.util.concurrent.RecursiveAction.exec(RecursiveAction.java:189)
	at java.util.concurrent.ForkJoinTask.doExec(ForkJoinTask.java:289)
	at java.util.concurrent.ForkJoinTask.externalAwaitDone(ForkJoinTask.java:326)
	at java.util.concurrent.ForkJoinTask.doJoin(ForkJoinTask.java:391)
	at java.util.concurrent.ForkJoinTask.invokeAll(ForkJoinTask.java:761)
	at edu.coursera.parallel.ReciprocalArraySum$ReciprocalArraySumTask.compute(ReciprocalArraySum.java:141)
	at java.util.concurrent.RecursiveAction.exec(RecursiveAction.java:189)
	at java.util.concurrent.ForkJoinTask.doExec(ForkJoinTask.java:289)
	at java.util.concurrent.ForkJoinTask.externalAwaitDone(ForkJoinTask.java:326)
	at java.util.concurrent.ForkJoinTask.doJoin(ForkJoinTask.java:391)
	at java.util.concurrent.ForkJoinTask.invokeAll(ForkJoinTask.java:761)
	at edu.coursera.parallel.ReciprocalArraySum$ReciprocalArraySumTask.compute(ReciprocalArraySum.java:141)
	at java.util.concurrent.RecursiveAction.exec(RecursiveAction.java:189)
	at java.util.concurrent.ForkJoinTask.doExec(ForkJoinTask.java:289)
	at java.util.concurrent.ForkJoinTask.externalAwaitDone(ForkJoinTask.java:326)
	at java.util.concurrent.ForkJoinTask.doJoin(ForkJoinTask.java:391)
	at java.util.concurrent.ForkJoinTask.invokeAll(ForkJoinTask.java:761)
	at edu.coursera.parallel.ReciprocalArraySum$ReciprocalArraySumTask.compute(ReciprocalArraySum.java:141)
	at java.util.concurrent.RecursiveAction.exec(RecursiveAction.java:189)
	at java.util.concurrent.ForkJoinTask.doExec(ForkJoinTask.java:289)
	at java.util.concurrent.ForkJoinTask.externalAwaitDone(ForkJoinTask.java:326)
	at java.util.concurrent.ForkJoinTask.doJoin(ForkJoinTask.java:391)
	at java.util.concurrent.ForkJoinTask.invokeAll(ForkJoinTask.java:761)
	at edu.coursera.parallel.ReciprocalArraySum$ReciprocalArraySumTask.compute(ReciprocalArraySum.java:141)
	at java.util.concurrent.RecursiveAction.exec(RecursiveAction.java:189)
	at java.util.concurrent.ForkJoinTask.doExec(ForkJoinTask.java:289)
	at java.util.concurrent.ForkJoinTask.externalAwaitDone(ForkJoinTask.java:326)
	at java.util.concurrent.ForkJoinTask.doJoin(ForkJoinTask.java:391)
	at java.util.concurrent.ForkJoinTask.invokeAll(ForkJoinTask.java:761)
	at edu.coursera.parallel.ReciprocalArraySum$ReciprocalArraySumTask.compute(ReciprocalArraySum.java:141)
	at java.util.concurrent.RecursiveAction.exec(RecursiveAction.java:189)
	at java.util.concurrent.ForkJoinTask.doExec(ForkJoinTask.java:289)
	at java.util.concurrent.ForkJoinTask.externalAwaitDone(ForkJoinTask.java:326)
	at java.util.concurrent.ForkJoinTask.doJoin(ForkJoinTask.java:391)
	at java.util.concurrent.ForkJoinTask.invokeAll(ForkJoinTask.java:761)
	at edu.coursera.parallel.ReciprocalArraySum$ReciprocalArraySumTask.compute(ReciprocalArraySum.java:141)
	at java.util.concurrent.RecursiveAction.exec(RecursiveAction.java:189)
	at java.util.concurrent.ForkJoinTask.doExec(ForkJoinTask.java:289)
	at java.util.concurrent.ForkJoinTask.externalAwaitDone(ForkJoinTask.java:326)
	at java.util.concurrent.ForkJoinTask.doJoin(ForkJoinTask.java:391)
	at java.util.concurrent.ForkJoinTask.invokeAll(ForkJoinTask.java:761)
	at edu.coursera.parallel.ReciprocalArraySum$ReciprocalArraySumTask.compute(ReciprocalArraySum.java:141)
	at java.util.concurrent.RecursiveAction.exec(RecursiveAction.java:189)
	at java.util.concurrent.ForkJoinTask.doExec(ForkJoinTask.java:289)
	at java.util.concurrent.ForkJoinTask.externalAwaitDone(ForkJoinTask.java:326)
	at java.util.concurrent.ForkJoinTask.doJoin(ForkJoinTask.java:391)
	at java.util.concurrent.ForkJoinTask.invokeAll(ForkJoinTask.java:761)
	at edu.coursera.parallel.ReciprocalArraySum$ReciprocalArraySumTask.compute(ReciprocalArraySum.java:141)
	at java.util.concurrent.RecursiveAction.exec(RecursiveAction.java:189)
	at java.util.concurrent.ForkJoinTask.doExec(ForkJoinTask.java:289)
	at java.util.concurrent.ForkJoinTask.externalAwaitDone(ForkJoinTask.java:326)
	at java.util.concurrent.ForkJoinTask.doJoin(ForkJoinTask.java:391)
	at java.util.concurrent.ForkJoinTask.invokeAll(ForkJoinTask.java:761)
	at edu.coursera.parallel.ReciprocalArraySum$ReciprocalArraySumTask.compute(ReciprocalArraySum.java:141)
	at java.util.concurrent.RecursiveAction.exec(RecursiveAction.java:189)
	at java.util.concurrent.ForkJoinTask.doExec(ForkJoinTask.java:289)
	at java.util.concurrent.ForkJoinTask.externalAwaitDone(ForkJoinTask.java:326)
	at java.util.concurrent.ForkJoinTask.doJoin(ForkJoinTask.java:391)
	at java.util.concurrent.ForkJoinTask.invokeAll(ForkJoinTask.java:761)
	at edu.coursera.parallel.ReciprocalArraySum$ReciprocalArraySumTask.compute(ReciprocalArraySum.java:141)
	at java.util.concurrent.RecursiveAction.exec(RecursiveAction.java:189)
	at java.util.concurrent.ForkJoinTask.doExec(ForkJoinTask.java:289)
	at java.util.concurrent.ForkJoinTask.externalAwaitDone(ForkJoinTask.java:326)
	at java.util.concurrent.ForkJoinTask.doJoin(ForkJoinTask.java:391)
	at java.util.concurrent.ForkJoinTask.invokeAll(ForkJoinTask.java:761)
	at edu.coursera.parallel.ReciprocalArraySum$ReciprocalArraySumTask.compute(ReciprocalArraySum.java:141)
	at java.util.concurrent.RecursiveAction.exec(RecursiveAction.java:189)
	at java.util.concurrent.ForkJoinTask.doExec(ForkJoinTask.java:289)
	at java.util.concurrent.ForkJoinTask.externalAwaitDone(ForkJoinTask.java:326)
	at java.util.concurrent.ForkJoinTask.doJoin(ForkJoinTask.java:391)
	at java.util.concurrent.ForkJoinTask.invokeAll(ForkJoinTask.java:761)
	at edu.coursera.parallel.ReciprocalArraySum$ReciprocalArraySumTask.compute(ReciprocalArraySum.java:141)
	at java.util.concurrent.RecursiveAction.exec(RecursiveAction.java:189)
	at java.util.concurrent.ForkJoinTask.doExec(ForkJoinTask.java:289)
	at java.util.concurrent.ForkJoinTask.externalAwaitDone(ForkJoinTask.java:326)
	at java.util.concurrent.ForkJoinTask.doJoin(ForkJoinTask.java:391)
	at java.util.concurrent.ForkJoinTask.invokeAll(ForkJoinTask.java:761)
	at edu.coursera.parallel.ReciprocalArraySum$ReciprocalArraySumTask.compute(ReciprocalArraySum.java:141)
	at java.util.concurrent.RecursiveAction.exec(RecursiveAction.java:189)
	at java.util.concurrent.ForkJoinTask.doExec(ForkJoinTask.java:289)
	at java.util.concurrent.ForkJoinTask.externalAwaitDone(ForkJoinTask.java:326)
	at java.util.concurrent.ForkJoinTask.doJoin(ForkJoinTask.java:391)
	at java.util.concurrent.ForkJoinTask.invokeAll(ForkJoinTask.java:761)
	at edu.coursera.parallel.ReciprocalArraySum$ReciprocalArraySumTask.compute(ReciprocalArraySum.java:141)
	at java.util.concurrent.RecursiveAction.exec(RecursiveAction.java:189)
	at java.util.concurrent.ForkJoinTask.doExec(ForkJoinTask.java:289)
	at java.util.concurrent.ForkJoinTask.externalAwaitDone(ForkJoinTask.java:326)
	at java.util.concurrent.ForkJoinTask.doJoin(ForkJoinTask.java:391)
	at java.util.concurrent.ForkJoinTask.invokeAll(ForkJoinTask.java:761)
	at edu.coursera.parallel.ReciprocalArraySum$ReciprocalArraySumTask.compute(ReciprocalArraySum.java:141)
	at java.util.concurrent.RecursiveAction.exec(RecursiveAction.java:189)
	at java.util.concurrent.ForkJoinTask.doExec(ForkJoinTask.java:289)
	at java.util.concurrent.ForkJoinTask.externalAwaitDone(ForkJoinTask.java:326)
	at java.util.concurrent.ForkJoinTask.doJoin(ForkJoinTask.java:391)
	at java.util.concurrent.ForkJoinTask.invokeAll(ForkJoinTask.java:761)
	at edu.coursera.parallel.ReciprocalArraySum$ReciprocalArraySumTask.compute(ReciprocalArraySum.java:141)
	at java.util.concurrent.RecursiveAction.exec(RecursiveAction.java:189)
	at java.util.concurrent.ForkJoinTask.doExec(ForkJoinTask.java:289)
	at java.util.concurrent.ForkJoinTask.externalAwaitDone(ForkJoinTask.java:326)
	at java.util.concurrent.ForkJoinTask.doJoin(ForkJoinTask.java:391)
	at java.util.concurrent.ForkJoinTask.invokeAll(ForkJoinTask.java:761)
	at edu.coursera.parallel.ReciprocalArraySum$ReciprocalArraySumTask.compute(ReciprocalArraySum.java:141)
	at java.util.concurrent.RecursiveAction.exec(RecursiveAction.java:189)
	at java.util.concurrent.ForkJoinTask.doExec(ForkJoinTask.java:289)
	at java.util.concurrent.ForkJoinTask.externalAwaitDone(ForkJoinTask.java:326)
	at java.util.concurrent.ForkJoinTask.doJoin(ForkJoinTask.java:391)
	at java.util.concurrent.ForkJoinTask.invokeAll(ForkJoinTask.java:761)
	at edu.coursera.parallel.ReciprocalArraySum$ReciprocalArraySumTask.compute(ReciprocalArraySum.java:141)
	at java.util.concurrent.RecursiveAction.exec(RecursiveAction.java:189)
	at java.util.concurrent.ForkJoinTask.doExec(ForkJoinTask.java:289)
	at java.util.concurrent.ForkJoinTask.externalAwaitDone(ForkJoinTask.java:326)
	at java.util.concurrent.ForkJoinTask.doJoin(ForkJoinTask.java:391)
	at java.util.concurrent.ForkJoinTask.invokeAll(ForkJoinTask.java:761)
	at edu.coursera.parallel.ReciprocalArraySum$ReciprocalArraySumTask.compute(ReciprocalArraySum.java:141)
	at java.util.concurrent.RecursiveAction.exec(RecursiveAction.java:189)
	at java.util.concurrent.ForkJoinTask.doExec(ForkJoinTask.java:289)
	at java.util.concurrent.ForkJoinTask.externalAwaitDone(ForkJoinTask.java:326)
	at java.util.concurrent.ForkJoinTask.doJoin(ForkJoinTask.java:391)
	at java.util.concurrent.ForkJoinTask.invokeAll(ForkJoinTask.java:761)
	at edu.coursera.parallel.ReciprocalArraySum$ReciprocalArraySumTask.compute(ReciprocalArraySum.java:141)
	at java.util.concurrent.RecursiveAction.exec(RecursiveAction.java:189)
	at java.util.concurrent.ForkJoinTask.doExec(ForkJoinTask.java:289)
	at java.util.concurrent.ForkJoinTask.externalAwaitDone(ForkJoinTask.java:326)
	at java.util.concurrent.ForkJoinTask.doJoin(ForkJoinTask.java:391)
	at java.util.concurrent.ForkJoinTask.invokeAll(ForkJoinTask.java:761)
	at edu.coursera.parallel.ReciprocalArraySum$ReciprocalArraySumTask.compute(ReciprocalArraySum.java:141)
	at java.util.concurrent.RecursiveAction.exec(RecursiveAction.java:189)
	at java.util.concurrent.ForkJoinTask.doExec(ForkJoinTask.java:289)
	at java.util.concurrent.ForkJoinTask.externalAwaitDone(ForkJoinTask.java:326)
	at java.util.concurrent.ForkJoinTask.doJoin(ForkJoinTask.java:391)
	at java.util.concurrent.ForkJoinTask.invokeAll(ForkJoinTask.java:761)
	at edu.coursera.parallel.ReciprocalArraySum$ReciprocalArraySumTask.compute(ReciprocalArraySum.java:141)
	at java.util.concurrent.RecursiveAction.exec(RecursiveAction.java:189)
	at java.util.concurrent.ForkJoinTask.doExec(ForkJoinTask.java:289)
	at java.util.concurrent.ForkJoinTask.externalAwaitDone(ForkJoinTask.java:326)
	at java.util.concurrent.ForkJoinTask.doJoin(ForkJoinTask.java:391)
	at java.util.concurrent.ForkJoinTask.invokeAll(ForkJoinTask.java:761)
	at edu.coursera.parallel.ReciprocalArraySum$ReciprocalArraySumTask.compute(ReciprocalArraySum.java:141)
	at java.util.concurrent.RecursiveAction.exec(RecursiveAction.java:189)
	at java.util.concurrent.ForkJoinTask.doExec(ForkJoinTask.java:289)
	at java.util.concurrent.ForkJoinTask.externalAwaitDone(ForkJoinTask.java:326)
	at java.util.concurrent.ForkJoinTask.doJoin(ForkJoinTask.java:391)
	at java.util.concurrent.ForkJoinTask.invokeAll(ForkJoinTask.java:761)
	at edu.coursera.parallel.ReciprocalArraySum$ReciprocalArraySumTask.compute(ReciprocalArraySum.java:141)
	at java.util.concurrent.RecursiveAction.exec(RecursiveAction.java:189)
	at java.util.concurrent.ForkJoinTask.doExec(ForkJoinTask.java:289)
	at java.util.concurrent.ForkJoinTask.externalAwaitDone(ForkJoinTask.java:326)
	at java.util.concurrent.ForkJoinTask.doJoin(ForkJoinTask.java:391)
	at java.util.concurrent.ForkJoinTask.invokeAll(ForkJoinTask.java:761)
	at edu.coursera.parallel.ReciprocalArraySum$ReciprocalArraySumTask.compute(ReciprocalArraySum.java:141)
	at java.util.concurrent.RecursiveAction.exec(RecursiveAction.java:189)
	at java.util.concurrent.ForkJoinTask.doExec(ForkJoinTask.java:289)
	at java.util.concurrent.ForkJoinTask.externalAwaitDone(ForkJoinTask.java:326)
	at java.util.concurrent.ForkJoinTask.doJoin(ForkJoinTask.java:391)
	at java.util.concurrent.ForkJoinTask.invokeAll(ForkJoinTask.java:761)
	at edu.coursera.parallel.ReciprocalArraySum$ReciprocalArraySumTask.compute(ReciprocalArraySum.java:141)
	at java.util.concurrent.RecursiveAction.exec(RecursiveAction.java:189)
	at java.util.concurrent.ForkJoinTask.doExec(ForkJoinTask.java:289)
	at java.util.concurrent.ForkJoinTask.externalAwaitDone(ForkJoinTask.java:326)
	at java.util.concurrent.ForkJoinTask.doJoin(ForkJoinTask.java:391)
	at java.util.concurrent.ForkJoinTask.invokeAll(ForkJoinTask.java:761)
	at edu.coursera.parallel.ReciprocalArraySum$ReciprocalArraySumTask.compute(ReciprocalArraySum.java:141)
	at java.util.concurrent.RecursiveAction.exec(RecursiveAction.java:189)
	at java.util.concurrent.ForkJoinTask.doExec(ForkJoinTask.java:289)
	at java.util.concurrent.ForkJoinTask.externalAwaitDone(ForkJoinTask.java:326)
	at java.util.concurrent.ForkJoinTask.doJoin(ForkJoinTask.java:391)
	at java.util.concurrent.ForkJoinTask.invokeAll(ForkJoinTask.java:761)
	at edu.coursera.parallel.ReciprocalArraySum$ReciprocalArraySumTask.compute(ReciprocalArraySum.java:141)
	at java.util.concurrent.RecursiveAction.exec(RecursiveAction.java:189)
	at java.util.concurrent.ForkJoinTask.doExec(ForkJoinTask.java:289)
	at java.util.concurrent.ForkJoinTask.externalAwaitDone(ForkJoinTask.java:326)
	at java.util.concurrent.ForkJoinTask.doJoin(ForkJoinTask.java:391)
	at java.util.concurrent.ForkJoinTask.invokeAll(ForkJoinTask.java:761)
	at edu.coursera.parallel.ReciprocalArraySum$ReciprocalArraySumTask.compute(ReciprocalArraySum.java:141)
	at java.util.concurrent.RecursiveAction.exec(RecursiveAction.java:189)
	at java.util.concurrent.ForkJoinTask.doExec(ForkJoinTask.java:289)
	at java.util.concurrent.ForkJoinTask.externalAwaitDone(ForkJoinTask.java:326)
	at java.util.concurrent.ForkJoinTask.doJoin(ForkJoinTask.java:391)
	at java.util.concurrent.ForkJoinTask.invokeAll(ForkJoinTask.java:761)
	at edu.coursera.parallel.ReciprocalArraySum$ReciprocalArraySumTask.compute(ReciprocalArraySum.java:141)
	at java.util.concurrent.RecursiveAction.exec(RecursiveAction.java:189)
	at java.util.concurrent.ForkJoinTask.doExec(ForkJoinTask.java:289)
	at java.util.concurrent.ForkJoinTask.externalAwaitDone(ForkJoinTask.java:326)
	at java.util.concurrent.ForkJoinTask.doJoin(ForkJoinTask.java:391)
	at java.util.concurrent.ForkJoinTask.invokeAll(ForkJoinTask.java:761)
	at edu.coursera.parallel.ReciprocalArraySum$ReciprocalArraySumTask.compute(ReciprocalArraySum.java:141)
	at java.util.concurrent.RecursiveAction.exec(RecursiveAction.java:189)
	at java.util.concurrent.ForkJoinTask.doExec(ForkJoinTask.java:289)
	at java.util.concurrent.ForkJoinTask.externalAwaitDone(ForkJoinTask.java:326)
	at java.util.concurrent.ForkJoinTask.doJoin(ForkJoinTask.java:391)
	at java.util.concurrent.ForkJoinTask.invokeAll(ForkJoinTask.java:761)
	at edu.coursera.parallel.ReciprocalArraySum$ReciprocalArraySumTask.compute(ReciprocalArraySum.java:141)
	at java.util.concurrent.RecursiveAction.exec(RecursiveAction.java:189)
	at java.util.concurrent.ForkJoinTask.doExec(ForkJoinTask.java:289)
	at java.util.concurrent.ForkJoinTask.externalAwaitDone(ForkJoinTask.java:326)
	at java.util.concurrent.ForkJoinTask.doJoin(ForkJoinTask.java:391)
	at java.util.concurrent.ForkJoinTask.invokeAll(ForkJoinTask.java:761)
	at edu.coursera.parallel.ReciprocalArraySum$ReciprocalArraySumTask.compute(ReciprocalArraySum.java:141)
	at java.util.concurrent.RecursiveAction.exec(RecursiveAction.java:189)
	at java.util.concurrent.ForkJoinTask.doExec(ForkJoinTask.java:289)
	at java.util.concurrent.ForkJoinTask.externalAwaitDone(ForkJoinTask.java:326)
	at java.util.concurrent.ForkJoinTask.doJoin(ForkJoinTask.java:391)
	at java.util.concurrent.ForkJoinTask.invokeAll(ForkJoinTask.java:761)
	at edu.coursera.parallel.ReciprocalArraySum$ReciprocalArraySumTask.compute(ReciprocalArraySum.java:141)
	at java.util.concurrent.RecursiveAction.exec(RecursiveAction.java:189)
	at java.util.concurrent.ForkJoinTask.doExec(ForkJoinTask.java:289)
	at java.util.concurrent.ForkJoinTask.externalAwaitDone(ForkJoinTask.java:326)
	at java.util.concurrent.ForkJoinTask.doJoin(ForkJoinTask.java:391)
	at java.util.concurrent.ForkJoinTask.invokeAll(ForkJoinTask.java:761)
	at edu.coursera.parallel.ReciprocalArraySum$ReciprocalArraySumTask.compute(ReciprocalArraySum.java:141)
	at java.util.concurrent.RecursiveAction.exec(RecursiveAction.java:189)
	at java.util.concurrent.ForkJoinTask.doExec(ForkJoinTask.java:289)
	at java.util.concurrent.ForkJoinTask.externalAwaitDone(ForkJoinTask.java:326)
	at java.util.concurrent.ForkJoinTask.doJoin(ForkJoinTask.java:391)
	at java.util.concurrent.ForkJoinTask.invokeAll(ForkJoinTask.java:761)
	at edu.coursera.parallel.ReciprocalArraySum$ReciprocalArraySumTask.compute(ReciprocalArraySum.java:141)
	at java.util.concurrent.RecursiveAction.exec(RecursiveAction.java:189)
	at java.util.concurrent.ForkJoinTask.doExec(ForkJoinTask.java:289)
	at java.util.concurrent.ForkJoinTask.externalAwaitDone(ForkJoinTask.java:326)
	at java.util.concurrent.ForkJoinTask.doJoin(ForkJoinTask.java:391)
	at java.util.concurrent.ForkJoinTask.invokeAll(ForkJoinTask.java:761)
	at edu.coursera.parallel.ReciprocalArraySum$ReciprocalArraySumTask.compute(ReciprocalArraySum.java:141)
	at java.util.concurrent.RecursiveAction.exec(RecursiveAction.java:189)
	at java.util.concurrent.ForkJoinTask.doExec(ForkJoinTask.java:289)
	at java.util.concurrent.ForkJoinTask.externalAwaitDone(ForkJoinTask.java:326)
	at java.util.concurrent.ForkJoinTask.doJoin(ForkJoinTask.java:391)
	at java.util.concurrent.ForkJoinTask.invokeAll(ForkJoinTask.java:761)
	at edu.coursera.parallel.ReciprocalArraySum$ReciprocalArraySumTask.compute(ReciprocalArraySum.java:141)
	at java.util.concurrent.RecursiveAction.exec(RecursiveAction.java:189)
	at java.util.concurrent.ForkJoinTask.doExec(ForkJoinTask.java:289)
	at java.util.concurrent.ForkJoinTask.externalAwaitDone(ForkJoinTask.java:326)
	at java.util.concurrent.ForkJoinTask.doJoin(ForkJoinTask.java:391)
	at java.util.concurrent.ForkJoinTask.invokeAll(ForkJoinTask.java:761)
	at edu.coursera.parallel.ReciprocalArraySum$ReciprocalArraySumTask.compute(ReciprocalArraySum.java:141)
	at java.util.concurrent.RecursiveAction.exec(RecursiveAction.java:189)
	at java.util.concurrent.ForkJoinTask.doExec(ForkJoinTask.java:289)
	at java.util.concurrent.ForkJoinTask.externalAwaitDone(ForkJoinTask.java:326)
	at java.util.concurrent.ForkJoinTask.doJoin(ForkJoinTask.java:391)
	at java.util.concurrent.ForkJoinTask.invokeAll(ForkJoinTask.java:761)
	at edu.coursera.parallel.ReciprocalArraySum$ReciprocalArraySumTask.compute(ReciprocalArraySum.java:141)
	at java.util.concurrent.RecursiveAction.exec(RecursiveAction.java:189)
	at java.util.concurrent.ForkJoinTask.doExec(ForkJoinTask.java:289)
	at java.util.concurrent.ForkJoinTask.externalAwaitDone(ForkJoinTask.java:326)
	at java.util.concurrent.ForkJoinTask.doJoin(ForkJoinTask.java:391)
	at java.util.concurrent.ForkJoinTask.invokeAll(ForkJoinTask.java:761)
	at edu.coursera.parallel.ReciprocalArraySum$ReciprocalArraySumTask.compute(ReciprocalArraySum.java:141)
	at java.util.concurrent.RecursiveAction.exec(RecursiveAction.java:189)
	at java.util.concurrent.ForkJoinTask.doExec(ForkJoinTask.java:289)
	at java.util.concurrent.ForkJoinTask.externalAwaitDone(ForkJoinTask.java:326)
	at java.util.concurrent.ForkJoinTask.doJoin(ForkJoinTask.java:391)
	at java.util.concurrent.ForkJoinTask.invokeAll(ForkJoinTask.java:761)
	at edu.coursera.parallel.ReciprocalArraySum$ReciprocalArraySumTask.compute(ReciprocalArraySum.java:141)
	at java.util.concurrent.RecursiveAction.exec(RecursiveAction.java:189)
	at java.util.concurrent.ForkJoinTask.doExec(ForkJoinTask.java:289)
	at java.util.concurrent.ForkJoinTask.externalAwaitDone(ForkJoinTask.java:326)
	at java.util.concurrent.ForkJoinTask.doJoin(ForkJoinTask.java:391)
	at java.util.concurrent.ForkJoinTask.invokeAll(ForkJoinTask.java:761)
	at edu.coursera.parallel.ReciprocalArraySum$ReciprocalArraySumTask.compute(ReciprocalArraySum.java:141)
	at java.util.concurrent.RecursiveAction.exec(RecursiveAction.java:189)
	at java.util.concurrent.ForkJoinTask.doExec(ForkJoinTask.java:289)
	at java.util.concurrent.ForkJoinTask.externalAwaitDone(ForkJoinTask.java:326)
	at java.util.concurrent.ForkJoinTask.doJoin(ForkJoinTask.java:391)
	at java.util.concurrent.ForkJoinTask.invokeAll(ForkJoinTask.java:761)
	at edu.coursera.parallel.ReciprocalArraySum$ReciprocalArraySumTask.compute(ReciprocalArraySum.java:141)
	at java.util.concurrent.RecursiveAction.exec(RecursiveAction.java:189)
	at java.util.concurrent.ForkJoinTask.doExec(ForkJoinTask.java:289)
	at java.util.concurrent.ForkJoinTask.externalAwaitDone(ForkJoinTask.java:326)
	at java.util.concurrent.ForkJoinTask.doJoin(ForkJoinTask.java:391)
	at java.util.concurrent.ForkJoinTask.invokeAll(ForkJoinTask.java:761)
	at edu.coursera.parallel.ReciprocalArraySum$ReciprocalArraySumTask.compute(ReciprocalArraySum.java:141)
	at java.util.concurrent.RecursiveAction.exec(RecursiveAction.java:189)
	at java.util.concurrent.ForkJoinTask.doExec(ForkJoinTask.java:289)
	at java.util.concurrent.ForkJoinTask.externalAwaitDone(ForkJoinTask.java:326)
	at java.util.concurrent.ForkJoinTask.doJoin(ForkJoinTask.java:391)
	at java.util.concurrent.ForkJoinTask.invokeAll(ForkJoinTask.java:761)
	at edu.coursera.parallel.ReciprocalArraySum$ReciprocalArraySumTask.compute(ReciprocalArraySum.java:141)
	at java.util.concurrent.RecursiveAction.exec(RecursiveAction.java:189)
	at java.util.concurrent.ForkJoinTask.doExec(ForkJoinTask.java:289)
	at java.util.concurrent.ForkJoinTask.externalAwaitDone(ForkJoinTask.java:326)
	at java.util.concurrent.ForkJoinTask.doJoin(ForkJoinTask.java:391)
	at java.util.concurrent.ForkJoinTask.invokeAll(ForkJoinTask.java:761)
	at edu.coursera.parallel.ReciprocalArraySum$ReciprocalArraySumTask.compute(ReciprocalArraySum.java:141)
	at java.util.concurrent.RecursiveAction.exec(RecursiveAction.java:189)
	at java.util.concurrent.ForkJoinTask.doExec(ForkJoinTask.java:289)
	at java.util.concurrent.ForkJoinTask.externalAwaitDone(ForkJoinTask.java:326)
	at java.util.concurrent.ForkJoinTask.doJoin(ForkJoinTask.java:391)
	at java.util.concurrent.ForkJoinTask.invokeAll(ForkJoinTask.java:761)
	at edu.coursera.parallel.ReciprocalArraySum$ReciprocalArraySumTask.compute(ReciprocalArraySum.java:141)
	at java.util.concurrent.RecursiveAction.exec(RecursiveAction.java:189)
	at java.util.concurrent.ForkJoinTask.doExec(ForkJoinTask.java:289)
	at java.util.concurrent.ForkJoinTask.externalAwaitDone(ForkJoinTask.java:326)
	at java.util.concurrent.ForkJoinTask.doJoin(ForkJoinTask.java:391)
	at java.util.concurrent.ForkJoinTask.invokeAll(ForkJoinTask.java:761)
	at edu.coursera.parallel.ReciprocalArraySum$ReciprocalArraySumTask.compute(ReciprocalArraySum.java:141)
	at java.util.concurrent.RecursiveAction.exec(RecursiveAction.java:189)
	at java.util.concurrent.ForkJoinTask.doExec(ForkJoinTask.java:289)
	at java.util.concurrent.ForkJoinTask.externalAwaitDone(ForkJoinTask.java:326)
	at java.util.concurrent.ForkJoinTask.doJoin(ForkJoinTask.java:391)
	at java.util.concurrent.ForkJoinTask.invokeAll(ForkJoinTask.java:761)
	at edu.coursera.parallel.ReciprocalArraySum$ReciprocalArraySumTask.compute(ReciprocalArraySum.java:141)
	at java.util.concurrent.RecursiveAction.exec(RecursiveAction.java:189)
	at java.util.concurrent.ForkJoinTask.doExec(ForkJoinTask.java:289)
	at java.util.concurrent.ForkJoinTask.externalAwaitDone(ForkJoinTask.java:326)
	at java.util.concurrent.ForkJoinTask.doJoin(ForkJoinTask.java:391)
	at java.util.concurrent.ForkJoinTask.invokeAll(ForkJoinTask.java:761)
	at edu.coursera.parallel.ReciprocalArraySum$ReciprocalArraySumTask.compute(ReciprocalArraySum.java:141)
	at java.util.concurrent.RecursiveAction.exec(RecursiveAction.java:189)
	at java.util.concurrent.ForkJoinTask.doExec(ForkJoinTask.java:289)
	at java.util.concurrent.ForkJoinTask.externalAwaitDone(ForkJoinTask.java:326)
	at java.util.concurrent.ForkJoinTask.doJoin(ForkJoinTask.java:391)
	at java.util.concurrent.ForkJoinTask.invokeAll(ForkJoinTask.java:761)
	at edu.coursera.parallel.ReciprocalArraySum$ReciprocalArraySumTask.compute(ReciprocalArraySum.java:141)
	at java.util.concurrent.RecursiveAction.exec(RecursiveAction.java:189)
	at java.util.concurrent.ForkJoinTask.doExec(ForkJoinTask.java:289)
	at java.util.concurrent.ForkJoinTask.externalAwaitDone(ForkJoinTask.java:326)
	at java.util.concurrent.ForkJoinTask.doJoin(ForkJoinTask.java:391)
	at java.util.concurrent.ForkJoinTask.invokeAll(ForkJoinTask.java:761)
	at edu.coursera.parallel.ReciprocalArraySum$ReciprocalArraySumTask.compute(ReciprocalArraySum.java:141)
	at java.util.concurrent.RecursiveAction.exec(RecursiveAction.java:189)
	at java.util.concurrent.ForkJoinTask.doExec(ForkJoinTask.java:289)
	at java.util.concurrent.ForkJoinTask.externalAwaitDone(ForkJoinTask.java:326)
	at java.util.concurrent.ForkJoinTask.doJoin(ForkJoinTask.java:391)
	at java.util.concurrent.ForkJoinTask.invokeAll(ForkJoinTask.java:761)
	at edu.coursera.parallel.ReciprocalArraySum$ReciprocalArraySumTask.compute(ReciprocalArraySum.java:141)
	at java.util.concurrent.RecursiveAction.exec(RecursiveAction.java:189)
	at java.util.concurrent.ForkJoinTask.doExec(ForkJoinTask.java:289)
	at java.util.concurrent.ForkJoinTask.externalAwaitDone(ForkJoinTask.java:326)
	at java.util.concurrent.ForkJoinTask.doJoin(ForkJoinTask.java:391)
	at java.util.concurrent.ForkJoinTask.invokeAll(ForkJoinTask.java:761)
	at edu.coursera.parallel.ReciprocalArraySum$ReciprocalArraySumTask.compute(ReciprocalArraySum.java:141)
	at java.util.concurrent.RecursiveAction.exec(RecursiveAction.java:189)
	at java.util.concurrent.ForkJoinTask.doExec(ForkJoinTask.java:289)
	at java.util.concurrent.ForkJoinTask.externalAwaitDone(ForkJoinTask.java:326)
	at java.util.concurrent.ForkJoinTask.doJoin(ForkJoinTask.java:391)
	at java.util.concurrent.ForkJoinTask.invokeAll(ForkJoinTask.java:761)
	at edu.coursera.parallel.ReciprocalArraySum$ReciprocalArraySumTask.compute(ReciprocalArraySum.java:141)
	at java.util.concurrent.RecursiveAction.exec(RecursiveAction.java:189)
	at java.util.concurrent.ForkJoinTask.doExec(ForkJoinTask.java:289)
	at java.util.concurrent.ForkJoinTask.externalAwaitDone(ForkJoinTask.java:326)
	at java.util.concurrent.ForkJoinTask.doJoin(ForkJoinTask.java:391)
	at java.util.concurrent.ForkJoinTask.invokeAll(ForkJoinTask.java:761)
	at edu.coursera.parallel.ReciprocalArraySum$ReciprocalArraySumTask.compute(ReciprocalArraySum.java:141)
	at java.util.concurrent.RecursiveAction.exec(RecursiveAction.java:189)
	at java.util.concurrent.ForkJoinTask.doExec(ForkJoinTask.java:289)
	at java.util.concurrent.ForkJoinTask.externalAwaitDone(ForkJoinTask.java:326)
	at java.util.concurrent.ForkJoinTask.doJoin(ForkJoinTask.java:391)
	at java.util.concurrent.ForkJoinTask.invokeAll(ForkJoinTask.java:761)
	at edu.coursera.parallel.ReciprocalArraySum$ReciprocalArraySumTask.compute(ReciprocalArraySum.java:141)
	at java.util.concurrent.RecursiveAction.exec(RecursiveAction.java:189)
	at java.util.concurrent.ForkJoinTask.doExec(ForkJoinTask.java:289)
	at java.util.concurrent.ForkJoinTask.externalAwaitDone(ForkJoinTask.java:326)
	at java.util.concurrent.ForkJoinTask.doJoin(ForkJoinTask.java:391)
	at java.util.concurrent.ForkJoinTask.invokeAll(ForkJoinTask.java:761)
	at edu.coursera.parallel.ReciprocalArraySum$ReciprocalArraySumTask.compute(ReciprocalArraySum.java:141)
	at java.util.concurrent.RecursiveAction.exec(RecursiveAction.java:189)
	at java.util.concurrent.ForkJoinTask.doExec(ForkJoinTask.java:289)
	at java.util.concurrent.ForkJoinTask.externalAwaitDone(ForkJoinTask.java:326)
	at java.util.concurrent.ForkJoinTask.doJoin(ForkJoinTask.java:391)
	at java.util.concurrent.ForkJoinTask.invokeAll(ForkJoinTask.java:761)
	at edu.coursera.parallel.ReciprocalArraySum$ReciprocalArraySumTask.compute(ReciprocalArraySum.java:141)
	at java.util.concurrent.RecursiveAction.exec(RecursiveAction.java:189)
	at java.util.concurrent.ForkJoinTask.doExec(ForkJoinTask.java:289)
	at java.util.concurrent.ForkJoinTask.externalAwaitDone(ForkJoinTask.java:326)
	at java.util.concurrent.ForkJoinTask.doJoin(ForkJoinTask.java:391)
	at java.util.concurrent.ForkJoinTask.invokeAll(ForkJoinTask.java:761)
	at edu.coursera.parallel.ReciprocalArraySum$ReciprocalArraySumTask.compute(ReciprocalArraySum.java:141)
	at java.util.concurrent.RecursiveAction.exec(RecursiveAction.java:189)
	at java.util.concurrent.ForkJoinTask.doExec(ForkJoinTask.java:289)
	at java.util.concurrent.ForkJoinTask.externalAwaitDone(ForkJoinTask.java:326)
	at java.util.concurrent.ForkJoinTask.doJoin(ForkJoinTask.java:391)
	at java.util.concurrent.ForkJoinTask.invokeAll(ForkJoinTask.java:761)
	at edu.coursera.parallel.ReciprocalArraySum$ReciprocalArraySumTask.compute(ReciprocalArraySum.java:141)
	at java.util.concurrent.RecursiveAction.exec(RecursiveAction.java:189)
	at java.util.concurrent.ForkJoinTask.doExec(ForkJoinTask.java:289)
	at java.util.concurrent.ForkJoinTask.externalAwaitDone(ForkJoinTask.java:326)
	at java.util.concurrent.ForkJoinTask.doJoin(ForkJoinTask.java:391)
	at java.util.concurrent.ForkJoinTask.invokeAll(ForkJoinTask.java:761)
	at edu.coursera.parallel.ReciprocalArraySum$ReciprocalArraySumTask.compute(ReciprocalArraySum.java:141)
	at java.util.concurrent.RecursiveAction.exec(RecursiveAction.java:189)
	at java.util.concurrent.ForkJoinTask.doExec(ForkJoinTask.java:289)
	at java.util.concurrent.ForkJoinTask.externalAwaitDone(ForkJoinTask.java:326)
	at java.util.concurrent.ForkJoinTask.doJoin(ForkJoinTask.java:391)
	at java.util.concurrent.ForkJoinTask.invokeAll(ForkJoinTask.java:761)
	at edu.coursera.parallel.ReciprocalArraySum$ReciprocalArraySumTask.compute(ReciprocalArraySum.java:141)
	at java.util.concurrent.RecursiveAction.exec(RecursiveAction.java:189)
	at java.util.concurrent.ForkJoinTask.doExec(ForkJoinTask.java:289)
	at java.util.concurrent.ForkJoinTask.externalAwaitDone(ForkJoinTask.java:326)
	at java.util.concurrent.ForkJoinTask.doJoin(ForkJoinTask.java:391)
	at java.util.concurrent.ForkJoinTask.invokeAll(ForkJoinTask.java:761)
	at edu.coursera.parallel.ReciprocalArraySum$ReciprocalArraySumTask.compute(ReciprocalArraySum.java:141)
	at java.util.concurrent.RecursiveAction.exec(RecursiveAction.java:189)
	at java.util.concurrent.ForkJoinTask.doExec(ForkJoinTask.java:289)
	at java.util.concurrent.ForkJoinTask.externalAwaitDone(ForkJoinTask.java:326)
	at java.util.concurrent.ForkJoinTask.doJoin(ForkJoinTask.java:391)
	at java.util.concurrent.ForkJoinTask.invokeAll(ForkJoinTask.java:761)
	at edu.coursera.parallel.ReciprocalArraySum$ReciprocalArraySumTask.compute(ReciprocalArraySum.java:141)
	at java.util.concurrent.RecursiveAction.exec(RecursiveAction.java:189)
	at java.util.concurrent.ForkJoinTask.doExec(ForkJoinTask.java:289)
	at java.util.concurrent.ForkJoinTask.externalAwaitDone(ForkJoinTask.java:326)
	at java.util.concurrent.ForkJoinTask.doJoin(ForkJoinTask.java:391)
	at java.util.concurrent.ForkJoinTask.invokeAll(ForkJoinTask.java:761)
	at edu.coursera.parallel.ReciprocalArraySum$ReciprocalArraySumTask.compute(ReciprocalArraySum.java:141)
	at java.util.concurrent.RecursiveAction.exec(RecursiveAction.java:189)
	at java.util.concurrent.ForkJoinTask.doExec(ForkJoinTask.java:289)
	at java.util.concurrent.ForkJoinTask.externalAwaitDone(ForkJoinTask.java:326)
	at java.util.concurrent.ForkJoinTask.doJoin(ForkJoinTask.java:391)
	at java.util.concurrent.ForkJoinTask.invokeAll(ForkJoinTask.java:761)
	at edu.coursera.parallel.ReciprocalArraySum$ReciprocalArraySumTask.compute(ReciprocalArraySum.java:141)
	at java.util.concurrent.RecursiveAction.exec(RecursiveAction.java:189)
	at java.util.concurrent.ForkJoinTask.doExec(ForkJoinTask.java:289)
	at java.util.concurrent.ForkJoinTask.externalAwaitDone(ForkJoinTask.java:326)
	at java.util.concurrent.ForkJoinTask.doJoin(ForkJoinTask.java:391)
	at java.util.concurrent.ForkJoinTask.invokeAll(ForkJoinTask.java:761)
	at edu.coursera.parallel.ReciprocalArraySum$ReciprocalArraySumTask.compute(ReciprocalArraySum.java:141)
	at java.util.concurrent.RecursiveAction.exec(RecursiveAction.java:189)
	at java.util.concurrent.ForkJoinTask.doExec(ForkJoinTask.java:289)
	at java.util.concurrent.ForkJoinTask.externalAwaitDone(ForkJoinTask.java:326)
	at java.util.concurrent.ForkJoinTask.doJoin(ForkJoinTask.java:391)
	at java.util.concurrent.ForkJoinTask.invokeAll(ForkJoinTask.java:761)
	at edu.coursera.parallel.ReciprocalArraySum$ReciprocalArraySumTask.compute(ReciprocalArraySum.java:141)
	at java.util.concurrent.RecursiveAction.exec(RecursiveAction.java:189)
	at java.util.concurrent.ForkJoinTask.doExec(ForkJoinTask.java:289)
	at java.util.concurrent.ForkJoinTask.externalAwaitDone(ForkJoinTask.java:326)
	at java.util.concurrent.ForkJoinTask.doJoin(ForkJoinTask.java:391)
	at java.util.concurrent.ForkJoinTask.invokeAll(ForkJoinTask.java:761)
	at edu.coursera.parallel.ReciprocalArraySum$ReciprocalArraySumTask.compute(ReciprocalArraySum.java:141)
	at java.util.concurrent.RecursiveAction.exec(RecursiveAction.java:189)
	at java.util.concurrent.ForkJoinTask.doExec(ForkJoinTask.java:289)
	at java.util.concurrent.ForkJoinTask.externalAwaitDone(ForkJoinTask.java:326)
	at java.util.concurrent.ForkJoinTask.doJoin(ForkJoinTask.java:391)
	at java.util.concurrent.ForkJoinTask.invokeAll(ForkJoinTask.java:761)
	at edu.coursera.parallel.ReciprocalArraySum$ReciprocalArraySumTask.compute(ReciprocalArraySum.java:141)
	at java.util.concurrent.RecursiveAction.exec(RecursiveAction.java:189)
	at java.util.concurrent.ForkJoinTask.doExec(ForkJoinTask.java:289)
	at java.util.concurrent.ForkJoinTask.externalAwaitDone(ForkJoinTask.java:326)
	at java.util.concurrent.ForkJoinTask.doJoin(ForkJoinTask.java:391)
	at java.util.concurrent.ForkJoinTask.invokeAll(ForkJoinTask.java:761)
	at edu.coursera.parallel.ReciprocalArraySum$ReciprocalArraySumTask.compute(ReciprocalArraySum.java:141)
	at java.util.concurrent.RecursiveAction.exec(RecursiveAction.java:189)
	at java.util.concurrent.ForkJoinTask.doExec(ForkJoinTask.java:289)
	at java.util.concurrent.ForkJoinTask.externalAwaitDone(ForkJoinTask.java:326)
	at java.util.concurrent.ForkJoinTask.doJoin(ForkJoinTask.java:391)
	at java.util.concurrent.ForkJoinTask.invokeAll(ForkJoinTask.java:761)
	at edu.coursera.parallel.ReciprocalArraySum$ReciprocalArraySumTask.compute(ReciprocalArraySum.java:141)
	at java.util.concurrent.RecursiveAction.exec(RecursiveAction.java:189)
	at java.util.concurrent.ForkJoinTask.doExec(ForkJoinTask.java:289)
	at java.util.concurrent.ForkJoinTask.externalAwaitDone(ForkJoinTask.java:326)
	at java.util.concurrent.ForkJoinTask.doJoin(ForkJoinTask.java:391)
	at java.util.concurrent.ForkJoinTask.invokeAll(ForkJoinTask.java:761)
	at edu.coursera.parallel.ReciprocalArraySum$ReciprocalArraySumTask.compute(ReciprocalArraySum.java:141)
	at java.util.concurrent.RecursiveAction.exec(RecursiveAction.java:189)
	at java.util.concurrent.ForkJoinTask.doExec(ForkJoinTask.java:289)
	at java.util.concurrent.ForkJoinTask.externalAwaitDone(ForkJoinTask.java:326)
	at java.util.concurrent.ForkJoinTask.doJoin(ForkJoinTask.java:391)
	at java.util.concurrent.ForkJoinTask.invokeAll(ForkJoinTask.java:761)
	at edu.coursera.parallel.ReciprocalArraySum$ReciprocalArraySumTask.compute(ReciprocalArraySum.java:141)
	at java.util.concurrent.RecursiveAction.exec(RecursiveAction.java:189)
	at java.util.concurrent.ForkJoinTask.doExec(ForkJoinTask.java:289)
	at java.util.concurrent.ForkJoinTask.externalAwaitDone(ForkJoinTask.java:326)
	at java.util.concurrent.ForkJoinTask.doJoin(ForkJoinTask.java:391)
	at java.util.concurrent.ForkJoinTask.invokeAll(ForkJoinTask.java:761)
	at edu.coursera.parallel.ReciprocalArraySum$ReciprocalArraySumTask.compute(ReciprocalArraySum.java:141)
	at java.util.concurrent.RecursiveAction.exec(RecursiveAction.java:189)
	at java.util.concurrent.ForkJoinTask.doExec(ForkJoinTask.java:289)
	at java.util.concurrent.ForkJoinTask.externalAwaitDone(ForkJoinTask.java:326)
	at java.util.concurrent.ForkJoinTask.doJoin(ForkJoinTask.java:391)
	at java.util.concurrent.ForkJoinTask.invokeAll(ForkJoinTask.java:761)
	at edu.coursera.parallel.ReciprocalArraySum$ReciprocalArraySumTask.compute(ReciprocalArraySum.java:141)
	at java.util.concurrent.RecursiveAction.exec(RecursiveAction.java:189)
	at java.util.concurrent.ForkJoinTask.doExec(ForkJoinTask.java:289)
	at java.util.concurrent.ForkJoinTask.externalAwaitDone(ForkJoinTask.java:326)
	at java.util.concurrent.ForkJoinTask.doJoin(ForkJoinTask.java:391)
	at java.util.concurrent.ForkJoinTask.invokeAll(ForkJoinTask.java:761)
	at edu.coursera.parallel.ReciprocalArraySum$ReciprocalArraySumTask.compute(ReciprocalArraySum.java:141)
	at java.util.concurrent.RecursiveAction.exec(RecursiveAction.java:189)
	at java.util.concurrent.ForkJoinTask.doExec(ForkJoinTask.java:289)
	at java.util.concurrent.ForkJoinTask.externalAwaitDone(ForkJoinTask.java:326)
	at java.util.concurrent.ForkJoinTask.doJoin(ForkJoinTask.java:391)
	at java.util.concurrent.ForkJoinTask.invokeAll(ForkJoinTask.java:761)
	at edu.coursera.parallel.ReciprocalArraySum$ReciprocalArraySumTask.compute(ReciprocalArraySum.java:141)
	at java.util.concurrent.RecursiveAction.exec(RecursiveAction.java:189)
	at java.util.concurrent.ForkJoinTask.doExec(ForkJoinTask.java:289)
	at java.util.concurrent.ForkJoinTask.externalAwaitDone(ForkJoinTask.java:326)
	at java.util.concurrent.ForkJoinTask.doJoin(ForkJoinTask.java:391)
	at java.util.concurrent.ForkJoinTask.invokeAll(ForkJoinTask.java:761)
	at edu.coursera.parallel.ReciprocalArraySum$ReciprocalArraySumTask.compute(ReciprocalArraySum.java:141)
	at java.util.concurrent.RecursiveAction.exec(RecursiveAction.java:189)
	at java.util.concurrent.ForkJoinTask.doExec(ForkJoinTask.java:289)
	at java.util.concurrent.ForkJoinTask.externalAwaitDone(ForkJoinTask.java:326)
	at java.util.concurrent.ForkJoinTask.doJoin(ForkJoinTask.java:391)
	at java.util.concurrent.ForkJoinTask.invokeAll(ForkJoinTask.java:761)
	at edu.coursera.parallel.ReciprocalArraySum$ReciprocalArraySumTask.compute(ReciprocalArraySum.java:141)
	at java.util.concurrent.RecursiveAction.exec(RecursiveAction.java:189)
	at java.util.concurrent.ForkJoinTask.doExec(ForkJoinTask.java:289)
	at java.util.concurrent.ForkJoinTask.externalAwaitDone(ForkJoinTask.java:326)
	at java.util.concurrent.ForkJoinTask.doJoin(ForkJoinTask.java:391)
	at java.util.concurrent.ForkJoinTask.invokeAll(ForkJoinTask.java:761)
	at edu.coursera.parallel.ReciprocalArraySum$ReciprocalArraySumTask.compute(ReciprocalArraySum.java:141)
	at java.util.concurrent.RecursiveAction.exec(RecursiveAction.java:189)
	at java.util.concurrent.ForkJoinTask.doExec(ForkJoinTask.java:289)
	at java.util.concurrent.ForkJoinTask.externalAwaitDone(ForkJoinTask.java:326)
	at java.util.concurrent.ForkJoinTask.doJoin(ForkJoinTask.java:391)
	at java.util.concurrent.ForkJoinTask.invokeAll(ForkJoinTask.java:761)
	at edu.coursera.parallel.ReciprocalArraySum$ReciprocalArraySumTask.compute(ReciprocalArraySum.java:141)
	at java.util.concurrent.RecursiveAction.exec(RecursiveAction.java:189)
	at java.util.concurrent.ForkJoinTask.doExec(ForkJoinTask.java:289)
	at java.util.concurrent.ForkJoinTask.externalAwaitDone(ForkJoinTask.java:326)
	at java.util.concurrent.ForkJoinTask.doJoin(ForkJoinTask.java:391)
	at java.util.concurrent.ForkJoinTask.invokeAll(ForkJoinTask.java:761)
	at edu.coursera.parallel.ReciprocalArraySum$ReciprocalArraySumTask.compute(ReciprocalArraySum.java:141)
	at java.util.concurrent.RecursiveAction.exec(RecursiveAction.java:189)
	at java.util.concurrent.ForkJoinTask.doExec(ForkJoinTask.java:289)
	at java.util.concurrent.ForkJoinTask.externalAwaitDone(ForkJoinTask.java:326)
	at java.util.concurrent.ForkJoinTask.doJoin(ForkJoinTask.java:391)
	at java.util.concurrent.ForkJoinTask.invokeAll(ForkJoinTask.java:761)
	at edu.coursera.parallel.ReciprocalArraySum$ReciprocalArraySumTask.compute(ReciprocalArraySum.java:141)
	at java.util.concurrent.RecursiveAction.exec(RecursiveAction.java:189)
	at java.util.concurrent.ForkJoinTask.doExec(ForkJoinTask.java:289)
	at java.util.concurrent.ForkJoinTask.externalAwaitDone(ForkJoinTask.java:326)
	at java.util.concurrent.ForkJoinTask.doJoin(ForkJoinTask.java:391)
	at java.util.concurrent.ForkJoinTask.invokeAll(ForkJoinTask.java:761)
	at edu.coursera.parallel.ReciprocalArraySum$ReciprocalArraySumTask.compute(ReciprocalArraySum.java:141)
	at java.util.concurrent.RecursiveAction.exec(RecursiveAction.java:189)
	at java.util.concurrent.ForkJoinTask.doExec(ForkJoinTask.java:289)
	at java.util.concurrent.ForkJoinTask.externalAwaitDone(ForkJoinTask.java:326)
	at java.util.concurrent.ForkJoinTask.doJoin(ForkJoinTask.java:391)
	at java.util.concurrent.ForkJoinTask.invokeAll(ForkJoinTask.java:761)
	at edu.coursera.parallel.ReciprocalArraySum$ReciprocalArraySumTask.compute(ReciprocalArraySum.java:141)
	at java.util.concurrent.RecursiveAction.exec(RecursiveAction.java:189)
	at java.util.concurrent.ForkJoinTask.doExec(ForkJoinTask.java:289)
	at java.util.concurrent.ForkJoinTask.externalAwaitDone(ForkJoinTask.java:326)
	at java.util.concurrent.ForkJoinTask.doJoin(ForkJoinTask.java:391)
	at java.util.concurrent.ForkJoinTask.invokeAll(ForkJoinTask.java:761)
	at edu.coursera.parallel.ReciprocalArraySum$ReciprocalArraySumTask.compute(ReciprocalArraySum.java:141)
	at java.util.concurrent.RecursiveAction.exec(RecursiveAction.java:189)
	at java.util.concurrent.ForkJoinTask.doExec(ForkJoinTask.java:289)
	at java.util.concurrent.ForkJoinTask.externalAwaitDone(ForkJoinTask.java:326)
	at java.util.concurrent.ForkJoinTask.doJoin(ForkJoinTask.java:391)
	at java.util.concurrent.ForkJoinTask.invokeAll(ForkJoinTask.java:761)
	at edu.coursera.parallel.ReciprocalArraySum$ReciprocalArraySumTask.compute(ReciprocalArraySum.java:141)
	at java.util.concurrent.RecursiveAction.exec(RecursiveAction.java:189)
	at java.util.concurrent.ForkJoinTask.doExec(ForkJoinTask.java:289)
	at java.util.concurrent.ForkJoinTask.externalAwaitDone(ForkJoinTask.java:326)
	at java.util.concurrent.ForkJoinTask.doJoin(ForkJoinTask.java:391)
	at java.util.concurrent.ForkJoinTask.invokeAll(ForkJoinTask.java:761)
	at edu.coursera.parallel.ReciprocalArraySum$ReciprocalArraySumTask.compute(ReciprocalArraySum.java:141)
	at java.util.concurrent.RecursiveAction.exec(RecursiveAction.java:189)
	at java.util.concurrent.ForkJoinTask.doExec(ForkJoinTask.java:289)
	at java.util.concurrent.ForkJoinTask.externalAwaitDone(ForkJoinTask.java:326)
	at java.util.concurrent.ForkJoinTask.doJoin(ForkJoinTask.java:391)
	at java.util.concurrent.ForkJoinTask.invokeAll(ForkJoinTask.java:761)
	at edu.coursera.parallel.ReciprocalArraySum$ReciprocalArraySumTask.compute(ReciprocalArraySum.java:141)
	at java.util.concurrent.RecursiveAction.exec(RecursiveAction.java:189)
	at java.util.concurrent.ForkJoinTask.doExec(ForkJoinTask.java:289)
	at java.util.concurrent.ForkJoinTask.externalAwaitDone(ForkJoinTask.java:326)
	at java.util.concurrent.ForkJoinTask.doJoin(ForkJoinTask.java:391)
	at java.util.concurrent.ForkJoinTask.invokeAll(ForkJoinTask.java:761)
	at edu.coursera.parallel.ReciprocalArraySum$ReciprocalArraySumTask.compute(ReciprocalArraySum.java:141)
	at java.util.concurrent.RecursiveAction.exec(RecursiveAction.java:189)
	at java.util.concurrent.ForkJoinTask.doExec(ForkJoinTask.java:289)
	at java.util.concurrent.ForkJoinTask.externalAwaitDone(ForkJoinTask.java:326)
	at java.util.concurrent.ForkJoinTask.doJoin(ForkJoinTask.java:391)
	at java.util.concurrent.ForkJoinTask.invokeAll(ForkJoinTask.java:761)
	at edu.coursera.parallel.ReciprocalArraySum$ReciprocalArraySumTask.compute(ReciprocalArraySum.java:141)
	at java.util.concurrent.RecursiveAction.exec(RecursiveAction.java:189)
	at java.util.concurrent.ForkJoinTask.doExec(ForkJoinTask.java:289)
	at java.util.concurrent.ForkJoinTask.externalAwaitDone(ForkJoinTask.java:326)
	at java.util.concurrent.ForkJoinTask.doJoin(ForkJoinTask.java:391)
	at java.util.concurrent.ForkJoinTask.invokeAll(ForkJoinTask.java:761)
	at edu.coursera.parallel.ReciprocalArraySum$ReciprocalArraySumTask.compute(ReciprocalArraySum.java:141)
	at java.util.concurrent.RecursiveAction.exec(RecursiveAction.java:189)
	at java.util.concurrent.ForkJoinTask.doExec(ForkJoinTask.java:289)
	at java.util.concurrent.ForkJoinTask.externalAwaitDone(ForkJoinTask.java:326)
	at java.util.concurrent.ForkJoinTask.doJoin(ForkJoinTask.java:391)
	at java.util.concurrent.ForkJoinTask.invokeAll(ForkJoinTask.java:761)
	at edu.coursera.parallel.ReciprocalArraySum$ReciprocalArraySumTask.compute(ReciprocalArraySum.java:141)
	at java.util.concurrent.RecursiveAction.exec(RecursiveAction.java:189)
	at java.util.concurrent.ForkJoinTask.doExec(ForkJoinTask.java:289)
	at java.util.concurrent.ForkJoinTask.externalAwaitDone(ForkJoinTask.java:326)
	at java.util.concurrent.ForkJoinTask.doJoin(ForkJoinTask.java:391)
	at java.util.concurrent.ForkJoinTask.invokeAll(ForkJoinTask.java:761)
	at edu.coursera.parallel.ReciprocalArraySum$ReciprocalArraySumTask.compute(ReciprocalArraySum.java:141)
	at java.util.concurrent.RecursiveAction.exec(RecursiveAction.java:189)
	at java.util.concurrent.ForkJoinTask.doExec(ForkJoinTask.java:289)
	at java.util.concurrent.ForkJoinTask.externalAwaitDone(ForkJoinTask.java:326)
	at java.util.concurrent.ForkJoinTask.doJoin(ForkJoinTask.java:391)
	at java.util.concurrent.ForkJoinTask.invokeAll(ForkJoinTask.java:761)
	at edu.coursera.parallel.ReciprocalArraySum$ReciprocalArraySumTask.compute(ReciprocalArraySum.java:141)
	at java.util.concurrent.RecursiveAction.exec(RecursiveAction.java:189)
	at java.util.concurrent.ForkJoinTask.doExec(ForkJoinTask.java:289)
	at java.util.concurrent.ForkJoinTask.externalAwaitDone(ForkJoinTask.java:326)
	at java.util.concurrent.ForkJoinTask.doJoin(ForkJoinTask.java:391)
	at java.util.concurrent.ForkJoinTask.invokeAll(ForkJoinTask.java:761)
	at edu.coursera.parallel.ReciprocalArraySum$ReciprocalArraySumTask.compute(ReciprocalArraySum.java:141)
	at java.util.concurrent.RecursiveAction.exec(RecursiveAction.java:189)
	at java.util.concurrent.ForkJoinTask.doExec(ForkJoinTask.java:289)
	at java.util.concurrent.ForkJoinTask.externalAwaitDone(ForkJoinTask.java:326)
	at java.util.concurrent.ForkJoinTask.doJoin(ForkJoinTask.java:391)
	at java.util.concurrent.ForkJoinTask.invokeAll(ForkJoinTask.java:761)
	at edu.coursera.parallel.ReciprocalArraySum$ReciprocalArraySumTask.compute(ReciprocalArraySum.java:141)
	at java.util.concurrent.RecursiveAction.exec(RecursiveAction.java:189)
	at java.util.concurrent.ForkJoinTask.doExec(ForkJoinTask.java:289)
	at java.util.concurrent.ForkJoinTask.externalAwaitDone(ForkJoinTask.java:326)
	at java.util.concurrent.ForkJoinTask.doJoin(ForkJoinTask.java:391)
	at java.util.concurrent.ForkJoinTask.invokeAll(ForkJoinTask.java:761)
	at edu.coursera.parallel.ReciprocalArraySum$ReciprocalArraySumTask.compute(ReciprocalArraySum.java:141)
	at java.util.concurrent.RecursiveAction.exec(RecursiveAction.java:189)
	at java.util.concurrent.ForkJoinTask.doExec(ForkJoinTask.java:289)
	at java.util.concurrent.ForkJoinTask.externalAwaitDone(ForkJoinTask.java:326)
	at java.util.concurrent.ForkJoinTask.doJoin(ForkJoinTask.java:391)
	at java.util.concurrent.ForkJoinTask.invokeAll(ForkJoinTask.java:761)
	at edu.coursera.parallel.ReciprocalArraySum$ReciprocalArraySumTask.compute(ReciprocalArraySum.java:141)
	at java.util.concurrent.RecursiveAction.exec(RecursiveAction.java:189)
	at java.util.concurrent.ForkJoinTask.doExec(ForkJoinTask.java:289)
	at java.util.concurrent.ForkJoinTask.externalAwaitDone(ForkJoinTask.java:326)
	at java.util.concurrent.ForkJoinTask.doJoin(ForkJoinTask.java:391)
	at java.util.concurrent.ForkJoinTask.invokeAll(ForkJoinTask.java:761)
	at edu.coursera.parallel.ReciprocalArraySum$ReciprocalArraySumTask.compute(ReciprocalArraySum.java:141)
	at java.util.concurrent.RecursiveAction.exec(RecursiveAction.java:189)
	at java.util.concurrent.ForkJoinTask.doExec(ForkJoinTask.java:289)
	at java.util.concurrent.ForkJoinTask.externalAwaitDone(ForkJoinTask.java:326)
	at java.util.concurrent.ForkJoinTask.doJoin(ForkJoinTask.java:391)
	at java.util.concurrent.ForkJoinTask.invokeAll(ForkJoinTask.java:761)
	at edu.coursera.parallel.ReciprocalArraySum$ReciprocalArraySumTask.compute(ReciprocalArraySum.java:141)
	at java.util.concurrent.RecursiveAction.exec(RecursiveAction.java:189)
	at java.util.concurrent.ForkJoinTask.doExec(ForkJoinTask.java:289)
	at java.util.concurrent.ForkJoinTask.externalAwaitDone(ForkJoinTask.java:326)
	at java.util.concurrent.ForkJoinTask.doJoin(ForkJoinTask.java:391)
	at java.util.concurrent.ForkJoinTask.invokeAll(ForkJoinTask.java:761)
	at edu.coursera.parallel.ReciprocalArraySum$ReciprocalArraySumTask.compute(ReciprocalArraySum.java:141)
	at java.util.concurrent.RecursiveAction.exec(RecursiveAction.java:189)
	at java.util.concurrent.ForkJoinTask.doExec(ForkJoinTask.java:289)
	at java.util.concurrent.ForkJoinTask.externalAwaitDone(ForkJoinTask.java:326)
	at java.util.concurrent.ForkJoinTask.doJoin(ForkJoinTask.java:391)
	at java.util.concurrent.ForkJoinTask.invokeAll(ForkJoinTask.java:761)
	at edu.coursera.parallel.ReciprocalArraySum$ReciprocalArraySumTask.compute(ReciprocalArraySum.java:141)
	at java.util.concurrent.RecursiveAction.exec(RecursiveAction.java:189)
	at java.util.concurrent.ForkJoinTask.doExec(ForkJoinTask.java:289)
	at java.util.concurrent.ForkJoinTask.externalAwaitDone(ForkJoinTask.java:326)
	at java.util.concurrent.ForkJoinTask.doJoin(ForkJoinTask.java:391)
	at java.util.concurrent.ForkJoinTask.invokeAll(ForkJoinTask.java:761)
	at edu.coursera.parallel.ReciprocalArraySum$ReciprocalArraySumTask.compute(ReciprocalArraySum.java:141)
	at java.util.concurrent.RecursiveAction.exec(RecursiveAction.java:189)
	at java.util.concurrent.ForkJoinTask.doExec(ForkJoinTask.java:289)
	at java.util.concurrent.ForkJoinTask.externalAwaitDone(ForkJoinTask.java:326)
	at java.util.concurrent.ForkJoinTask.doJoin(ForkJoinTask.java:391)
	at java.util.concurrent.ForkJoinTask.invokeAll(ForkJoinTask.java:761)
	at edu.coursera.parallel.ReciprocalArraySum$ReciprocalArraySumTask.compute(ReciprocalArraySum.java:141)
	at java.util.concurrent.RecursiveAction.exec(RecursiveAction.java:189)
	at java.util.concurrent.ForkJoinTask.doExec(ForkJoinTask.java:289)
	at java.util.concurrent.ForkJoinTask.externalAwaitDone(ForkJoinTask.java:326)
	at java.util.concurrent.ForkJoinTask.doJoin(ForkJoinTask.java:391)
	at java.util.concurrent.ForkJoinTask.invokeAll(ForkJoinTask.java:761)
	at edu.coursera.parallel.ReciprocalArraySum$ReciprocalArraySumTask.compute(ReciprocalArraySum.java:141)
	at java.util.concurrent.RecursiveAction.exec(RecursiveAction.java:189)
	at java.util.concurrent.ForkJoinTask.doExec(ForkJoinTask.java:289)
	at java.util.concurrent.ForkJoinTask.externalAwaitDone(ForkJoinTask.java:326)
	at java.util.concurrent.ForkJoinTask.doJoin(ForkJoinTask.java:391)
	at java.util.concurrent.ForkJoinTask.invokeAll(ForkJoinTask.java:761)
	at edu.coursera.parallel.ReciprocalArraySum$ReciprocalArraySumTask.compute(ReciprocalArraySum.java:141)
	at java.util.concurrent.RecursiveAction.exec(RecursiveAction.java:189)
	at java.util.concurrent.ForkJoinTask.doExec(ForkJoinTask.java:289)
	at java.util.concurrent.ForkJoinTask.externalAwaitDone(ForkJoinTask.java:326)
	at java.util.concurrent.ForkJoinTask.doJoin(ForkJoinTask.java:391)
	at java.util.concurrent.ForkJoinTask.invokeAll(ForkJoinTask.java:761)
	at edu.coursera.parallel.ReciprocalArraySum$ReciprocalArraySumTask.compute(ReciprocalArraySum.java:141)
	at java.util.concurrent.RecursiveAction.exec(RecursiveAction.java:189)
	at java.util.concurrent.ForkJoinTask.doExec(ForkJoinTask.java:289)
	at java.util.concurrent.ForkJoinTask.externalAwaitDone(ForkJoinTask.java:326)
	at java.util.concurrent.ForkJoinTask.doJoin(ForkJoinTask.java:391)
	at java.util.concurrent.ForkJoinTask.invokeAll(ForkJoinTask.java:761)
	at edu.coursera.parallel.ReciprocalArraySum$ReciprocalArraySumTask.compute(ReciprocalArraySum.java:141)
	at java.util.concurrent.RecursiveAction.exec(RecursiveAction.java:189)
	at java.util.concurrent.ForkJoinTask.doExec(ForkJoinTask.java:289)
	at java.util.concurrent.ForkJoinTask.doInvoke(ForkJoinTask.java:401)
	at java.util.concurrent.ForkJoinTask.invokeAll(ForkJoinTask.java:759)
	at edu.coursera.parallel.ReciprocalArraySum$ReciprocalArraySumTask.compute(ReciprocalArraySum.java:141)
	at java.util.concurrent.RecursiveAction.exec(RecursiveAction.java:189)
	at java.util.concurrent.ForkJoinTask.doExec(ForkJoinTask.java:289)
	at java.util.concurrent.ForkJoinTask.doInvoke(ForkJoinTask.java:401)
	at java.util.concurrent.ForkJoinTask.invokeAll(ForkJoinTask.java:759)
	at edu.coursera.parallel.ReciprocalArraySum$ReciprocalArraySumTask.compute(ReciprocalArraySum.java:141)
	at java.util.concurrent.RecursiveAction.exec(RecursiveAction.java:189)
	at java.util.concurrent.ForkJoinTask.doExec(ForkJoinTask.java:289)
	at java.util.concurrent.ForkJoinTask.doInvoke(ForkJoinTask.java:401)
	at java.util.concurrent.ForkJoinTask.invokeAll(ForkJoinTask.java:759)
	at edu.coursera.parallel.ReciprocalArraySum$ReciprocalArraySumTask.compute(ReciprocalArraySum.java:141)
	at java.util.concurrent.RecursiveAction.exec(RecursiveAction.java:189)
	at java.util.concurrent.ForkJoinTask.doExec(ForkJoinTask.java:289)
	at java.util.concurrent.ForkJoinTask.doInvoke(ForkJoinTask.java:401)
	at java.util.concurrent.ForkJoinTask.invokeAll(ForkJoinTask.java:759)
	at edu.coursera.parallel.ReciprocalArraySum$ReciprocalArraySumTask.compute(ReciprocalArraySum.java:141)
	at java.util.concurrent.RecursiveAction.exec(RecursiveAction.java:189)
	at java.util.concurrent.ForkJoinTask.doExec(ForkJoinTask.java:289)
	at java.util.concurrent.ForkJoinTask.doInvoke(ForkJoinTask.java:401)
	at java.util.concurrent.ForkJoinTask.invokeAll(ForkJoinTask.java:759)
	at edu.coursera.parallel.ReciprocalArraySum$ReciprocalArraySumTask.compute(ReciprocalArraySum.java:141)
	at java.util.concurrent.RecursiveAction.exec(RecursiveAction.java:189)
	at java.util.concurrent.ForkJoinTask.doExec(ForkJoinTask.java:289)
	at java.util.concurrent.ForkJoinTask.doInvoke(ForkJoinTask.java:401)
	at java.util.concurrent.ForkJoinTask.invokeAll(ForkJoinTask.java:759)
	at edu.coursera.parallel.ReciprocalArraySum$ReciprocalArraySumTask.compute(ReciprocalArraySum.java:141)
	at java.util.concurrent.RecursiveAction.exec(RecursiveAction.java:189)
	at java.util.concurrent.ForkJoinTask.doExec(ForkJoinTask.java:289)
	at java.util.concurrent.ForkJoinTask.doInvoke(ForkJoinTask.java:401)
	at java.util.concurrent.ForkJoinTask.invokeAll(ForkJoinTask.java:759)
	at edu.coursera.parallel.ReciprocalArraySum$ReciprocalArraySumTask.compute(ReciprocalArraySum.java:141)
	at java.util.concurrent.RecursiveAction.exec(RecursiveAction.java:189)
	at java.util.concurrent.ForkJoinTask.doExec(ForkJoinTask.java:289)
	at java.util.concurrent.ForkJoinTask.doInvoke(ForkJoinTask.java:401)
	at java.util.concurrent.ForkJoinTask.invokeAll(ForkJoinTask.java:759)
	at edu.coursera.parallel.ReciprocalArraySum$ReciprocalArraySumTask.compute(ReciprocalArraySum.java:141)
	at java.util.concurrent.RecursiveAction.exec(RecursiveAction.java:189)
	at java.util.concurrent.ForkJoinTask.doExec(ForkJoinTask.java:289)
	at java.util.concurrent.ForkJoinTask.doInvoke(ForkJoinTask.java:401)
	at java.util.concurrent.ForkJoinTask.invokeAll(ForkJoinTask.java:759)
	at edu.coursera.parallel.ReciprocalArraySum$ReciprocalArraySumTask.compute(ReciprocalArraySum.java:141)
	at java.util.concurrent.RecursiveAction.exec(RecursiveAction.java:189)
	at java.util.concurrent.ForkJoinTask.doExec(ForkJoinTask.java:289)
	at java.util.concurrent.ForkJoinTask.doInvoke(ForkJoinTask.java:401)
	at java.util.concurrent.ForkJoinTask.invokeAll(ForkJoinTask.java:759)
	at edu.coursera.parallel.ReciprocalArraySum$ReciprocalArraySumTask.compute(ReciprocalArraySum.java:141)
	at java.util.concurrent.RecursiveAction.exec(RecursiveAction.java:189)
	at java.util.concurrent.ForkJoinTask.doExec(ForkJoinTask.java:289)
	at java.util.concurrent.ForkJoinTask.doInvoke(ForkJoinTask.java:401)
	at java.util.concurrent.ForkJoinTask.invokeAll(ForkJoinTask.java:759)
	at edu.coursera.parallel.ReciprocalArraySum$ReciprocalArraySumTask.compute(ReciprocalArraySum.java:141)
	at java.util.concurrent.RecursiveAction.exec(RecursiveAction.java:189)
	at java.util.concurrent.ForkJoinTask.doExec(ForkJoinTask.java:289)
	at java.util.concurrent.ForkJoinTask.doInvoke(ForkJoinTask.java:401)
	at java.util.concurrent.ForkJoinTask.invokeAll(ForkJoinTask.java:759)
	at edu.coursera.parallel.ReciprocalArraySum$ReciprocalArraySumTask.compute(ReciprocalArraySum.java:141)
	at java.util.concurrent.RecursiveAction.exec(RecursiveAction.java:189)
	at java.util.concurrent.ForkJoinTask.doExec(ForkJoinTask.java:289)
	at java.util.concurrent.ForkJoinTask.externalAwaitDone(ForkJoinTask.java:326)
	at java.util.concurrent.ForkJoinTask.doJoin(ForkJoinTask.java:391)
	at java.util.concurrent.ForkJoinTask.join(ForkJoinTask.java:719)
	at java.util.concurrent.ForkJoinPool.invoke(ForkJoinPool.java:2616)
	at edu.coursera.parallel.ReciprocalArraySum.parArraySum(ReciprocalArraySum.java:173)
[...]
	at java.util.concurrent.locks.ReentrantLock$NonfairSync.lock(ReentrantLock.java:209)
	at java.util.concurrent.locks.ReentrantLock.lock(ReentrantLock.java:285)
	at java.util.concurrent.ForkJoinTask.recordExceptionalCompletion(ForkJoinTask.java:464)
	at java.util.concurrent.ForkJoinTask.setExceptionalCompletion(ForkJoinTask.java:491)
	at java.util.concurrent.ForkJoinTask.doExec(ForkJoinTask.java:291)
	at java.util.concurrent.ForkJoinPool$WorkQueue.execLocalTasks(ForkJoinPool.java:1040)
	at java.util.concurrent.ForkJoinPool$WorkQueue.runTask(ForkJoinPool.java:1058)
	at java.util.concurrent.ForkJoinPool.runWorker(ForkJoinPool.java:1692)
	at java.util.concurrent.ForkJoinWorkerThread.run(ForkJoinWorkerThread.java:157)
Exception in thread "ForkJoinPool.commonPool-worker-1" java.lang.NoClassDefFoundError: Could not initialize class java.util.concurrent.locks.AbstractQueuedSynchronizer$Node
	at java.util.concurrent.locks.AbstractQueuedSynchronizer.acquire(AbstractQueuedSynchronizer.java:1198)
	at java.util.concurrent.locks.ReentrantLock$NonfairSync.lock(ReentrantLock.java:209)
	at java.util.concurrent.locks.ReentrantLock.lock(ReentrantLock.java:285)
	at java.util.concurrent.ForkJoinTask.recordExceptionalCompletion(ForkJoinTask.java:464)
	at java.util.concurrent.ForkJoinTask.setExceptionalCompletion(ForkJoinTask.java:491)
	at java.util.concurrent.ForkJoinTask.doExec(ForkJoinTask.java:291)
	at java.util.concurrent.ForkJoinPool$WorkQueue.runTask(ForkJoinPool.java:1056)
	at java.util.concurrent.ForkJoinPool.runWorker(ForkJoinPool.java:1692)
	at java.util.concurrent.ForkJoinWorkerThread.run(ForkJoinWorkerThread.java:157)
]]></system-err>
  </testcase>
  <testcase name="testParManyTaskOneMillion" classname="edu.coursera.parallel.ReciprocalArraySumTest" time="0.052">
    <error message="Could not initialize class java.util.concurrent.locks.AbstractQueuedSynchronizer$Node" type="java.lang.NoClassDefFoundError">java.lang.NoClassDefFoundError: Could not initialize class java.util.concurrent.locks.AbstractQueuedSynchronizer$Node
	at java.util.concurrent.locks.AbstractQueuedSynchronizer.acquire(AbstractQueuedSynchronizer.java:1198)
	at java.util.concurrent.locks.ReentrantLock$NonfairSync.lock(ReentrantLock.java:209)
	at java.util.concurrent.locks.ReentrantLock.lock(ReentrantLock.java:285)
	at java.util.concurrent.ForkJoinTask.recordExceptionalCompletion(ForkJoinTask.java:464)
	at java.util.concurrent.ForkJoinTask.setExceptionalCompletion(ForkJoinTask.java:491)
	at java.util.concurrent.ForkJoinTask.doExec(ForkJoinTask.java:291)
	at java.util.concurrent.ForkJoinTask.externalAwaitDone(ForkJoinTask.java:326)
	at java.util.concurrent.ForkJoinTask.doJoin(ForkJoinTask.java:391)
	at java.util.concurrent.ForkJoinTask.join(ForkJoinTask.java:719)
	at java.util.concurrent.ForkJoinPool.invoke(ForkJoinPool.java:2616)
	at edu.coursera.parallel.ReciprocalArraySum.parManyTaskArraySum(ReciprocalArraySum.java:203)
	at edu.coursera.parallel.ReciprocalArraySumTest.parTestHelper(ReciprocalArraySumTest.java:74)
	at edu.coursera.parallel.ReciprocalArraySumTest.testParManyTaskOneMillion(ReciprocalArraySumTest.java:140)
</error>
  </testcase>
  <testcase name="testParManyTaskOneHundredMillion" classname="edu.coursera.parallel.ReciprocalArraySumTest" time="2.863">
    <error message="Could not initialize class java.util.concurrent.locks.AbstractQueuedSynchronizer$Node" type="java.lang.NoClassDefFoundError">java.lang.NoClassDefFoundError: Could not initialize class java.util.concurrent.locks.AbstractQueuedSynchronizer$Node
	at java.util.concurrent.locks.AbstractQueuedSynchronizer.acquire(AbstractQueuedSynchronizer.java:1198)
	at java.util.concurrent.locks.ReentrantLock$NonfairSync.lock(ReentrantLock.java:209)
	at java.util.concurrent.locks.ReentrantLock.lock(ReentrantLock.java:285)
	at java.util.concurrent.ForkJoinTask.recordExceptionalCompletion(ForkJoinTask.java:464)
	at java.util.concurrent.ForkJoinTask.setExceptionalCompletion(ForkJoinTask.java:491)
	at java.util.concurrent.ForkJoinTask.doExec(ForkJoinTask.java:291)
	at java.util.concurrent.ForkJoinTask.externalAwaitDone(ForkJoinTask.java:326)
	at java.util.concurrent.ForkJoinTask.doJoin(ForkJoinTask.java:391)
	at java.util.concurrent.ForkJoinTask.join(ForkJoinTask.java:719)
	at java.util.concurrent.ForkJoinPool.invoke(ForkJoinPool.java:2616)
	at edu.coursera.parallel.ReciprocalArraySum.parManyTaskArraySum(ReciprocalArraySum.java:203)
	at edu.coursera.parallel.ReciprocalArraySumTest.parTestHelper(ReciprocalArraySumTest.java:74)
	at edu.coursera.parallel.ReciprocalArraySumTest.testParManyTaskOneHundredMillion(ReciprocalArraySumTest.java:151)
</error>
    <system-err><![CDATA[Exception in thread "ForkJoinPool.commonPool-worker-3" java.lang.NoClassDefFoundError: Could not initialize class java.util.concurrent.locks.AbstractQueuedSynchronizer$Node
	at java.util.concurrent.locks.AbstractQueuedSynchronizer.acquire(AbstractQueuedSynchronizer.java:1198)
	at java.util.concurrent.locks.ReentrantLock$NonfairSync.lock(ReentrantLock.java:209)
	at java.util.concurrent.locks.ReentrantLock.lock(ReentrantLock.java:285)
	at java.util.concurrent.ForkJoinTask.recordExceptionalCompletion(ForkJoinTask.java:464)
	at java.util.concurrent.ForkJoinTask.setExceptionalCompletion(ForkJoinTask.java:491)
	at java.util.concurrent.ForkJoinTask.doExec(ForkJoinTask.java:291)
	at java.util.concurrent.ForkJoinPool$WorkQueue.execLocalTasks(ForkJoinPool.java:1040)
	at java.util.concurrent.ForkJoinPool$WorkQueue.runTask(ForkJoinPool.java:1058)
	at java.util.concurrent.ForkJoinPool.runWorker(ForkJoinPool.java:1692)
	at java.util.concurrent.ForkJoinWorkerThread.run(ForkJoinWorkerThread.java:157)
Exception in thread "ForkJoinPool.commonPool-worker-0" java.lang.NoClassDefFoundError: Could not initialize class java.util.concurrent.locks.AbstractQueuedSynchronizer$Node
	at java.util.concurrent.locks.AbstractQueuedSynchronizer.acquire(AbstractQueuedSynchronizer.java:1198)
	at java.util.concurrent.locks.ReentrantLock$NonfairSync.lock(ReentrantLock.java:209)
	at java.util.concurrent.locks.ReentrantLock.lock(ReentrantLock.java:285)
	at java.util.concurrent.ForkJoinTask.recordExceptionalCompletion(ForkJoinTask.java:464)
	at java.util.concurrent.ForkJoinTask.setExceptionalCompletion(ForkJoinTask.java:491)
	at java.util.concurrent.ForkJoinTask.doExec(ForkJoinTask.java:291)
	at java.util.concurrent.ForkJoinPool$WorkQueue.execLocalTasks(ForkJoinPool.java:1040)
	at java.util.concurrent.ForkJoinPool$WorkQueue.runTask(ForkJoinPool.java:1058)
	at java.util.concurrent.ForkJoinPool.runWorker(ForkJoinPool.java:1692)
	at java.util.concurrent.ForkJoinWorkerThread.run(ForkJoinWorkerThread.java:157)
Exception in thread "ForkJoinPool.commonPool-worker-3" java.lang.NoClassDefFoundError: Could not initialize class java.util.concurrent.locks.AbstractQueuedSynchronizer$Node
	at java.util.concurrent.locks.AbstractQueuedSynchronizer.acquire(AbstractQueuedSynchronizer.java:1198)
	at java.util.concurrent.locks.ReentrantLock$NonfairSync.lock(ReentrantLock.java:209)
	at java.util.concurrent.locks.ReentrantLock.lock(ReentrantLock.java:285)
	at java.util.concurrent.ForkJoinTask.recordExceptionalCompletion(ForkJoinTask.java:464)
	at java.util.concurrent.ForkJoinTask.setExceptionalCompletion(ForkJoinTask.java:491)
	at java.util.concurrent.ForkJoinTask.doExec(ForkJoinTask.java:291)
	at java.util.concurrent.ForkJoinPool$WorkQueue.runTask(ForkJoinPool.java:1056)
	at java.util.concurrent.ForkJoinPool.runWorker(ForkJoinPool.java:1692)
	at java.util.concurrent.ForkJoinWorkerThread.run(ForkJoinWorkerThread.java:157)
Exception in thread "ForkJoinPool.commonPool-worker-1" java.lang.NoClassDefFoundError: Could not initialize class java.util.concurrent.locks.AbstractQueuedSynchronizer$Node
	at java.util.concurrent.locks.AbstractQueuedSynchronizer.acquire(AbstractQueuedSynchronizer.java:1198)
	at java.util.concurrent.locks.ReentrantLock$NonfairSync.lock(ReentrantLock.java:209)
	at java.util.concurrent.locks.ReentrantLock.lock(ReentrantLock.java:285)
	at java.util.concurrent.ForkJoinTask.recordExceptionalCompletion(ForkJoinTask.java:464)
	at java.util.concurrent.ForkJoinTask.setExceptionalCompletion(ForkJoinTask.java:491)
	at java.util.concurrent.ForkJoinTask.doExec(ForkJoinTask.java:291)
	at java.util.concurrent.ForkJoinPool$WorkQueue.runTask(ForkJoinPool.java:1056)
	at java.util.concurrent.ForkJoinPool.runWorker(ForkJoinPool.java:1692)
	at java.util.concurrent.ForkJoinWorkerThread.run(ForkJoinWorkerThread.java:157)
Exception in thread "ForkJoinPool.commonPool-worker-2" java.lang.NoClassDefFoundError: Could not initialize class java.util.concurrent.locks.AbstractQueuedSynchronizer$Node
	at java.util.concurrent.locks.AbstractQueuedSynchronizer.acquire(AbstractQueuedSynchronizer.java:1198)
	at java.util.concurrent.locks.ReentrantLock$NonfairSync.lock(ReentrantLock.java:209)
	at java.util.concurrent.locks.ReentrantLock.lock(ReentrantLock.java:285)
	at java.util.concurrent.ForkJoinTask.recordExceptionalCompletion(ForkJoinTask.java:464)
	at java.util.concurrent.ForkJoinTask.setExceptionalCompletion(ForkJoinTask.java:491)
	at java.util.concurrent.ForkJoinTask.doExec(ForkJoinTask.java:291)
	at java.util.concurrent.ForkJoinPool$WorkQueue.execLocalTasks(ForkJoinPool.java:1040)
	at java.util.concurrent.ForkJoinPool$WorkQueue.runTask(ForkJoinPool.java:1058)
	at java.util.concurrent.ForkJoinPool.runWorker(ForkJoinPool.java:1692)
	at java.util.concurrent.ForkJoinWorkerThread.run(ForkJoinWorkerThread.java:157)
Exception in thread "ForkJoinPool.commonPool-worker-2" java.lang.NoClassDefFoundError: Could not initialize class java.util.concurrent.locks.AbstractQueuedSynchronizer$Node
	at java.util.concurrent.locks.AbstractQueuedSynchronizer.acquire(AbstractQueuedSynchronizer.java:1198)
	at java.util.concurrent.locks.ReentrantLock$NonfairSync.lock(ReentrantLock.java:209)
	at java.util.concurrent.locks.ReentrantLock.lock(ReentrantLock.java:285)
	at java.util.concurrent.ForkJoinTask.recordExceptionalCompletion(ForkJoinTask.java:464)
	at java.util.concurrent.ForkJoinTask.setExceptionalCompletion(ForkJoinTask.java:491)
	at java.util.concurrent.ForkJoinTask.doExec(ForkJoinTask.java:291)
	at java.util.concurrent.ForkJoinPool$WorkQueue.execLocalTasks(ForkJoinPool.java:1040)
	at java.util.concurrent.ForkJoinPool$WorkQueue.runTask(ForkJoinPool.java:1058)
	at java.util.concurrent.ForkJoinPool.runWorker(ForkJoinPool.java:1692)
	at java.util.concurrent.ForkJoinWorkerThread.run(ForkJoinWorkerThread.java:157)
Exception in thread "ForkJoinPool.commonPool-worker-3" java.lang.NoClassDefFoundError: Could not initialize class java.util.concurrent.locks.AbstractQueuedSynchronizer$Node
	at java.util.concurrent.locks.AbstractQueuedSynchronizer.acquire(AbstractQueuedSynchronizer.java:1198)
	at java.util.concurrent.locks.ReentrantLock$NonfairSync.lock(ReentrantLock.java:209)
	at java.util.concurrent.locks.ReentrantLock.lock(ReentrantLock.java:285)
	at java.util.concurrent.ForkJoinTask.recordExceptionalCompletion(ForkJoinTask.java:464)
	at java.util.concurrent.ForkJoinTask.setExceptionalCompletion(ForkJoinTask.java:491)
	at java.util.concurrent.ForkJoinTask.doExec(ForkJoinTask.java:291)
	at java.util.concurrent.ForkJoinPool$WorkQueue.execLocalTasks(ForkJoinPool.java:1040)
	at java.util.concurrent.ForkJoinPool$WorkQueue.runTask(ForkJoinPool.java:1058)
	at java.util.concurrent.ForkJoinPool.runWorker(ForkJoinPool.java:1692)
	at java.util.concurrent.ForkJoinWorkerThread.run(ForkJoinWorkerThread.java:157)
Exception in thread "ForkJoinPool.commonPool-worker-1" java.lang.NoClassDefFoundError: Could not initialize class java.util.concurrent.locks.AbstractQueuedSynchronizer$Node
	at java.util.concurrent.locks.AbstractQueuedSynchronizer.acquire(AbstractQueuedSynchronizer.java:1198)
	at java.util.concurrent.locks.ReentrantLock$NonfairSync.lock(ReentrantLock.java:209)
	at java.util.concurrent.locks.ReentrantLock.lock(ReentrantLock.java:285)
	at java.util.concurrent.ForkJoinTask.recordExceptionalCompletion(ForkJoinTask.java:464)
	at java.util.concurrent.ForkJoinTask.setExceptionalCompletion(ForkJoinTask.java:491)
	at java.util.concurrent.ForkJoinTask.doExec(ForkJoinTask.java:291)
	at java.util.concurrent.ForkJoinPool$WorkQueue.runTask(ForkJoinPool.java:1056)
	at java.util.concurrent.ForkJoinPool.runWorker(ForkJoinPool.java:1692)
	at java.util.concurrent.ForkJoinWorkerThread.run(ForkJoinWorkerThread.java:157)
Exception in thread "ForkJoinPool.commonPool-worker-2" java.lang.NoClassDefFoundError: Could not initialize class java.util.concurrent.locks.AbstractQueuedSynchronizer$Node
	at java.util.concurrent.locks.AbstractQueuedSynchronizer.acquire(AbstractQueuedSynchronizer.java:1198)
	at java.util.concurrent.locks.ReentrantLock$NonfairSync.lock(ReentrantLock.java:209)
	at java.util.concurrent.locks.ReentrantLock.lock(ReentrantLock.java:285)
	at java.util.concurrent.ForkJoinTask.recordExceptionalCompletion(ForkJoinTask.java:464)
	at java.util.concurrent.ForkJoinTask.setExceptionalCompletion(ForkJoinTask.java:491)
	at java.util.concurrent.ForkJoinTask.doExec(ForkJoinTask.java:291)
	at java.util.concurrent.ForkJoinPool$WorkQueue.runTask(ForkJoinPool.java:1056)
	at java.util.concurrent.ForkJoinPool.runWorker(ForkJoinPool.java:1692)
	at java.util.concurrent.ForkJoinWorkerThread.run(ForkJoinWorkerThread.java:157)
Exception in thread "ForkJoinPool.commonPool-worker-0" java.lang.NoClassDefFoundError: Could not initialize class java.util.concurrent.locks.AbstractQueuedSynchronizer$Node
	at java.util.concurrent.locks.AbstractQueuedSynchronizer.acquire(AbstractQueuedSynchronizer.java:1198)
	at java.util.concurrent.locks.ReentrantLock$NonfairSync.lock(ReentrantLock.java:209)
	at java.util.concurrent.locks.ReentrantLock.lock(ReentrantLock.java:285)
	at java.util.concurrent.ForkJoinTask.recordExceptionalCompletion(ForkJoinTask.java:464)
	at java.util.concurrent.ForkJoinTask.setExceptionalCompletion(ForkJoinTask.java:491)
	at java.util.concurrent.ForkJoinTask.doExec(ForkJoinTask.java:291)
	at java.util.concurrent.ForkJoinPool$WorkQueue.execLocalTasks(ForkJoinPool.java:1040)
	at java.util.concurrent.ForkJoinPool$WorkQueue.runTask(ForkJoinPool.java:1058)
	at java.util.concurrent.ForkJoinPool.runWorker(ForkJoinPool.java:1692)
	at java.util.concurrent.ForkJoinWorkerThread.run(ForkJoinWorkerThread.java:157)
Exception in thread "ForkJoinPool.commonPool-worker-3" java.lang.NoClassDefFoundError: Could not initialize class java.util.concurrent.locks.AbstractQueuedSynchronizer$Node
	at java.util.concurrent.locks.AbstractQueuedSynchronizer.acquire(AbstractQueuedSynchronizer.java:1198)
	at java.util.concurrent.locks.ReentrantLock$NonfairSync.lock(ReentrantLock.java:209)
	at java.util.concurrent.locks.ReentrantLock.lock(ReentrantLock.java:285)
	at java.util.concurrent.ForkJoinTask.recordExceptionalCompletion(ForkJoinTask.java:464)
	at java.util.concurrent.ForkJoinTask.setExceptionalCompletion(ForkJoinTask.java:491)
	at java.util.concurrent.ForkJoinTask.doExec(ForkJoinTask.java:291)
	at java.util.concurrent.ForkJoinPool$WorkQueue.runTask(ForkJoinPool.java:1056)
	at java.util.concurrent.ForkJoinPool.runWorker(ForkJoinPool.java:1692)
	at java.util.concurrent.ForkJoinWorkerThread.run(ForkJoinWorkerThread.java:157)
Exception in thread "ForkJoinPool.commonPool-worker-2" java.lang.NoClassDefFoundError: Could not initialize class java.util.concurrent.locks.AbstractQueuedSynchronizer$Node
	at java.util.concurrent.locks.AbstractQueuedSynchronizer.acquire(AbstractQueuedSynchronizer.java:1198)
	at java.util.concurrent.locks.ReentrantLock$NonfairSync.lock(ReentrantLock.java:209)
	at java.util.concurrent.locks.ReentrantLock.lock(ReentrantLock.java:285)
	at java.util.concurrent.ForkJoinTask.recordExceptionalCompletion(ForkJoinTask.java:464)
	at java.util.concurrent.ForkJoinTask.setExceptionalCompletion(ForkJoinTask.java:491)
	at java.util.concurrent.ForkJoinTask.doExec(ForkJoinTask.java:291)
	at java.util.concurrent.ForkJoinPool$WorkQueue.runTask(ForkJoinPool.java:1056)
	at java.util.concurrent.ForkJoinPool.runWorker(ForkJoinPool.java:1692)
	at java.util.concurrent.ForkJoinWorkerThread.run(ForkJoinWorkerThread.java:157)
Exception in thread "ForkJoinPool.commonPool-worker-1" java.lang.NoClassDefFoundError: Could not initialize class java.util.concurrent.locks.AbstractQueuedSynchronizer$Node
	at java.util.concurrent.locks.AbstractQueuedSynchronizer.acquire(AbstractQueuedSynchronizer.java:1198)
	at java.util.concurrent.locks.ReentrantLock$NonfairSync.lock(ReentrantLock.java:209)
	at java.util.concurrent.locks.ReentrantLock.lock(ReentrantLock.java:285)
	at java.util.concurrent.ForkJoinTask.recordExceptionalCompletion(ForkJoinTask.java:464)
	at java.util.concurrent.ForkJoinTask.setExceptionalCompletion(ForkJoinTask.java:491)
	at java.util.concurrent.ForkJoinTask.doExec(ForkJoinTask.java:291)
	at java.util.concurrent.ForkJoinPool$WorkQueue.runTask(ForkJoinPool.java:1056)
	at java.util.concurrent.ForkJoinPool.runWorker(ForkJoinPool.java:1692)
	at java.util.concurrent.ForkJoinWorkerThread.run(ForkJoinWorkerThread.java:157)
Exception in thread "ForkJoinPool.commonPool-worker-3" java.lang.NoClassDefFoundError: Could not initialize class java.util.concurrent.locks.AbstractQueuedSynchronizer$Node
	at java.util.concurrent.locks.AbstractQueuedSynchronizer.acquire(AbstractQueuedSynchronizer.java:1198)
	at java.util.concurrent.locks.ReentrantLock$NonfairSync.lock(ReentrantLock.java:209)
	at java.util.concurrent.locks.ReentrantLock.lock(ReentrantLock.java:285)
	at java.util.concurrent.ForkJoinTask.recordExceptionalCompletion(ForkJoinTask.java:464)
	at java.util.concurrent.ForkJoinTask.setExceptionalCompletion(ForkJoinTask.java:491)
	at java.util.concurrent.ForkJoinTask.doExec(ForkJoinTask.java:291)
	at java.util.concurrent.ForkJoinPool$WorkQueue.runTask(ForkJoinPool.java:1056)
	at java.util.concurrent.ForkJoinPool.runWorker(ForkJoinPool.java:1692)
	at java.util.concurrent.ForkJoinWorkerThread.run(ForkJoinWorkerThread.java:157)
Exception in thread "ForkJoinPool.commonPool-worker-0" java.lang.NoClassDefFoundError: Could not initialize class java.util.concurrent.locks.AbstractQueuedSynchronizer$Node
	at java.util.concurrent.locks.AbstractQueuedSynchronizer.acquire(AbstractQueuedSynchronizer.java:1198)
	at java.util.concurrent.locks.ReentrantLock$NonfairSync.lock(ReentrantLock.java:209)
	at java.util.concurrent.locks.ReentrantLock.lock(ReentrantLock.java:285)
	at java.util.concurrent.ForkJoinTask.recordExceptionalCompletion(ForkJoinTask.java:464)
	at java.util.concurrent.ForkJoinTask.setExceptionalCompletion(ForkJoinTask.java:491)
	at java.util.concurrent.ForkJoinTask.doExec(ForkJoinTask.java:291)
	at java.util.concurrent.ForkJoinPool$WorkQueue.execLocalTasks(ForkJoinPool.java:1040)
	at java.util.concurrent.ForkJoinPool$WorkQueue.runTask(ForkJoinPool.java:1058)
	at java.util.concurrent.ForkJoinPool.runWorker(ForkJoinPool.java:1692)
	at java.util.concurrent.ForkJoinWorkerThread.run(ForkJoinWorkerThread.java:157)
Exception in thread "ForkJoinPool.commonPool-worker-1" java.lang.NoClassDefFoundError: Could not initialize class java.util.concurrent.locks.AbstractQueuedSynchronizer$Node
	at java.util.concurrent.locks.AbstractQueuedSynchronizer.acquire(AbstractQueuedSynchronizer.java:1198)
	at java.util.concurrent.locks.ReentrantLock$NonfairSync.lock(ReentrantLock.java:209)
	at java.util.concurrent.locks.ReentrantLock.lock(ReentrantLock.java:285)
	at java.util.concurrent.ForkJoinTask.recordExceptionalCompletion(ForkJoinTask.java:464)
	at java.util.concurrent.ForkJoinTask.setExceptionalCompletion(ForkJoinTask.java:491)
	at java.util.concurrent.ForkJoinTask.doExec(ForkJoinTask.java:291)
	at java.util.concurrent.ForkJoinPool$WorkQueue.runTask(ForkJoinPool.java:1056)
	at java.util.concurrent.ForkJoinPool.runWorker(ForkJoinPool.java:1692)
	at java.util.concurrent.ForkJoinWorkerThread.run(ForkJoinWorkerThread.java:157)
]]></system-err>
  </testcase>
</testsuite>